[ 2016-08-02T12:00:14+08:00 ] ::1 /eduadmin/
INFO: [ app_init ] --START--
INFO: Run Behavior\BuildLiteBehavior [ RunTime:0.000478s ]
INFO: [ app_init ] --END-- [ RunTime:0.024622s ]
INFO: [ app_begin ] --START--
INFO: Run Behavior\ReadHtmlCacheBehavior [ RunTime:0.016757s ]
INFO: [ app_begin ] --END-- [ RunTime:0.019234s ]
INFO: [ app_end ] --START--
INFO: Run Behavior\ShowPageTraceBehavior [ RunTime:0.015794s ]
INFO: [ app_end ] --END-- [ RunTime:0.018149s ]

[ 2016-08-02T12:00:14+08:00 ] ::1 /eduadmin/index.php/Home/Index/login.html
INFO: [ app_init ] --START--
INFO: Run Behavior\BuildLiteBehavior [ RunTime:0.000500s ]
INFO: [ app_init ] --END-- [ RunTime:0.004490s ]
INFO: [ app_begin ] --START--
INFO: Run Behavior\ReadHtmlCacheBehavior [ RunTime:0.003494s ]
INFO: [ app_begin ] --END-- [ RunTime:0.005891s ]
INFO: [ view_parse ] --START--
INFO: [ template_filter ] --START--
INFO: Run Behavior\ContentReplaceBehavior [ RunTime:0.016233s ]
INFO: [ template_filter ] --END-- [ RunTime:0.019309s ]
INFO: Run Behavior\ParseTemplateBehavior [ RunTime:0.132248s ]
INFO: [ view_parse ] --END-- [ RunTime:0.134697s ]
INFO: [ view_filter ] --START--
INFO: Run Behavior\WriteHtmlCacheBehavior [ RunTime:0.009472s ]
INFO: [ view_filter ] --END-- [ RunTime:0.011935s ]
INFO: [ app_end ] --START--
INFO: Run Behavior\ShowPageTraceBehavior [ RunTime:0.003687s ]
INFO: [ app_end ] --END-- [ RunTime:0.006479s ]

[ 2016-08-02T12:01:33+08:00 ] ::1 /eduadmin/index.php/Home/Index/check_login
INFO: [ app_init ] --START--
INFO: Run Behavior\BuildLiteBehavior [ RunTime:0.000638s ]
INFO: [ app_init ] --END-- [ RunTime:0.011961s ]
INFO: [ app_begin ] --START--
INFO: Run Behavior\ReadHtmlCacheBehavior [ RunTime:0.003666s ]
INFO: [ app_begin ] --END-- [ RunTime:0.006273s ]
NOTIC: [8] A session had already been started - ignoring session_start() C:\xampp\htdocs\eduadmin\Application\Home\Controller\IndexController.class.php 第 17 行.
SQL: SHOW COLUMNS FROM `info_user` [ RunTime:0.0866s ]
SQL: SELECT * FROM `info_user` WHERE `user_id` = 1 LIMIT 1   [ RunTime:0.0371s ]
INFO: [ view_parse ] --START--
INFO: [ template_filter ] --START--
INFO: Run Behavior\ContentReplaceBehavior [ RunTime:0.001051s ]
INFO: [ template_filter ] --END-- [ RunTime:0.003427s ]
INFO: Run Behavior\ParseTemplateBehavior [ RunTime:0.078387s ]
INFO: [ view_parse ] --END-- [ RunTime:0.080901s ]
INFO: [ view_filter ] --START--
INFO: Run Behavior\WriteHtmlCacheBehavior [ RunTime:0.002827s ]
INFO: [ view_filter ] --END-- [ RunTime:0.005160s ]
INFO: [ app_end ] --START--
INFO: Run Behavior\ShowPageTraceBehavior [ RunTime:0.004495s ]
INFO: [ app_end ] --END-- [ RunTime:0.007370s ]

[ 2016-08-02T12:01:35+08:00 ] ::1 /eduadmin/index.php/Home/Index/student.html
INFO: [ app_init ] --START--
INFO: Run Behavior\BuildLiteBehavior [ RunTime:0.000590s ]
INFO: [ app_init ] --END-- [ RunTime:0.005158s ]
INFO: [ app_begin ] --START--
INFO: Run Behavior\ReadHtmlCacheBehavior [ RunTime:0.003399s ]
INFO: [ app_begin ] --END-- [ RunTime:0.006010s ]
NOTIC: [8] A session had already been started - ignoring session_start() C:\xampp\htdocs\eduadmin\Application\Home\Controller\IndexController.class.php 第 50 行.
SQL: SHOW COLUMNS FROM `info_user` [ RunTime:0.0117s ]
SQL: SELECT * FROM `info_user` WHERE `user_id` = 1 LIMIT 1   [ RunTime:0.0016s ]
NOTIC: [8] A session had already been started - ignoring session_start() C:\xampp\htdocs\eduadmin\Application\Home\Controller\IndexController.class.php 第 71 行.
NOTIC: [8] Undefined variable: conditon C:\xampp\htdocs\eduadmin\Application\Home\Controller\IndexController.class.php 第 74 行.
SQL: SELECT * FROM `info_user` LIMIT 1   [ RunTime:0.0012s ]
NOTIC: [8] Undefined index: name C:\xampp\htdocs\eduadmin\Application\Home\Controller\IndexController.class.php 第 75 行.
INFO: [ view_parse ] --START--
INFO: [ template_filter ] --START--
INFO: Run Behavior\ContentReplaceBehavior [ RunTime:0.001566s ]
INFO: [ template_filter ] --END-- [ RunTime:0.003950s ]
NOTIC: [8] Undefined variable: date C:\xampp\htdocs\eduadmin\Application\Runtime\Cache\Home\81ff9fdd127e4f55be5a6c725b998cff.php 第 13 行.
INFO: Run Behavior\ParseTemplateBehavior [ RunTime:0.066737s ]
INFO: [ view_parse ] --END-- [ RunTime:0.069162s ]
INFO: [ view_filter ] --START--
INFO: Run Behavior\WriteHtmlCacheBehavior [ RunTime:0.002716s ]
INFO: [ view_filter ] --END-- [ RunTime:0.005124s ]
INFO: [ app_end ] --START--
INFO: Run Behavior\ShowPageTraceBehavior [ RunTime:0.003645s ]
INFO: [ app_end ] --END-- [ RunTime:0.006134s ]

[ 2016-08-02T12:01:35+08:00 ] ::1 /eduadmin/index.php/Home/Index/student_page
INFO: [ app_init ] --START--
INFO: Run Behavior\BuildLiteBehavior [ RunTime:0.000493s ]
INFO: [ app_init ] --END-- [ RunTime:0.009697s ]
INFO: [ app_begin ] --START--
INFO: Run Behavior\ReadHtmlCacheBehavior [ RunTime:0.005485s ]
INFO: [ app_begin ] --END-- [ RunTime:0.009167s ]
NOTIC: [8] A session had already been started - ignoring session_start() C:\xampp\htdocs\eduadmin\Application\Home\Controller\IndexController.class.php 第 50 行.
SQL: SHOW COLUMNS FROM `info_user` [ RunTime:0.0101s ]
SQL: SELECT * FROM `info_user` WHERE `user_id` = 1 LIMIT 1   [ RunTime:0.0013s ]
INFO: [ view_parse ] --START--
INFO: [ template_filter ] --START--
INFO: Run Behavior\ContentReplaceBehavior [ RunTime:0.001483s ]
INFO: [ template_filter ] --END-- [ RunTime:0.004277s ]
INFO: Run Behavior\ParseTemplateBehavior [ RunTime:0.071696s ]
INFO: [ view_parse ] --END-- [ RunTime:0.075415s ]
INFO: [ view_filter ] --START--
INFO: Run Behavior\WriteHtmlCacheBehavior [ RunTime:0.003301s ]
INFO: [ view_filter ] --END-- [ RunTime:0.005652s ]
INFO: [ app_end ] --START--
INFO: Run Behavior\ShowPageTraceBehavior [ RunTime:0.003589s ]
INFO: [ app_end ] --END-- [ RunTime:0.006070s ]

[ 2016-08-02T12:01:41+08:00 ] ::1 /eduadmin/index.php/Home/Index/manageCourse
INFO: [ app_init ] --START--
INFO: Run Behavior\BuildLiteBehavior [ RunTime:0.000539s ]
INFO: [ app_init ] --END-- [ RunTime:0.004712s ]
INFO: [ app_begin ] --START--
INFO: Run Behavior\ReadHtmlCacheBehavior [ RunTime:0.003679s ]
INFO: [ app_begin ] --END-- [ RunTime:0.006076s ]
NOTIC: [8] A session had already been started - ignoring session_start() C:\xampp\htdocs\eduadmin\Application\Home\Controller\IndexController.class.php 第 50 行.
SQL: SHOW COLUMNS FROM `info_user` [ RunTime:0.0103s ]
SQL: SELECT * FROM `info_user` WHERE `user_id` = 1 LIMIT 1   [ RunTime:0.0013s ]
NOTIC: [8] A session had already been started - ignoring session_start() C:\xampp\htdocs\eduadmin\Application\Home\Controller\IndexController.class.php 第 232 行.
SQL: SHOW COLUMNS FROM `info_course` [ RunTime:0.0390s ]
SQL: SELECT * FROM `info_course`  [ RunTime:0.0013s ]
INFO: [ view_parse ] --START--
INFO: [ template_filter ] --START--
INFO: Run Behavior\ContentReplaceBehavior [ RunTime:0.001125s ]
INFO: [ template_filter ] --END-- [ RunTime:0.004743s ]
NOTIC: [8] Undefined variable: pagestyle C:\xampp\htdocs\eduadmin\Application\Runtime\Cache\Home\e4473b82a3667de8f7e075ab6aa01e72.php 第 63 行.
NOTIC: [8] Undefined variable: page C:\xampp\htdocs\eduadmin\Application\Runtime\Cache\Home\e4473b82a3667de8f7e075ab6aa01e72.php 第 63 行.
INFO: Run Behavior\ParseTemplateBehavior [ RunTime:0.131307s ]
INFO: [ view_parse ] --END-- [ RunTime:0.133968s ]
INFO: [ view_filter ] --START--
INFO: Run Behavior\WriteHtmlCacheBehavior [ RunTime:0.002479s ]
INFO: [ view_filter ] --END-- [ RunTime:0.004785s ]
INFO: [ app_end ] --START--
INFO: Run Behavior\ShowPageTraceBehavior [ RunTime:0.003229s ]
INFO: [ app_end ] --END-- [ RunTime:0.005586s ]

[ 2016-08-02T12:01:44+08:00 ] ::1 /eduadmin/index.php/Home/Index/publishCourse
INFO: [ app_init ] --START--
INFO: Run Behavior\BuildLiteBehavior [ RunTime:0.000458s ]
INFO: [ app_init ] --END-- [ RunTime:0.004911s ]
INFO: [ app_begin ] --START--
INFO: Run Behavior\ReadHtmlCacheBehavior [ RunTime:0.003227s ]
INFO: [ app_begin ] --END-- [ RunTime:0.005657s ]
NOTIC: [8] A session had already been started - ignoring session_start() C:\xampp\htdocs\eduadmin\Application\Home\Controller\IndexController.class.php 第 50 行.
SQL: SHOW COLUMNS FROM `info_user` [ RunTime:0.0098s ]
SQL: SELECT * FROM `info_user` WHERE `user_id` = 1 LIMIT 1   [ RunTime:0.0016s ]
INFO: [ view_parse ] --START--
INFO: [ template_filter ] --START--
INFO: Run Behavior\ContentReplaceBehavior [ RunTime:0.001087s ]
INFO: [ template_filter ] --END-- [ RunTime:0.003559s ]
INFO: Run Behavior\ParseTemplateBehavior [ RunTime:0.057410s ]
INFO: [ view_parse ] --END-- [ RunTime:0.060302s ]
INFO: [ view_filter ] --START--
INFO: Run Behavior\WriteHtmlCacheBehavior [ RunTime:0.002803s ]
INFO: [ view_filter ] --END-- [ RunTime:0.005165s ]
INFO: [ app_end ] --START--
INFO: Run Behavior\ShowPageTraceBehavior [ RunTime:0.003316s ]
INFO: [ app_end ] --END-- [ RunTime:0.006320s ]

[ 2016-08-02T12:01:45+08:00 ] ::1 /eduadmin/index.php/Home/Index/listCourse
INFO: [ app_init ] --START--
INFO: Run Behavior\BuildLiteBehavior [ RunTime:0.000463s ]
INFO: [ app_init ] --END-- [ RunTime:0.004716s ]
INFO: [ app_begin ] --START--
INFO: Run Behavior\ReadHtmlCacheBehavior [ RunTime:0.003335s ]
INFO: [ app_begin ] --END-- [ RunTime:0.005690s ]
NOTIC: [8] A session had already been started - ignoring session_start() C:\xampp\htdocs\eduadmin\Application\Home\Controller\IndexController.class.php 第 50 行.
SQL: SHOW COLUMNS FROM `info_user` [ RunTime:0.0094s ]
SQL: SELECT * FROM `info_user` WHERE `user_id` = 1 LIMIT 1   [ RunTime:0.0017s ]
SQL: SHOW COLUMNS FROM `info_course` [ RunTime:0.0090s ]
SQL: SELECT COUNT(*) AS tp_count FROM `info_course` LIMIT 1   [ RunTime:0.0374s ]
SQL: SELECT * FROM `info_course` INNER JOIN info_User on info_course.teacher = info_user.user_id   [ RunTime:0.0021s ]
INFO: [ view_parse ] --START--
INFO: [ template_filter ] --START--
INFO: Run Behavior\ContentReplaceBehavior [ RunTime:0.001065s ]
INFO: [ template_filter ] --END-- [ RunTime:0.004110s ]
NOTIC: [8] Undefined variable: displaypage C:\xampp\htdocs\eduadmin\Application\Runtime\Cache\Home\2e2343a37a0a96ffec8cf628d376d3e2.php 第 64 行.
INFO: Run Behavior\ParseTemplateBehavior [ RunTime:0.101438s ]
INFO: [ view_parse ] --END-- [ RunTime:0.104422s ]
INFO: [ view_filter ] --START--
INFO: Run Behavior\WriteHtmlCacheBehavior [ RunTime:0.003452s ]
INFO: [ view_filter ] --END-- [ RunTime:0.007040s ]
INFO: [ app_end ] --START--
INFO: Run Behavior\ShowPageTraceBehavior [ RunTime:0.003271s ]
INFO: [ app_end ] --END-- [ RunTime:0.005750s ]

[ 2016-08-02T12:01:46+08:00 ] ::1 /eduadmin/index.php/Home/Index/selectedCourse
INFO: [ app_init ] --START--
INFO: Run Behavior\BuildLiteBehavior [ RunTime:0.000468s ]
INFO: [ app_init ] --END-- [ RunTime:0.005093s ]
INFO: [ app_begin ] --START--
INFO: Run Behavior\ReadHtmlCacheBehavior [ RunTime:0.003322s ]
INFO: [ app_begin ] --END-- [ RunTime:0.005838s ]
NOTIC: [8] A session had already been started - ignoring session_start() C:\xampp\htdocs\eduadmin\Application\Home\Controller\IndexController.class.php 第 50 行.
SQL: SHOW COLUMNS FROM `info_user` [ RunTime:0.0095s ]
SQL: SELECT * FROM `info_user` WHERE `user_id` = 1 LIMIT 1   [ RunTime:0.0013s ]
NOTIC: [8] A session had already been started - ignoring session_start() C:\xampp\htdocs\eduadmin\Application\Home\Controller\IndexController.class.php 第 175 行.
SQL: SHOW COLUMNS FROM `info_selected` [ RunTime:0.0381s ]
SQL: SELECT * FROM `info_selected` INNER JOIN info_Course on info_selected.course_id = info_course.course_id INNER JOIN info_User on info_course.teacher = info_user.user_id  WHERE ( info_user.user_id=1 )  [ RunTime:0.0202s ]
INFO: [ view_parse ] --START--
INFO: [ template_filter ] --START--
INFO: Run Behavior\ContentReplaceBehavior [ RunTime:0.001071s ]
INFO: [ template_filter ] --END-- [ RunTime:0.003402s ]
INFO: Run Behavior\ParseTemplateBehavior [ RunTime:0.089311s ]
INFO: [ view_parse ] --END-- [ RunTime:0.091777s ]
INFO: [ view_filter ] --START--
INFO: Run Behavior\WriteHtmlCacheBehavior [ RunTime:0.002866s ]
INFO: [ view_filter ] --END-- [ RunTime:0.005185s ]
INFO: [ app_end ] --START--
INFO: Run Behavior\ShowPageTraceBehavior [ RunTime:0.003222s ]
INFO: [ app_end ] --END-- [ RunTime:0.005529s ]

[ 2016-08-02T12:01:52+08:00 ] ::1 /eduadmin/index.php/Home/Index/student_page
INFO: [ app_init ] --START--
INFO: Run Behavior\BuildLiteBehavior [ RunTime:0.000472s ]
INFO: [ app_init ] --END-- [ RunTime:0.004776s ]
INFO: [ app_begin ] --START--
INFO: Run Behavior\ReadHtmlCacheBehavior [ RunTime:0.003553s ]
INFO: [ app_begin ] --END-- [ RunTime:0.006082s ]
NOTIC: [8] A session had already been started - ignoring session_start() C:\xampp\htdocs\eduadmin\Application\Home\Controller\IndexController.class.php 第 50 行.
SQL: SHOW COLUMNS FROM `info_user` [ RunTime:0.0091s ]
SQL: SELECT * FROM `info_user` WHERE `user_id` = 1 LIMIT 1   [ RunTime:0.0013s ]
INFO: [ view_parse ] --START--
INFO: [ template_filter ] --START--
INFO: Run Behavior\ContentReplaceBehavior [ RunTime:0.001058s ]
INFO: [ template_filter ] --END-- [ RunTime:0.003389s ]
INFO: Run Behavior\ParseTemplateBehavior [ RunTime:0.039052s ]
INFO: [ view_parse ] --END-- [ RunTime:0.041562s ]
INFO: [ view_filter ] --START--
INFO: Run Behavior\WriteHtmlCacheBehavior [ RunTime:0.002780s ]
INFO: [ view_filter ] --END-- [ RunTime:0.005473s ]
INFO: [ app_end ] --START--
INFO: Run Behavior\ShowPageTraceBehavior [ RunTime:0.003680s ]
INFO: [ app_end ] --END-- [ RunTime:0.006136s ]

[ 2016-08-02T12:03:20+08:00 ] ::1 /eduadmin/index.php/Home/Index/admin_exit
INFO: [ app_init ] --START--
INFO: Run Behavior\BuildLiteBehavior [ RunTime:0.000523s ]
INFO: [ app_init ] --END-- [ RunTime:0.004571s ]
INFO: [ app_begin ] --START--
INFO: Run Behavior\ReadHtmlCacheBehavior [ RunTime:0.004900s ]
INFO: [ app_begin ] --END-- [ RunTime:0.008074s ]
INFO: [ view_parse ] --START--
INFO: [ template_filter ] --START--
INFO: Run Behavior\ContentReplaceBehavior [ RunTime:0.001132s ]
INFO: [ template_filter ] --END-- [ RunTime:0.003470s ]
INFO: Run Behavior\ParseTemplateBehavior [ RunTime:0.057614s ]
INFO: [ view_parse ] --END-- [ RunTime:0.060145s ]
INFO: [ view_filter ] --START--
INFO: Run Behavior\WriteHtmlCacheBehavior [ RunTime:0.003367s ]
INFO: [ view_filter ] --END-- [ RunTime:0.005848s ]
INFO: [ app_end ] --START--
INFO: Run Behavior\ShowPageTraceBehavior [ RunTime:0.003845s ]
INFO: [ app_end ] --END-- [ RunTime:0.006473s ]

[ 2016-08-02T12:03:21+08:00 ] ::1 /eduadmin/index.php/Home/Index/login.html
INFO: [ app_init ] --START--
INFO: Run Behavior\BuildLiteBehavior [ RunTime:0.001000s ]
INFO: [ app_init ] --END-- [ RunTime:0.005366s ]
INFO: [ app_begin ] --START--
INFO: Run Behavior\ReadHtmlCacheBehavior [ RunTime:0.003642s ]
INFO: [ app_begin ] --END-- [ RunTime:0.006042s ]
INFO: [ view_parse ] --START--
INFO: [ template_filter ] --START--
INFO: Run Behavior\ContentReplaceBehavior [ RunTime:0.001292s ]
INFO: [ template_filter ] --END-- [ RunTime:0.004155s ]
INFO: Run Behavior\ParseTemplateBehavior [ RunTime:0.045878s ]
INFO: [ view_parse ] --END-- [ RunTime:0.049621s ]
INFO: [ view_filter ] --START--
INFO: Run Behavior\WriteHtmlCacheBehavior [ RunTime:0.005665s ]
INFO: [ view_filter ] --END-- [ RunTime:0.008986s ]
INFO: [ app_end ] --START--
INFO: Run Behavior\ShowPageTraceBehavior [ RunTime:0.003261s ]
INFO: [ app_end ] --END-- [ RunTime:0.006275s ]

[ 2016-08-02T12:03:32+08:00 ] ::1 /eduadmin/index.php/Home/Index/check_login
INFO: [ app_init ] --START--
INFO: Run Behavior\BuildLiteBehavior [ RunTime:0.000483s ]
INFO: [ app_init ] --END-- [ RunTime:0.004484s ]
INFO: [ app_begin ] --START--
INFO: Run Behavior\ReadHtmlCacheBehavior [ RunTime:0.003145s ]
INFO: [ app_begin ] --END-- [ RunTime:0.006124s ]
NOTIC: [8] A session had already been started - ignoring session_start() C:\xampp\htdocs\eduadmin\Application\Home\Controller\IndexController.class.php 第 17 行.
ERR: SQLSTATE[HY000] [1045] Access denied for user 'root'@'localhost' (using password: YES)

[ 2016-08-02T12:05:22+08:00 ] ::1 /eduadmin/index.php/Home/Index/check_login
INFO: [ app_init ] --START--
INFO: Run Behavior\BuildLiteBehavior [ RunTime:0.001161s ]
INFO: [ app_init ] --END-- [ RunTime:0.006944s ]
INFO: [ app_begin ] --START--
INFO: Run Behavior\ReadHtmlCacheBehavior [ RunTime:0.007546s ]
INFO: [ app_begin ] --END-- [ RunTime:0.009962s ]
NOTIC: [8] A session had already been started - ignoring session_start() C:\xampp\htdocs\eduadmin\Application\Home\Controller\IndexController.class.php 第 17 行.
SQL: SHOW COLUMNS FROM `info_user` [ RunTime:0.0098s ]
SQL: SELECT * FROM `info_user` WHERE `user_id` = 1 LIMIT 1   [ RunTime:0.0014s ]
INFO: [ view_parse ] --START--
INFO: [ template_filter ] --START--
INFO: Run Behavior\ContentReplaceBehavior [ RunTime:0.001130s ]
INFO: [ template_filter ] --END-- [ RunTime:0.003486s ]
INFO: Run Behavior\ParseTemplateBehavior [ RunTime:0.059379s ]
INFO: [ view_parse ] --END-- [ RunTime:0.062614s ]
INFO: [ view_filter ] --START--
INFO: Run Behavior\WriteHtmlCacheBehavior [ RunTime:0.005504s ]
INFO: [ view_filter ] --END-- [ RunTime:0.008350s ]
INFO: [ app_end ] --START--
INFO: Run Behavior\ShowPageTraceBehavior [ RunTime:0.006215s ]
INFO: [ app_end ] --END-- [ RunTime:0.008674s ]

[ 2016-08-02T12:05:23+08:00 ] ::1 /eduadmin/index.php/Home/Index/student.html
INFO: [ app_init ] --START--
INFO: Run Behavior\BuildLiteBehavior [ RunTime:0.001936s ]
INFO: [ app_init ] --END-- [ RunTime:0.009456s ]
INFO: [ app_begin ] --START--
INFO: Run Behavior\ReadHtmlCacheBehavior [ RunTime:0.006809s ]
INFO: [ app_begin ] --END-- [ RunTime:0.009426s ]
NOTIC: [8] A session had already been started - ignoring session_start() C:\xampp\htdocs\eduadmin\Application\Home\Controller\IndexController.class.php 第 50 行.
SQL: SHOW COLUMNS FROM `info_user` [ RunTime:0.0207s ]
SQL: SELECT * FROM `info_user` WHERE `user_id` = 1 LIMIT 1   [ RunTime:0.0013s ]
NOTIC: [8] A session had already been started - ignoring session_start() C:\xampp\htdocs\eduadmin\Application\Home\Controller\IndexController.class.php 第 71 行.
NOTIC: [8] Undefined variable: conditon C:\xampp\htdocs\eduadmin\Application\Home\Controller\IndexController.class.php 第 74 行.
SQL: SELECT * FROM `info_user` LIMIT 1   [ RunTime:0.0013s ]
NOTIC: [8] Undefined index: name C:\xampp\htdocs\eduadmin\Application\Home\Controller\IndexController.class.php 第 75 行.
INFO: [ view_parse ] --START--
INFO: [ template_filter ] --START--
INFO: Run Behavior\ContentReplaceBehavior [ RunTime:0.001140s ]
INFO: [ template_filter ] --END-- [ RunTime:0.003492s ]
NOTIC: [8] Undefined variable: date C:\xampp\htdocs\eduadmin\Application\Runtime\Cache\Home\81ff9fdd127e4f55be5a6c725b998cff.php 第 13 行.
INFO: Run Behavior\ParseTemplateBehavior [ RunTime:0.064463s ]
INFO: [ view_parse ] --END-- [ RunTime:0.066851s ]
INFO: [ view_filter ] --START--
INFO: Run Behavior\WriteHtmlCacheBehavior [ RunTime:0.006137s ]
INFO: [ view_filter ] --END-- [ RunTime:0.008792s ]
INFO: [ app_end ] --START--
INFO: Run Behavior\ShowPageTraceBehavior [ RunTime:0.007198s ]
INFO: [ app_end ] --END-- [ RunTime:0.009546s ]

[ 2016-08-02T12:05:24+08:00 ] ::1 /eduadmin/index.php/Home/Index/student_page
INFO: [ app_init ] --START--
INFO: Run Behavior\BuildLiteBehavior [ RunTime:0.000583s ]
INFO: [ app_init ] --END-- [ RunTime:0.005511s ]
INFO: [ app_begin ] --START--
INFO: Run Behavior\ReadHtmlCacheBehavior [ RunTime:0.006784s ]
INFO: [ app_begin ] --END-- [ RunTime:0.009398s ]
NOTIC: [8] A session had already been started - ignoring session_start() C:\xampp\htdocs\eduadmin\Application\Home\Controller\IndexController.class.php 第 50 行.
SQL: SHOW COLUMNS FROM `info_user` [ RunTime:0.0170s ]
SQL: SELECT * FROM `info_user` WHERE `user_id` = 1 LIMIT 1   [ RunTime:0.0016s ]
INFO: [ view_parse ] --START--
INFO: [ template_filter ] --START--
INFO: Run Behavior\ContentReplaceBehavior [ RunTime:0.001128s ]
INFO: [ template_filter ] --END-- [ RunTime:0.003550s ]
INFO: Run Behavior\ParseTemplateBehavior [ RunTime:0.053518s ]
INFO: [ view_parse ] --END-- [ RunTime:0.056156s ]
INFO: [ view_filter ] --START--
INFO: Run Behavior\WriteHtmlCacheBehavior [ RunTime:0.007350s ]
INFO: [ view_filter ] --END-- [ RunTime:0.009695s ]
INFO: [ app_end ] --START--
INFO: Run Behavior\ShowPageTraceBehavior [ RunTime:0.006611s ]
INFO: [ app_end ] --END-- [ RunTime:0.008954s ]

[ 2016-08-02T12:45:17+08:00 ] ::1 /eduadmin/
INFO: [ app_init ] --START--
INFO: Run Behavior\BuildLiteBehavior [ RunTime:0.001075s ]
INFO: [ app_init ] --END-- [ RunTime:0.007999s ]
INFO: [ app_begin ] --START--
INFO: Run Behavior\ReadHtmlCacheBehavior [ RunTime:0.007409s ]
INFO: [ app_begin ] --END-- [ RunTime:0.012983s ]
INFO: [ app_end ] --START--
INFO: Run Behavior\ShowPageTraceBehavior [ RunTime:0.006116s ]
INFO: [ app_end ] --END-- [ RunTime:0.011988s ]

[ 2016-08-02T12:45:18+08:00 ] ::1 /eduadmin/index.php/Home/Index/login.html
INFO: [ app_init ] --START--
INFO: Run Behavior\BuildLiteBehavior [ RunTime:0.000523s ]
INFO: [ app_init ] --END-- [ RunTime:0.004862s ]
INFO: [ app_begin ] --START--
INFO: Run Behavior\ReadHtmlCacheBehavior [ RunTime:0.007738s ]
INFO: [ app_begin ] --END-- [ RunTime:0.010879s ]
INFO: [ view_parse ] --START--
INFO: [ template_filter ] --START--
INFO: Run Behavior\ContentReplaceBehavior [ RunTime:0.002106s ]
INFO: [ template_filter ] --END-- [ RunTime:0.006375s ]
INFO: Run Behavior\ParseTemplateBehavior [ RunTime:0.063851s ]
INFO: [ view_parse ] --END-- [ RunTime:0.066315s ]
INFO: [ view_filter ] --START--
INFO: Run Behavior\WriteHtmlCacheBehavior [ RunTime:0.004851s ]
INFO: [ view_filter ] --END-- [ RunTime:0.008170s ]
INFO: [ app_end ] --START--
INFO: Run Behavior\ShowPageTraceBehavior [ RunTime:0.005494s ]
INFO: [ app_end ] --END-- [ RunTime:0.008540s ]

[ 2016-08-02T12:45:24+08:00 ] ::1 /eduadmin/index.php/Home/Index/check_login
INFO: [ app_init ] --START--
INFO: Run Behavior\BuildLiteBehavior [ RunTime:0.002887s ]
INFO: [ app_init ] --END-- [ RunTime:0.011652s ]
INFO: [ app_begin ] --START--
INFO: Run Behavior\ReadHtmlCacheBehavior [ RunTime:0.022410s ]
INFO: [ app_begin ] --END-- [ RunTime:0.028329s ]
NOTIC: [8] A session had already been started - ignoring session_start() C:\xampp\htdocs\eduadmin\Application\Home\Controller\IndexController.class.php 第 17 行.
SQL: SHOW COLUMNS FROM `info_user` [ RunTime:0.0344s ]
SQL: SELECT * FROM `info_user` WHERE `user_id` = 1 LIMIT 1   [ RunTime:0.0020s ]
INFO: [ view_parse ] --START--
INFO: [ template_filter ] --START--
INFO: Run Behavior\ContentReplaceBehavior [ RunTime:0.001159s ]
INFO: [ template_filter ] --END-- [ RunTime:0.003695s ]
INFO: Run Behavior\ParseTemplateBehavior [ RunTime:0.054408s ]
INFO: [ view_parse ] --END-- [ RunTime:0.058498s ]
INFO: [ view_filter ] --START--
INFO: Run Behavior\WriteHtmlCacheBehavior [ RunTime:0.003706s ]
INFO: [ view_filter ] --END-- [ RunTime:0.006204s ]
INFO: [ app_end ] --START--
INFO: Run Behavior\ShowPageTraceBehavior [ RunTime:0.004364s ]
INFO: [ app_end ] --END-- [ RunTime:0.007381s ]

[ 2016-08-02T12:45:25+08:00 ] ::1 /eduadmin/index.php/Home/Index/student.html
INFO: [ app_init ] --START--
INFO: Run Behavior\BuildLiteBehavior [ RunTime:0.000901s ]
INFO: [ app_init ] --END-- [ RunTime:0.007237s ]
INFO: [ app_begin ] --START--
INFO: Run Behavior\ReadHtmlCacheBehavior [ RunTime:0.006104s ]
INFO: [ app_begin ] --END-- [ RunTime:0.009086s ]
NOTIC: [8] A session had already been started - ignoring session_start() C:\xampp\htdocs\eduadmin\Application\Home\Controller\IndexController.class.php 第 50 行.
SQL: SHOW COLUMNS FROM `info_user` [ RunTime:0.0116s ]
SQL: SELECT * FROM `info_user` WHERE `user_id` = 1 LIMIT 1   [ RunTime:0.0014s ]
NOTIC: [8] A session had already been started - ignoring session_start() C:\xampp\htdocs\eduadmin\Application\Home\Controller\IndexController.class.php 第 71 行.
NOTIC: [8] Undefined variable: conditon C:\xampp\htdocs\eduadmin\Application\Home\Controller\IndexController.class.php 第 74 行.
SQL: SELECT * FROM `info_user` LIMIT 1   [ RunTime:0.0012s ]
NOTIC: [8] Undefined index: name C:\xampp\htdocs\eduadmin\Application\Home\Controller\IndexController.class.php 第 75 行.
INFO: [ view_parse ] --START--
INFO: [ template_filter ] --START--
INFO: Run Behavior\ContentReplaceBehavior [ RunTime:0.001120s ]
INFO: [ template_filter ] --END-- [ RunTime:0.003611s ]
NOTIC: [8] Undefined variable: date C:\xampp\htdocs\eduadmin\Application\Runtime\Cache\Home\81ff9fdd127e4f55be5a6c725b998cff.php 第 13 行.
INFO: Run Behavior\ParseTemplateBehavior [ RunTime:0.052855s ]
INFO: [ view_parse ] --END-- [ RunTime:0.056081s ]
INFO: [ view_filter ] --START--
INFO: Run Behavior\WriteHtmlCacheBehavior [ RunTime:0.003794s ]
INFO: [ view_filter ] --END-- [ RunTime:0.006231s ]
INFO: [ app_end ] --START--
INFO: Run Behavior\ShowPageTraceBehavior [ RunTime:0.005244s ]
INFO: [ app_end ] --END-- [ RunTime:0.007759s ]

[ 2016-08-02T12:45:26+08:00 ] ::1 /eduadmin/index.php/Home/Index/student_page
INFO: [ app_init ] --START--
INFO: Run Behavior\BuildLiteBehavior [ RunTime:0.000893s ]
INFO: [ app_init ] --END-- [ RunTime:0.011081s ]
INFO: [ app_begin ] --START--
INFO: Run Behavior\ReadHtmlCacheBehavior [ RunTime:0.004343s ]
INFO: [ app_begin ] --END-- [ RunTime:0.008268s ]
NOTIC: [8] A session had already been started - ignoring session_start() C:\xampp\htdocs\eduadmin\Application\Home\Controller\IndexController.class.php 第 50 行.
SQL: SHOW COLUMNS FROM `info_user` [ RunTime:0.0104s ]
SQL: SELECT * FROM `info_user` WHERE `user_id` = 1 LIMIT 1   [ RunTime:0.0015s ]
INFO: [ view_parse ] --START--
INFO: [ template_filter ] --START--
INFO: Run Behavior\ContentReplaceBehavior [ RunTime:0.001912s ]
INFO: [ template_filter ] --END-- [ RunTime:0.005175s ]
INFO: Run Behavior\ParseTemplateBehavior [ RunTime:0.053470s ]
INFO: [ view_parse ] --END-- [ RunTime:0.058344s ]
INFO: [ view_filter ] --START--
INFO: Run Behavior\WriteHtmlCacheBehavior [ RunTime:0.005499s ]
INFO: [ view_filter ] --END-- [ RunTime:0.008862s ]
INFO: [ app_end ] --START--
INFO: Run Behavior\ShowPageTraceBehavior [ RunTime:0.004498s ]
INFO: [ app_end ] --END-- [ RunTime:0.007124s ]

[ 2016-08-02T12:45:27+08:00 ] ::1 /eduadmin/index.php/Home/Index/manageCourse
INFO: [ app_init ] --START--
INFO: Run Behavior\BuildLiteBehavior [ RunTime:0.000520s ]
INFO: [ app_init ] --END-- [ RunTime:0.005386s ]
INFO: [ app_begin ] --START--
INFO: Run Behavior\ReadHtmlCacheBehavior [ RunTime:0.004594s ]
INFO: [ app_begin ] --END-- [ RunTime:0.007520s ]
NOTIC: [8] A session had already been started - ignoring session_start() C:\xampp\htdocs\eduadmin\Application\Home\Controller\IndexController.class.php 第 50 行.
SQL: SHOW COLUMNS FROM `info_user` [ RunTime:0.0102s ]
SQL: SELECT * FROM `info_user` WHERE `user_id` = 1 LIMIT 1   [ RunTime:0.0013s ]
NOTIC: [8] A session had already been started - ignoring session_start() C:\xampp\htdocs\eduadmin\Application\Home\Controller\IndexController.class.php 第 232 行.
SQL: SHOW COLUMNS FROM `info_course` [ RunTime:0.0099s ]
SQL: SELECT * FROM `info_course`  [ RunTime:0.0013s ]
INFO: [ view_parse ] --START--
INFO: [ template_filter ] --START--
INFO: Run Behavior\ContentReplaceBehavior [ RunTime:0.001128s ]
INFO: [ template_filter ] --END-- [ RunTime:0.003834s ]
NOTIC: [8] Undefined variable: pagestyle C:\xampp\htdocs\eduadmin\Application\Runtime\Cache\Home\e4473b82a3667de8f7e075ab6aa01e72.php 第 63 行.
NOTIC: [8] Undefined variable: page C:\xampp\htdocs\eduadmin\Application\Runtime\Cache\Home\e4473b82a3667de8f7e075ab6aa01e72.php 第 63 行.
INFO: Run Behavior\ParseTemplateBehavior [ RunTime:0.094722s ]
INFO: [ view_parse ] --END-- [ RunTime:0.097280s ]
INFO: [ view_filter ] --START--
INFO: Run Behavior\WriteHtmlCacheBehavior [ RunTime:0.003636s ]
INFO: [ view_filter ] --END-- [ RunTime:0.006361s ]
INFO: [ app_end ] --START--
INFO: Run Behavior\ShowPageTraceBehavior [ RunTime:0.004210s ]
INFO: [ app_end ] --END-- [ RunTime:0.006660s ]

[ 2016-08-02T12:45:37+08:00 ] ::1 /eduadmin/index.php/Home/Index/publishCourse
INFO: [ app_init ] --START--
INFO: Run Behavior\BuildLiteBehavior [ RunTime:0.000486s ]
INFO: [ app_init ] --END-- [ RunTime:0.006702s ]
INFO: [ app_begin ] --START--
INFO: Run Behavior\ReadHtmlCacheBehavior [ RunTime:0.004844s ]
INFO: [ app_begin ] --END-- [ RunTime:0.007347s ]
NOTIC: [8] A session had already been started - ignoring session_start() C:\xampp\htdocs\eduadmin\Application\Home\Controller\IndexController.class.php 第 50 行.
SQL: SHOW COLUMNS FROM `info_user` [ RunTime:0.0091s ]
SQL: SELECT * FROM `info_user` WHERE `user_id` = 1 LIMIT 1   [ RunTime:0.0014s ]
INFO: [ view_parse ] --START--
INFO: [ template_filter ] --START--
INFO: Run Behavior\ContentReplaceBehavior [ RunTime:0.001097s ]
INFO: [ template_filter ] --END-- [ RunTime:0.003531s ]
INFO: Run Behavior\ParseTemplateBehavior [ RunTime:0.049748s ]
INFO: [ view_parse ] --END-- [ RunTime:0.052554s ]
INFO: [ view_filter ] --START--
INFO: Run Behavior\WriteHtmlCacheBehavior [ RunTime:0.003747s ]
INFO: [ view_filter ] --END-- [ RunTime:0.006337s ]
INFO: [ app_end ] --START--
INFO: Run Behavior\ShowPageTraceBehavior [ RunTime:0.004840s ]
INFO: [ app_end ] --END-- [ RunTime:0.007901s ]

[ 2016-08-02T12:45:38+08:00 ] ::1 /eduadmin/index.php/Home/Index/listCourse
INFO: [ app_init ] --START--
INFO: Run Behavior\BuildLiteBehavior [ RunTime:0.000524s ]
INFO: [ app_init ] --END-- [ RunTime:0.006521s ]
INFO: [ app_begin ] --START--
INFO: Run Behavior\ReadHtmlCacheBehavior [ RunTime:0.005753s ]
INFO: [ app_begin ] --END-- [ RunTime:0.009400s ]
NOTIC: [8] A session had already been started - ignoring session_start() C:\xampp\htdocs\eduadmin\Application\Home\Controller\IndexController.class.php 第 50 行.
SQL: SHOW COLUMNS FROM `info_user` [ RunTime:0.0101s ]
SQL: SELECT * FROM `info_user` WHERE `user_id` = 1 LIMIT 1   [ RunTime:0.0019s ]
SQL: SHOW COLUMNS FROM `info_course` [ RunTime:0.0124s ]
SQL: SELECT COUNT(*) AS tp_count FROM `info_course` LIMIT 1   [ RunTime:0.0013s ]
SQL: SELECT * FROM `info_course` INNER JOIN info_User on info_course.teacher = info_user.user_id   [ RunTime:0.0020s ]
INFO: [ view_parse ] --START--
INFO: [ template_filter ] --START--
INFO: Run Behavior\ContentReplaceBehavior [ RunTime:0.001115s ]
INFO: [ template_filter ] --END-- [ RunTime:0.003562s ]
NOTIC: [8] Undefined variable: displaypage C:\xampp\htdocs\eduadmin\Application\Runtime\Cache\Home\2e2343a37a0a96ffec8cf628d376d3e2.php 第 64 行.
INFO: Run Behavior\ParseTemplateBehavior [ RunTime:0.095884s ]
INFO: [ view_parse ] --END-- [ RunTime:0.099183s ]
INFO: [ view_filter ] --START--
INFO: Run Behavior\WriteHtmlCacheBehavior [ RunTime:0.004103s ]
INFO: [ view_filter ] --END-- [ RunTime:0.007179s ]
INFO: [ app_end ] --START--
INFO: Run Behavior\ShowPageTraceBehavior [ RunTime:0.004853s ]
INFO: [ app_end ] --END-- [ RunTime:0.007311s ]

[ 2016-08-02T12:45:39+08:00 ] ::1 /eduadmin/index.php/Home/Index/selectedCourse
INFO: [ app_init ] --START--
INFO: Run Behavior\BuildLiteBehavior [ RunTime:0.000558s ]
INFO: [ app_init ] --END-- [ RunTime:0.008845s ]
INFO: [ app_begin ] --START--
INFO: Run Behavior\ReadHtmlCacheBehavior [ RunTime:0.004498s ]
INFO: [ app_begin ] --END-- [ RunTime:0.008348s ]
NOTIC: [8] A session had already been started - ignoring session_start() C:\xampp\htdocs\eduadmin\Application\Home\Controller\IndexController.class.php 第 50 行.
SQL: SHOW COLUMNS FROM `info_user` [ RunTime:0.0095s ]
SQL: SELECT * FROM `info_user` WHERE `user_id` = 1 LIMIT 1   [ RunTime:0.0013s ]
NOTIC: [8] A session had already been started - ignoring session_start() C:\xampp\htdocs\eduadmin\Application\Home\Controller\IndexController.class.php 第 175 行.
SQL: SHOW COLUMNS FROM `info_selected` [ RunTime:0.0103s ]
SQL: SELECT * FROM `info_selected` INNER JOIN info_Course on info_selected.course_id = info_course.course_id INNER JOIN info_User on info_course.teacher = info_user.user_id  WHERE ( info_user.user_id=1 )  [ RunTime:0.0020s ]
INFO: [ view_parse ] --START--
INFO: [ template_filter ] --START--
INFO: Run Behavior\ContentReplaceBehavior [ RunTime:0.001253s ]
INFO: [ template_filter ] --END-- [ RunTime:0.003848s ]
INFO: Run Behavior\ParseTemplateBehavior [ RunTime:0.085390s ]
INFO: [ view_parse ] --END-- [ RunTime:0.087958s ]
INFO: [ view_filter ] --START--
INFO: Run Behavior\WriteHtmlCacheBehavior [ RunTime:0.003796s ]
INFO: [ view_filter ] --END-- [ RunTime:0.006195s ]
INFO: [ app_end ] --START--
INFO: Run Behavior\ShowPageTraceBehavior [ RunTime:0.005391s ]
INFO: [ app_end ] --END-- [ RunTime:0.008067s ]

[ 2016-08-02T12:45:41+08:00 ] ::1 /eduadmin/index.php/Home/Index/manageCourse
INFO: [ app_init ] --START--
INFO: Run Behavior\BuildLiteBehavior [ RunTime:0.000488s ]
INFO: [ app_init ] --END-- [ RunTime:0.005164s ]
INFO: [ app_begin ] --START--
INFO: Run Behavior\ReadHtmlCacheBehavior [ RunTime:0.005729s ]
INFO: [ app_begin ] --END-- [ RunTime:0.008810s ]
NOTIC: [8] A session had already been started - ignoring session_start() C:\xampp\htdocs\eduadmin\Application\Home\Controller\IndexController.class.php 第 50 行.
SQL: SHOW COLUMNS FROM `info_user` [ RunTime:0.0098s ]
SQL: SELECT * FROM `info_user` WHERE `user_id` = 1 LIMIT 1   [ RunTime:0.0016s ]
NOTIC: [8] A session had already been started - ignoring session_start() C:\xampp\htdocs\eduadmin\Application\Home\Controller\IndexController.class.php 第 232 行.
SQL: SHOW COLUMNS FROM `info_course` [ RunTime:0.0097s ]
SQL: SELECT * FROM `info_course`  [ RunTime:0.0014s ]
INFO: [ view_parse ] --START--
INFO: [ template_filter ] --START--
INFO: Run Behavior\ContentReplaceBehavior [ RunTime:0.001129s ]
INFO: [ template_filter ] --END-- [ RunTime:0.004375s ]
NOTIC: [8] Undefined variable: pagestyle C:\xampp\htdocs\eduadmin\Application\Runtime\Cache\Home\e4473b82a3667de8f7e075ab6aa01e72.php 第 63 行.
NOTIC: [8] Undefined variable: page C:\xampp\htdocs\eduadmin\Application\Runtime\Cache\Home\e4473b82a3667de8f7e075ab6aa01e72.php 第 63 行.
INFO: Run Behavior\ParseTemplateBehavior [ RunTime:0.102707s ]
INFO: [ view_parse ] --END-- [ RunTime:0.105380s ]
INFO: [ view_filter ] --START--
INFO: Run Behavior\WriteHtmlCacheBehavior [ RunTime:0.005084s ]
INFO: [ view_filter ] --END-- [ RunTime:0.008222s ]
INFO: [ app_end ] --START--
INFO: Run Behavior\ShowPageTraceBehavior [ RunTime:0.006205s ]
INFO: [ app_end ] --END-- [ RunTime:0.008914s ]

[ 2016-08-02T12:48:10+08:00 ] ::1 /eduadmin/index.php/Home/Index/publishCourse
INFO: [ app_init ] --START--
INFO: Run Behavior\BuildLiteBehavior [ RunTime:0.000493s ]
INFO: [ app_init ] --END-- [ RunTime:0.004791s ]
INFO: [ app_begin ] --START--
INFO: Run Behavior\ReadHtmlCacheBehavior [ RunTime:0.005261s ]
INFO: [ app_begin ] --END-- [ RunTime:0.007830s ]
NOTIC: [8] A session had already been started - ignoring session_start() C:\xampp\htdocs\eduadmin\Application\Home\Controller\IndexController.class.php 第 50 行.
SQL: SHOW COLUMNS FROM `info_user` [ RunTime:0.0107s ]
SQL: SELECT * FROM `info_user` WHERE `user_id` = 1 LIMIT 1   [ RunTime:0.0015s ]
INFO: [ view_parse ] --START--
INFO: [ template_filter ] --START--
INFO: Run Behavior\ContentReplaceBehavior [ RunTime:0.001422s ]
INFO: [ template_filter ] --END-- [ RunTime:0.005170s ]
INFO: Run Behavior\ParseTemplateBehavior [ RunTime:0.051455s ]
INFO: [ view_parse ] --END-- [ RunTime:0.054292s ]
INFO: [ view_filter ] --START--
INFO: Run Behavior\WriteHtmlCacheBehavior [ RunTime:0.004178s ]
INFO: [ view_filter ] --END-- [ RunTime:0.007140s ]
INFO: [ app_end ] --START--
INFO: Run Behavior\ShowPageTraceBehavior [ RunTime:0.004876s ]
INFO: [ app_end ] --END-- [ RunTime:0.008020s ]

[ 2016-08-02T12:48:12+08:00 ] ::1 /eduadmin/index.php/Home/Index/listCourse
INFO: [ app_init ] --START--
INFO: Run Behavior\BuildLiteBehavior [ RunTime:0.000853s ]
INFO: [ app_init ] --END-- [ RunTime:0.006299s ]
INFO: [ app_begin ] --START--
INFO: Run Behavior\ReadHtmlCacheBehavior [ RunTime:0.005866s ]
INFO: [ app_begin ] --END-- [ RunTime:0.009613s ]
NOTIC: [8] A session had already been started - ignoring session_start() C:\xampp\htdocs\eduadmin\Application\Home\Controller\IndexController.class.php 第 50 行.
SQL: SHOW COLUMNS FROM `info_user` [ RunTime:0.0109s ]
SQL: SELECT * FROM `info_user` WHERE `user_id` = 1 LIMIT 1   [ RunTime:0.0015s ]
SQL: SHOW COLUMNS FROM `info_course` [ RunTime:0.0098s ]
SQL: SELECT COUNT(*) AS tp_count FROM `info_course` LIMIT 1   [ RunTime:0.0013s ]
SQL: SELECT * FROM `info_course` INNER JOIN info_User on info_course.teacher = info_user.user_id   [ RunTime:0.0021s ]
INFO: [ view_parse ] --START--
INFO: [ template_filter ] --START--
INFO: Run Behavior\ContentReplaceBehavior [ RunTime:0.002005s ]
INFO: [ template_filter ] --END-- [ RunTime:0.004878s ]
NOTIC: [8] Undefined variable: displaypage C:\xampp\htdocs\eduadmin\Application\Runtime\Cache\Home\2e2343a37a0a96ffec8cf628d376d3e2.php 第 64 行.
INFO: Run Behavior\ParseTemplateBehavior [ RunTime:0.095711s ]
INFO: [ view_parse ] --END-- [ RunTime:0.099043s ]
INFO: [ view_filter ] --START--
INFO: Run Behavior\WriteHtmlCacheBehavior [ RunTime:0.003910s ]
INFO: [ view_filter ] --END-- [ RunTime:0.006531s ]
INFO: [ app_end ] --START--
INFO: Run Behavior\ShowPageTraceBehavior [ RunTime:0.004642s ]
INFO: [ app_end ] --END-- [ RunTime:0.007070s ]

[ 2016-08-02T12:48:17+08:00 ] ::1 /eduadmin/index.php/Home/Index/selectedCourse
INFO: [ app_init ] --START--
INFO: Run Behavior\BuildLiteBehavior [ RunTime:0.000799s ]
INFO: [ app_init ] --END-- [ RunTime:0.005527s ]
INFO: [ app_begin ] --START--
INFO: Run Behavior\ReadHtmlCacheBehavior [ RunTime:0.006658s ]
INFO: [ app_begin ] --END-- [ RunTime:0.009525s ]
NOTIC: [8] A session had already been started - ignoring session_start() C:\xampp\htdocs\eduadmin\Application\Home\Controller\IndexController.class.php 第 50 行.
SQL: SHOW COLUMNS FROM `info_user` [ RunTime:0.0101s ]
SQL: SELECT * FROM `info_user` WHERE `user_id` = 1 LIMIT 1   [ RunTime:0.0013s ]
NOTIC: [8] A session had already been started - ignoring session_start() C:\xampp\htdocs\eduadmin\Application\Home\Controller\IndexController.class.php 第 175 行.
SQL: SHOW COLUMNS FROM `info_selected` [ RunTime:0.0101s ]
SQL: SELECT * FROM `info_selected` INNER JOIN info_Course on info_selected.course_id = info_course.course_id INNER JOIN info_User on info_course.teacher = info_user.user_id  WHERE ( info_user.user_id=1 )  [ RunTime:0.0017s ]
INFO: [ view_parse ] --START--
INFO: [ template_filter ] --START--
INFO: Run Behavior\ContentReplaceBehavior [ RunTime:0.001104s ]
INFO: [ template_filter ] --END-- [ RunTime:0.003543s ]
INFO: Run Behavior\ParseTemplateBehavior [ RunTime:0.089440s ]
INFO: [ view_parse ] --END-- [ RunTime:0.091963s ]
INFO: [ view_filter ] --START--
INFO: Run Behavior\WriteHtmlCacheBehavior [ RunTime:0.003853s ]
INFO: [ view_filter ] --END-- [ RunTime:0.006286s ]
INFO: [ app_end ] --START--
INFO: Run Behavior\ShowPageTraceBehavior [ RunTime:0.004518s ]
INFO: [ app_end ] --END-- [ RunTime:0.007041s ]

[ 2016-08-02T12:48:21+08:00 ] ::1 /eduadmin/index.php/Home/Index/student.html
INFO: [ app_init ] --START--
INFO: Run Behavior\BuildLiteBehavior [ RunTime:0.000492s ]
INFO: [ app_init ] --END-- [ RunTime:0.005235s ]
INFO: [ app_begin ] --START--
INFO: Run Behavior\ReadHtmlCacheBehavior [ RunTime:0.007222s ]
INFO: [ app_begin ] --END-- [ RunTime:0.010905s ]
NOTIC: [8] A session had already been started - ignoring session_start() C:\xampp\htdocs\eduadmin\Application\Home\Controller\IndexController.class.php 第 50 行.
SQL: SHOW COLUMNS FROM `info_user` [ RunTime:0.0099s ]
SQL: SELECT * FROM `info_user` WHERE `user_id` = 1 LIMIT 1   [ RunTime:0.0014s ]
NOTIC: [8] A session had already been started - ignoring session_start() C:\xampp\htdocs\eduadmin\Application\Home\Controller\IndexController.class.php 第 71 行.
NOTIC: [8] Undefined variable: conditon C:\xampp\htdocs\eduadmin\Application\Home\Controller\IndexController.class.php 第 74 行.
SQL: SELECT * FROM `info_user` LIMIT 1   [ RunTime:0.0013s ]
NOTIC: [8] Undefined index: name C:\xampp\htdocs\eduadmin\Application\Home\Controller\IndexController.class.php 第 75 行.
INFO: [ view_parse ] --START--
INFO: [ template_filter ] --START--
INFO: Run Behavior\ContentReplaceBehavior [ RunTime:0.001093s ]
INFO: [ template_filter ] --END-- [ RunTime:0.003632s ]
NOTIC: [8] Undefined variable: date C:\xampp\htdocs\eduadmin\Application\Runtime\Cache\Home\81ff9fdd127e4f55be5a6c725b998cff.php 第 13 行.
INFO: Run Behavior\ParseTemplateBehavior [ RunTime:0.059726s ]
INFO: [ view_parse ] --END-- [ RunTime:0.062269s ]
INFO: [ view_filter ] --START--
INFO: Run Behavior\WriteHtmlCacheBehavior [ RunTime:0.004190s ]
INFO: [ view_filter ] --END-- [ RunTime:0.006872s ]
INFO: [ app_end ] --START--
INFO: Run Behavior\ShowPageTraceBehavior [ RunTime:0.004532s ]
INFO: [ app_end ] --END-- [ RunTime:0.007766s ]

[ 2016-08-02T12:48:21+08:00 ] ::1 /eduadmin/index.php/Home/Index/student_page
INFO: [ app_init ] --START--
INFO: Run Behavior\BuildLiteBehavior [ RunTime:0.000662s ]
INFO: [ app_init ] --END-- [ RunTime:0.005736s ]
INFO: [ app_begin ] --START--
INFO: Run Behavior\ReadHtmlCacheBehavior [ RunTime:0.022515s ]
INFO: [ app_begin ] --END-- [ RunTime:0.029487s ]
NOTIC: [8] A session had already been started - ignoring session_start() C:\xampp\htdocs\eduadmin\Application\Home\Controller\IndexController.class.php 第 50 行.
SQL: SHOW COLUMNS FROM `info_user` [ RunTime:0.0099s ]
SQL: SELECT * FROM `info_user` WHERE `user_id` = 1 LIMIT 1   [ RunTime:0.0014s ]
INFO: [ view_parse ] --START--
INFO: [ template_filter ] --START--
INFO: Run Behavior\ContentReplaceBehavior [ RunTime:0.001080s ]
INFO: [ template_filter ] --END-- [ RunTime:0.003579s ]
INFO: Run Behavior\ParseTemplateBehavior [ RunTime:0.050375s ]
INFO: [ view_parse ] --END-- [ RunTime:0.053074s ]
INFO: [ view_filter ] --START--
INFO: Run Behavior\WriteHtmlCacheBehavior [ RunTime:0.003946s ]
INFO: [ view_filter ] --END-- [ RunTime:0.006381s ]
INFO: [ app_end ] --START--
INFO: Run Behavior\ShowPageTraceBehavior [ RunTime:0.006153s ]
INFO: [ app_end ] --END-- [ RunTime:0.008770s ]

[ 2016-08-02T12:48:23+08:00 ] ::1 /eduadmin/index.php/Home/Index/selectedCourse
INFO: [ app_init ] --START--
INFO: Run Behavior\BuildLiteBehavior [ RunTime:0.000722s ]
INFO: [ app_init ] --END-- [ RunTime:0.005800s ]
INFO: [ app_begin ] --START--
INFO: Run Behavior\ReadHtmlCacheBehavior [ RunTime:0.004801s ]
INFO: [ app_begin ] --END-- [ RunTime:0.008372s ]
NOTIC: [8] A session had already been started - ignoring session_start() C:\xampp\htdocs\eduadmin\Application\Home\Controller\IndexController.class.php 第 50 行.
SQL: SHOW COLUMNS FROM `info_user` [ RunTime:0.0095s ]
SQL: SELECT * FROM `info_user` WHERE `user_id` = 1 LIMIT 1   [ RunTime:0.0016s ]
NOTIC: [8] A session had already been started - ignoring session_start() C:\xampp\htdocs\eduadmin\Application\Home\Controller\IndexController.class.php 第 175 行.
SQL: SHOW COLUMNS FROM `info_selected` [ RunTime:0.0103s ]
SQL: SELECT * FROM `info_selected` INNER JOIN info_Course on info_selected.course_id = info_course.course_id INNER JOIN info_User on info_course.teacher = info_user.user_id  WHERE ( info_user.user_id=1 )  [ RunTime:0.0027s ]
INFO: [ view_parse ] --START--
INFO: [ template_filter ] --START--
INFO: Run Behavior\ContentReplaceBehavior [ RunTime:0.001275s ]
INFO: [ template_filter ] --END-- [ RunTime:0.003801s ]
INFO: Run Behavior\ParseTemplateBehavior [ RunTime:0.105779s ]
INFO: [ view_parse ] --END-- [ RunTime:0.108510s ]
INFO: [ view_filter ] --START--
INFO: Run Behavior\WriteHtmlCacheBehavior [ RunTime:0.003945s ]
INFO: [ view_filter ] --END-- [ RunTime:0.006439s ]
INFO: [ app_end ] --START--
INFO: Run Behavior\ShowPageTraceBehavior [ RunTime:0.004608s ]
INFO: [ app_end ] --END-- [ RunTime:0.007177s ]

[ 2016-08-02T12:48:24+08:00 ] ::1 /eduadmin/index.php/Home/Index/listCourse
INFO: [ app_init ] --START--
INFO: Run Behavior\BuildLiteBehavior [ RunTime:0.000746s ]
INFO: [ app_init ] --END-- [ RunTime:0.005981s ]
INFO: [ app_begin ] --START--
INFO: Run Behavior\ReadHtmlCacheBehavior [ RunTime:0.004958s ]
INFO: [ app_begin ] --END-- [ RunTime:0.007981s ]
NOTIC: [8] A session had already been started - ignoring session_start() C:\xampp\htdocs\eduadmin\Application\Home\Controller\IndexController.class.php 第 50 行.
SQL: SHOW COLUMNS FROM `info_user` [ RunTime:0.0112s ]
SQL: SELECT * FROM `info_user` WHERE `user_id` = 1 LIMIT 1   [ RunTime:0.0018s ]
SQL: SHOW COLUMNS FROM `info_course` [ RunTime:0.0147s ]
SQL: SELECT COUNT(*) AS tp_count FROM `info_course` LIMIT 1   [ RunTime:0.0016s ]
SQL: SELECT * FROM `info_course` INNER JOIN info_User on info_course.teacher = info_user.user_id   [ RunTime:0.0022s ]
INFO: [ view_parse ] --START--
INFO: [ template_filter ] --START--
INFO: Run Behavior\ContentReplaceBehavior [ RunTime:0.002102s ]
INFO: [ template_filter ] --END-- [ RunTime:0.005592s ]
NOTIC: [8] Undefined variable: displaypage C:\xampp\htdocs\eduadmin\Application\Runtime\Cache\Home\2e2343a37a0a96ffec8cf628d376d3e2.php 第 64 行.
INFO: Run Behavior\ParseTemplateBehavior [ RunTime:0.116506s ]
INFO: [ view_parse ] --END-- [ RunTime:0.121223s ]
INFO: [ view_filter ] --START--
INFO: Run Behavior\WriteHtmlCacheBehavior [ RunTime:0.004752s ]
INFO: [ view_filter ] --END-- [ RunTime:0.007337s ]
INFO: [ app_end ] --START--
INFO: Run Behavior\ShowPageTraceBehavior [ RunTime:0.004941s ]
INFO: [ app_end ] --END-- [ RunTime:0.007455s ]

[ 2016-08-02T12:48:24+08:00 ] ::1 /eduadmin/index.php/Home/Index/publishCourse
INFO: [ app_init ] --START--
INFO: Run Behavior\BuildLiteBehavior [ RunTime:0.000594s ]
INFO: [ app_init ] --END-- [ RunTime:0.006011s ]
INFO: [ app_begin ] --START--
INFO: Run Behavior\ReadHtmlCacheBehavior [ RunTime:0.005997s ]
INFO: [ app_begin ] --END-- [ RunTime:0.008757s ]
NOTIC: [8] A session had already been started - ignoring session_start() C:\xampp\htdocs\eduadmin\Application\Home\Controller\IndexController.class.php 第 50 行.
SQL: SHOW COLUMNS FROM `info_user` [ RunTime:0.0138s ]
SQL: SELECT * FROM `info_user` WHERE `user_id` = 1 LIMIT 1   [ RunTime:0.0024s ]
INFO: [ view_parse ] --START--
INFO: [ template_filter ] --START--
INFO: Run Behavior\ContentReplaceBehavior [ RunTime:0.001239s ]
INFO: [ template_filter ] --END-- [ RunTime:0.004087s ]
INFO: Run Behavior\ParseTemplateBehavior [ RunTime:0.057334s ]
INFO: [ view_parse ] --END-- [ RunTime:0.060160s ]
INFO: [ view_filter ] --START--
INFO: Run Behavior\WriteHtmlCacheBehavior [ RunTime:0.003746s ]
INFO: [ view_filter ] --END-- [ RunTime:0.006248s ]
INFO: [ app_end ] --START--
INFO: Run Behavior\ShowPageTraceBehavior [ RunTime:0.004868s ]
INFO: [ app_end ] --END-- [ RunTime:0.007973s ]

[ 2016-08-02T12:48:25+08:00 ] ::1 /eduadmin/index.php/Home/Index/manageCourse
INFO: [ app_init ] --START--
INFO: Run Behavior\BuildLiteBehavior [ RunTime:0.000500s ]
INFO: [ app_init ] --END-- [ RunTime:0.006144s ]
INFO: [ app_begin ] --START--
INFO: Run Behavior\ReadHtmlCacheBehavior [ RunTime:0.004721s ]
INFO: [ app_begin ] --END-- [ RunTime:0.008674s ]
NOTIC: [8] A session had already been started - ignoring session_start() C:\xampp\htdocs\eduadmin\Application\Home\Controller\IndexController.class.php 第 50 行.
SQL: SHOW COLUMNS FROM `info_user` [ RunTime:0.0140s ]
SQL: SELECT * FROM `info_user` WHERE `user_id` = 1 LIMIT 1   [ RunTime:0.0018s ]
NOTIC: [8] A session had already been started - ignoring session_start() C:\xampp\htdocs\eduadmin\Application\Home\Controller\IndexController.class.php 第 232 行.
SQL: SHOW COLUMNS FROM `info_course` [ RunTime:0.0114s ]
SQL: SELECT * FROM `info_course`  [ RunTime:0.0017s ]
INFO: [ view_parse ] --START--
INFO: [ template_filter ] --START--
INFO: Run Behavior\ContentReplaceBehavior [ RunTime:0.001590s ]
INFO: [ template_filter ] --END-- [ RunTime:0.007197s ]
NOTIC: [8] Undefined variable: pagestyle C:\xampp\htdocs\eduadmin\Application\Runtime\Cache\Home\e4473b82a3667de8f7e075ab6aa01e72.php 第 63 行.
NOTIC: [8] Undefined variable: page C:\xampp\htdocs\eduadmin\Application\Runtime\Cache\Home\e4473b82a3667de8f7e075ab6aa01e72.php 第 63 行.
INFO: Run Behavior\ParseTemplateBehavior [ RunTime:0.116136s ]
INFO: [ view_parse ] --END-- [ RunTime:0.119399s ]
INFO: [ view_filter ] --START--
INFO: Run Behavior\WriteHtmlCacheBehavior [ RunTime:0.005264s ]
INFO: [ view_filter ] --END-- [ RunTime:0.008579s ]
INFO: [ app_end ] --START--
INFO: Run Behavior\ShowPageTraceBehavior [ RunTime:0.004431s ]
INFO: [ app_end ] --END-- [ RunTime:0.007391s ]

[ 2016-08-02T12:52:42+08:00 ] ::1 /eduadmin/
INFO: [ app_init ] --START--
INFO: Run Behavior\BuildLiteBehavior [ RunTime:0.000709s ]
INFO: [ app_init ] --END-- [ RunTime:0.005501s ]
INFO: [ app_begin ] --START--
INFO: Run Behavior\ReadHtmlCacheBehavior [ RunTime:0.004645s ]
INFO: [ app_begin ] --END-- [ RunTime:0.007301s ]
INFO: [ app_end ] --START--
INFO: Run Behavior\ShowPageTraceBehavior [ RunTime:0.004873s ]
INFO: [ app_end ] --END-- [ RunTime:0.007385s ]

[ 2016-08-02T12:52:43+08:00 ] ::1 /eduadmin/index.php/Home/Index/login.html
INFO: [ app_init ] --START--
INFO: Run Behavior\BuildLiteBehavior [ RunTime:0.001819s ]
INFO: [ app_init ] --END-- [ RunTime:0.012728s ]
INFO: [ app_begin ] --START--
INFO: Run Behavior\ReadHtmlCacheBehavior [ RunTime:0.005913s ]
INFO: [ app_begin ] --END-- [ RunTime:0.008472s ]
INFO: [ view_parse ] --START--
INFO: [ template_filter ] --START--
INFO: Run Behavior\ContentReplaceBehavior [ RunTime:0.001535s ]
INFO: [ template_filter ] --END-- [ RunTime:0.004562s ]
INFO: Run Behavior\ParseTemplateBehavior [ RunTime:0.096365s ]
INFO: [ view_parse ] --END-- [ RunTime:0.099846s ]
INFO: [ view_filter ] --START--
INFO: Run Behavior\WriteHtmlCacheBehavior [ RunTime:0.005636s ]
INFO: [ view_filter ] --END-- [ RunTime:0.008966s ]
INFO: [ app_end ] --START--
INFO: Run Behavior\ShowPageTraceBehavior [ RunTime:0.005372s ]
INFO: [ app_end ] --END-- [ RunTime:0.008113s ]

[ 2016-08-02T12:59:41+08:00 ] ::1 /eduadmin/index.php/Home/Index/check_login
INFO: [ app_init ] --START--
INFO: Run Behavior\BuildLiteBehavior [ RunTime:0.000856s ]
INFO: [ app_init ] --END-- [ RunTime:0.012874s ]
INFO: [ app_begin ] --START--
INFO: Run Behavior\ReadHtmlCacheBehavior [ RunTime:0.007268s ]
INFO: [ app_begin ] --END-- [ RunTime:0.010807s ]
NOTIC: [8] A session had already been started - ignoring session_start() C:\xampp\htdocs\eduadmin\Application\Home\Controller\IndexController.class.php 第 17 行.
SQL: SHOW COLUMNS FROM `info_user` [ RunTime:0.0488s ]
SQL: SELECT * FROM `info_user` WHERE `user_id` = 1 LIMIT 1   [ RunTime:0.0017s ]
INFO: [ view_parse ] --START--
INFO: [ template_filter ] --START--
INFO: Run Behavior\ContentReplaceBehavior [ RunTime:0.002221s ]
INFO: [ template_filter ] --END-- [ RunTime:0.004670s ]
INFO: Run Behavior\ParseTemplateBehavior [ RunTime:0.057051s ]
INFO: [ view_parse ] --END-- [ RunTime:0.059535s ]
INFO: [ view_filter ] --START--
INFO: Run Behavior\WriteHtmlCacheBehavior [ RunTime:0.003753s ]
INFO: [ view_filter ] --END-- [ RunTime:0.006706s ]
INFO: [ app_end ] --START--
INFO: Run Behavior\ShowPageTraceBehavior [ RunTime:0.004276s ]
INFO: [ app_end ] --END-- [ RunTime:0.006677s ]

[ 2016-08-02T12:59:42+08:00 ] ::1 /eduadmin/index.php/Home/Index/student.html
INFO: [ app_init ] --START--
INFO: Run Behavior\BuildLiteBehavior [ RunTime:0.000490s ]
INFO: [ app_init ] --END-- [ RunTime:0.004807s ]
INFO: [ app_begin ] --START--
INFO: Run Behavior\ReadHtmlCacheBehavior [ RunTime:0.004484s ]
INFO: [ app_begin ] --END-- [ RunTime:0.006921s ]
NOTIC: [8] A session had already been started - ignoring session_start() C:\xampp\htdocs\eduadmin\Application\Home\Controller\IndexController.class.php 第 50 行.
SQL: SHOW COLUMNS FROM `info_user` [ RunTime:0.0112s ]
SQL: SELECT * FROM `info_user` WHERE `user_id` = 1 LIMIT 1   [ RunTime:0.0013s ]
NOTIC: [8] A session had already been started - ignoring session_start() C:\xampp\htdocs\eduadmin\Application\Home\Controller\IndexController.class.php 第 71 行.
NOTIC: [8] Undefined variable: conditon C:\xampp\htdocs\eduadmin\Application\Home\Controller\IndexController.class.php 第 74 行.
SQL: SELECT * FROM `info_user` LIMIT 1   [ RunTime:0.0012s ]
NOTIC: [8] Undefined index: name C:\xampp\htdocs\eduadmin\Application\Home\Controller\IndexController.class.php 第 75 行.
INFO: [ view_parse ] --START--
INFO: [ template_filter ] --START--
INFO: Run Behavior\ContentReplaceBehavior [ RunTime:0.001952s ]
INFO: [ template_filter ] --END-- [ RunTime:0.004470s ]
NOTIC: [8] Undefined variable: date C:\xampp\htdocs\eduadmin\Application\Runtime\Cache\Home\81ff9fdd127e4f55be5a6c725b998cff.php 第 13 行.
INFO: Run Behavior\ParseTemplateBehavior [ RunTime:0.054096s ]
INFO: [ view_parse ] --END-- [ RunTime:0.056498s ]
INFO: [ view_filter ] --START--
INFO: Run Behavior\WriteHtmlCacheBehavior [ RunTime:0.003548s ]
INFO: [ view_filter ] --END-- [ RunTime:0.005927s ]
INFO: [ app_end ] --START--
INFO: Run Behavior\ShowPageTraceBehavior [ RunTime:0.005493s ]
INFO: [ app_end ] --END-- [ RunTime:0.008722s ]

[ 2016-08-02T12:59:43+08:00 ] ::1 /eduadmin/index.php/Home/Index/student_page
INFO: [ app_init ] --START--
INFO: Run Behavior\BuildLiteBehavior [ RunTime:0.002466s ]
INFO: [ app_init ] --END-- [ RunTime:0.006831s ]
INFO: [ app_begin ] --START--
INFO: Run Behavior\ReadHtmlCacheBehavior [ RunTime:0.004815s ]
INFO: [ app_begin ] --END-- [ RunTime:0.007227s ]
NOTIC: [8] A session had already been started - ignoring session_start() C:\xampp\htdocs\eduadmin\Application\Home\Controller\IndexController.class.php 第 50 行.
SQL: SHOW COLUMNS FROM `info_user` [ RunTime:0.0135s ]
SQL: SELECT * FROM `info_user` WHERE `user_id` = 1 LIMIT 1   [ RunTime:0.0013s ]
INFO: [ view_parse ] --START--
INFO: [ template_filter ] --START--
INFO: Run Behavior\ContentReplaceBehavior [ RunTime:0.001065s ]
INFO: [ template_filter ] --END-- [ RunTime:0.003461s ]
INFO: Run Behavior\ParseTemplateBehavior [ RunTime:0.047664s ]
INFO: [ view_parse ] --END-- [ RunTime:0.050945s ]
INFO: [ view_filter ] --START--
INFO: Run Behavior\WriteHtmlCacheBehavior [ RunTime:0.003704s ]
INFO: [ view_filter ] --END-- [ RunTime:0.006167s ]
INFO: [ app_end ] --START--
INFO: Run Behavior\ShowPageTraceBehavior [ RunTime:0.004869s ]
INFO: [ app_end ] --END-- [ RunTime:0.007265s ]

[ 2016-08-02T12:59:53+08:00 ] ::1 /eduadmin/index.php/Home/Index/manageCourse
INFO: [ app_init ] --START--
INFO: Run Behavior\BuildLiteBehavior [ RunTime:0.000465s ]
INFO: [ app_init ] --END-- [ RunTime:0.004504s ]
INFO: [ app_begin ] --START--
INFO: Run Behavior\ReadHtmlCacheBehavior [ RunTime:0.007059s ]
INFO: [ app_begin ] --END-- [ RunTime:0.011304s ]
NOTIC: [8] A session had already been started - ignoring session_start() C:\xampp\htdocs\eduadmin\Application\Home\Controller\IndexController.class.php 第 50 行.
SQL: SHOW COLUMNS FROM `info_user` [ RunTime:0.0133s ]
SQL: SELECT * FROM `info_user` WHERE `user_id` = 1 LIMIT 1   [ RunTime:0.0015s ]
NOTIC: [8] A session had already been started - ignoring session_start() C:\xampp\htdocs\eduadmin\Application\Home\Controller\IndexController.class.php 第 232 行.
SQL: SHOW COLUMNS FROM `info_course` [ RunTime:0.0133s ]
SQL: SELECT * FROM `info_course`  [ RunTime:0.0013s ]
INFO: [ view_parse ] --START--
INFO: [ template_filter ] --START--
INFO: Run Behavior\ContentReplaceBehavior [ RunTime:0.001301s ]
INFO: [ template_filter ] --END-- [ RunTime:0.004590s ]
NOTIC: [8] Undefined variable: pagestyle C:\xampp\htdocs\eduadmin\Application\Runtime\Cache\Home\e4473b82a3667de8f7e075ab6aa01e72.php 第 63 行.
NOTIC: [8] Undefined variable: page C:\xampp\htdocs\eduadmin\Application\Runtime\Cache\Home\e4473b82a3667de8f7e075ab6aa01e72.php 第 63 行.
INFO: Run Behavior\ParseTemplateBehavior [ RunTime:0.100521s ]
INFO: [ view_parse ] --END-- [ RunTime:0.102984s ]
INFO: [ view_filter ] --START--
INFO: Run Behavior\WriteHtmlCacheBehavior [ RunTime:0.004224s ]
INFO: [ view_filter ] --END-- [ RunTime:0.006663s ]
INFO: [ app_end ] --START--
INFO: Run Behavior\ShowPageTraceBehavior [ RunTime:0.004123s ]
INFO: [ app_end ] --END-- [ RunTime:0.006533s ]

