[ 2016-07-06T09:15:51+08:00 ] ::1 /eduadmin/
INFO: [ app_init ] --START--
INFO: Run Behavior\BuildLiteBehavior [ RunTime:0.000000s ]
INFO: [ app_init ] --END-- [ RunTime:0.001000s ]
INFO: [ app_begin ] --START--
INFO: Run Behavior\ReadHtmlCacheBehavior [ RunTime:0.002000s ]
INFO: [ app_begin ] --END-- [ RunTime:0.002000s ]
INFO: [ app_end ] --START--
INFO: Run Behavior\ShowPageTraceBehavior [ RunTime:0.013001s ]
INFO: [ app_end ] --END-- [ RunTime:0.013001s ]

[ 2016-07-06T09:15:52+08:00 ] ::1 /eduadmin/index.php/Home/Index/login.html
INFO: [ app_init ] --START--
INFO: Run Behavior\BuildLiteBehavior [ RunTime:0.000000s ]
INFO: [ app_init ] --END-- [ RunTime:0.001000s ]
INFO: [ app_begin ] --START--
INFO: Run Behavior\ReadHtmlCacheBehavior [ RunTime:0.001000s ]
INFO: [ app_begin ] --END-- [ RunTime:0.001000s ]
INFO: [ view_parse ] --START--
INFO: [ template_filter ] --START--
INFO: Run Behavior\ContentReplaceBehavior [ RunTime:0.000000s ]
INFO: [ template_filter ] --END-- [ RunTime:0.000000s ]
INFO: Run Behavior\ParseTemplateBehavior [ RunTime:0.081005s ]
INFO: [ view_parse ] --END-- [ RunTime:0.081005s ]
INFO: [ view_filter ] --START--
INFO: Run Behavior\WriteHtmlCacheBehavior [ RunTime:0.003000s ]
INFO: [ view_filter ] --END-- [ RunTime:0.003000s ]
INFO: [ app_end ] --START--
INFO: Run Behavior\ShowPageTraceBehavior [ RunTime:0.001000s ]
INFO: [ app_end ] --END-- [ RunTime:0.001000s ]

[ 2016-07-06T09:15:59+08:00 ] ::1 /eduadmin/index.php/Home/Index/check_login
INFO: [ app_init ] --START--
INFO: Run Behavior\BuildLiteBehavior [ RunTime:0.000000s ]
INFO: [ app_init ] --END-- [ RunTime:0.001000s ]
INFO: [ app_begin ] --START--
INFO: Run Behavior\ReadHtmlCacheBehavior [ RunTime:0.001000s ]
INFO: [ app_begin ] --END-- [ RunTime:0.001000s ]
NOTIC: [8] A session had already been started - ignoring session_start() D:\xampp\htdocs\eduadmin\Application\Home\Controller\IndexController.class.php 第 18 行.
SQL: SHOW COLUMNS FROM `info_user` [ RunTime:0.0810s ]
SQL: SELECT * FROM `info_user` WHERE `user_id` = 0 LIMIT 1   [ RunTime:0.0260s ]
INFO: [ view_parse ] --START--
INFO: [ template_filter ] --START--
INFO: Run Behavior\ContentReplaceBehavior [ RunTime:0.000000s ]
INFO: [ template_filter ] --END-- [ RunTime:0.000000s ]
INFO: Run Behavior\ParseTemplateBehavior [ RunTime:0.098005s ]
INFO: [ view_parse ] --END-- [ RunTime:0.098005s ]
INFO: [ view_filter ] --START--
INFO: Run Behavior\WriteHtmlCacheBehavior [ RunTime:0.001000s ]
INFO: [ view_filter ] --END-- [ RunTime:0.001000s ]

[ 2016-07-06T09:16:06+08:00 ] ::1 /eduadmin/index.php/Home/Index/check_login
INFO: [ app_init ] --START--
INFO: Run Behavior\BuildLiteBehavior [ RunTime:0.000000s ]
INFO: [ app_init ] --END-- [ RunTime:0.001000s ]
INFO: [ app_begin ] --START--
INFO: Run Behavior\ReadHtmlCacheBehavior [ RunTime:0.002000s ]
INFO: [ app_begin ] --END-- [ RunTime:0.002000s ]
NOTIC: [8] A session had already been started - ignoring session_start() D:\xampp\htdocs\eduadmin\Application\Home\Controller\IndexController.class.php 第 18 行.
SQL: SHOW COLUMNS FROM `info_user` [ RunTime:0.0140s ]
SQL: SELECT * FROM `info_user` WHERE `user_id` = 0 LIMIT 1   [ RunTime:0.0020s ]
INFO: [ view_parse ] --START--
INFO: [ template_filter ] --START--
INFO: Run Behavior\ContentReplaceBehavior [ RunTime:0.000000s ]
INFO: [ template_filter ] --END-- [ RunTime:0.000000s ]
INFO: Run Behavior\ParseTemplateBehavior [ RunTime:0.042003s ]
INFO: [ view_parse ] --END-- [ RunTime:0.043003s ]
INFO: [ view_filter ] --START--
INFO: Run Behavior\WriteHtmlCacheBehavior [ RunTime:0.001000s ]
INFO: [ view_filter ] --END-- [ RunTime:0.001000s ]
INFO: [ app_end ] --START--
INFO: Run Behavior\ShowPageTraceBehavior [ RunTime:0.002000s ]
INFO: [ app_end ] --END-- [ RunTime:0.002000s ]

[ 2016-07-06T09:16:08+08:00 ] ::1 /eduadmin/index.php/Home/Index/student.html
INFO: [ app_init ] --START--
INFO: Run Behavior\BuildLiteBehavior [ RunTime:0.000000s ]
INFO: [ app_init ] --END-- [ RunTime:0.002000s ]
INFO: [ app_begin ] --START--
INFO: Run Behavior\ReadHtmlCacheBehavior [ RunTime:0.004001s ]
INFO: [ app_begin ] --END-- [ RunTime:0.004001s ]
NOTIC: [8] A session had already been started - ignoring session_start() D:\xampp\htdocs\eduadmin\Application\Home\Controller\IndexController.class.php 第 51 行.
SQL: SHOW COLUMNS FROM `info_user` [ RunTime:0.0130s ]
SQL: SELECT * FROM `info_user` WHERE `user_id` = 0 LIMIT 1   [ RunTime:0.0010s ]
NOTIC: [8] A session had already been started - ignoring session_start() D:\xampp\htdocs\eduadmin\Application\Home\Controller\IndexController.class.php 第 72 行.
NOTIC: [8] Undefined variable: conditon D:\xampp\htdocs\eduadmin\Application\Home\Controller\IndexController.class.php 第 75 行.
SQL: SELECT * FROM `info_user` LIMIT 1   [ RunTime:0.0010s ]
INFO: [ view_parse ] --START--
INFO: [ template_filter ] --START--
INFO: Run Behavior\ContentReplaceBehavior [ RunTime:0.000000s ]
INFO: [ template_filter ] --END-- [ RunTime:0.000000s ]
NOTIC: [8] Undefined variable: date D:\xampp\htdocs\eduadmin\Application\Runtime\Cache\Home\81ff9fdd127e4f55be5a6c725b998cff.php 第 13 行.
INFO: Run Behavior\ParseTemplateBehavior [ RunTime:0.037002s ]
INFO: [ view_parse ] --END-- [ RunTime:0.037002s ]
INFO: [ view_filter ] --START--
INFO: Run Behavior\WriteHtmlCacheBehavior [ RunTime:0.001000s ]
INFO: [ view_filter ] --END-- [ RunTime:0.002000s ]
INFO: [ app_end ] --START--
INFO: Run Behavior\ShowPageTraceBehavior [ RunTime:0.002000s ]
INFO: [ app_end ] --END-- [ RunTime:0.003000s ]

[ 2016-07-06T09:16:08+08:00 ] ::1 /eduadmin/index.php/Home/Index/student_page
INFO: [ app_init ] --START--
INFO: Run Behavior\BuildLiteBehavior [ RunTime:0.000000s ]
INFO: [ app_init ] --END-- [ RunTime:0.002000s ]
INFO: [ app_begin ] --START--
INFO: Run Behavior\ReadHtmlCacheBehavior [ RunTime:0.003000s ]
INFO: [ app_begin ] --END-- [ RunTime:0.003000s ]
NOTIC: [8] A session had already been started - ignoring session_start() D:\xampp\htdocs\eduadmin\Application\Home\Controller\IndexController.class.php 第 51 行.
SQL: SHOW COLUMNS FROM `info_user` [ RunTime:0.0120s ]
SQL: SELECT * FROM `info_user` WHERE `user_id` = 0 LIMIT 1   [ RunTime:0.0010s ]
INFO: [ view_parse ] --START--
INFO: [ template_filter ] --START--
INFO: Run Behavior\ContentReplaceBehavior [ RunTime:0.000000s ]
INFO: [ template_filter ] --END-- [ RunTime:0.000000s ]
INFO: Run Behavior\ParseTemplateBehavior [ RunTime:0.024001s ]
INFO: [ view_parse ] --END-- [ RunTime:0.026001s ]
INFO: [ view_filter ] --START--
INFO: Run Behavior\WriteHtmlCacheBehavior [ RunTime:0.001001s ]
INFO: [ view_filter ] --END-- [ RunTime:0.002001s ]
INFO: [ app_end ] --START--
INFO: Run Behavior\ShowPageTraceBehavior [ RunTime:0.003000s ]
INFO: [ app_end ] --END-- [ RunTime:0.003000s ]

[ 2016-07-06T09:16:24+08:00 ] ::1 /eduadmin/index.php/Home/Index/manageCourse
INFO: [ app_init ] --START--
INFO: Run Behavior\BuildLiteBehavior [ RunTime:0.000000s ]
INFO: [ app_init ] --END-- [ RunTime:0.002000s ]
INFO: [ app_begin ] --START--
INFO: Run Behavior\ReadHtmlCacheBehavior [ RunTime:0.001000s ]
INFO: [ app_begin ] --END-- [ RunTime:0.001000s ]
NOTIC: [8] A session had already been started - ignoring session_start() D:\xampp\htdocs\eduadmin\Application\Home\Controller\IndexController.class.php 第 51 行.
SQL: SHOW COLUMNS FROM `info_user` [ RunTime:0.0100s ]
SQL: SELECT * FROM `info_user` WHERE `user_id` = 0 LIMIT 1   [ RunTime:0.0020s ]
NOTIC: [8] A session had already been started - ignoring session_start() D:\xampp\htdocs\eduadmin\Application\Home\Controller\IndexController.class.php 第 265 行.
SQL: SHOW COLUMNS FROM `info_course` [ RunTime:0.0300s ]
SQL: SELECT * FROM `info_course` WHERE `teacher` = 0  [ RunTime:0.0250s ]
INFO: [ view_parse ] --START--
INFO: [ template_filter ] --START--
INFO: Run Behavior\ContentReplaceBehavior [ RunTime:0.000000s ]
INFO: [ template_filter ] --END-- [ RunTime:0.000000s ]
NOTIC: [8] Undefined index: time D:\xampp\htdocs\eduadmin\Application\Runtime\Cache\Home\e4473b82a3667de8f7e075ab6aa01e72.php 第 56 行.
NOTIC: [8] Undefined index: time D:\xampp\htdocs\eduadmin\Application\Runtime\Cache\Home\e4473b82a3667de8f7e075ab6aa01e72.php 第 56 行.
NOTIC: [8] Undefined variable: pagestyle D:\xampp\htdocs\eduadmin\Application\Runtime\Cache\Home\e4473b82a3667de8f7e075ab6aa01e72.php 第 61 行.
NOTIC: [8] Undefined variable: page D:\xampp\htdocs\eduadmin\Application\Runtime\Cache\Home\e4473b82a3667de8f7e075ab6aa01e72.php 第 61 行.
INFO: Run Behavior\ParseTemplateBehavior [ RunTime:0.073004s ]
INFO: [ view_parse ] --END-- [ RunTime:0.073004s ]
INFO: [ view_filter ] --START--
INFO: Run Behavior\WriteHtmlCacheBehavior [ RunTime:0.003000s ]
INFO: [ view_filter ] --END-- [ RunTime:0.003000s ]
INFO: [ app_end ] --START--
INFO: Run Behavior\ShowPageTraceBehavior [ RunTime:0.003001s ]
INFO: [ app_end ] --END-- [ RunTime:0.003001s ]

[ 2016-07-06T09:16:26+08:00 ] ::1 /eduadmin/index.php/Home/Index/publishCourse
INFO: [ app_init ] --START--
INFO: Run Behavior\BuildLiteBehavior [ RunTime:0.000000s ]
INFO: [ app_init ] --END-- [ RunTime:0.002000s ]
INFO: [ app_begin ] --START--
INFO: Run Behavior\ReadHtmlCacheBehavior [ RunTime:0.002000s ]
INFO: [ app_begin ] --END-- [ RunTime:0.002000s ]
NOTIC: [8] A session had already been started - ignoring session_start() D:\xampp\htdocs\eduadmin\Application\Home\Controller\IndexController.class.php 第 51 行.
SQL: SHOW COLUMNS FROM `info_user` [ RunTime:0.0170s ]
SQL: SELECT * FROM `info_user` WHERE `user_id` = 0 LIMIT 1   [ RunTime:0.0020s ]
INFO: [ view_parse ] --START--
INFO: [ template_filter ] --START--
INFO: Run Behavior\ContentReplaceBehavior [ RunTime:0.000000s ]
INFO: [ template_filter ] --END-- [ RunTime:0.001000s ]
INFO: Run Behavior\ParseTemplateBehavior [ RunTime:0.018001s ]
INFO: [ view_parse ] --END-- [ RunTime:0.018001s ]
INFO: [ view_filter ] --START--
INFO: Run Behavior\WriteHtmlCacheBehavior [ RunTime:0.002000s ]
INFO: [ view_filter ] --END-- [ RunTime:0.002000s ]
INFO: [ app_end ] --START--
INFO: Run Behavior\ShowPageTraceBehavior [ RunTime:0.002000s ]
INFO: [ app_end ] --END-- [ RunTime:0.002000s ]

[ 2016-07-06T09:16:31+08:00 ] ::1 /eduadmin/index.php/Home/Index/listCourse
INFO: [ app_init ] --START--
INFO: Run Behavior\BuildLiteBehavior [ RunTime:0.000000s ]
INFO: [ app_init ] --END-- [ RunTime:0.001000s ]
INFO: [ app_begin ] --START--
INFO: Run Behavior\ReadHtmlCacheBehavior [ RunTime:0.002000s ]
INFO: [ app_begin ] --END-- [ RunTime:0.002000s ]
NOTIC: [8] A session had already been started - ignoring session_start() D:\xampp\htdocs\eduadmin\Application\Home\Controller\IndexController.class.php 第 51 行.
SQL: SHOW COLUMNS FROM `info_user` [ RunTime:0.0130s ]
SQL: SELECT * FROM `info_user` WHERE `user_id` = 0 LIMIT 1   [ RunTime:0.0000s ]
SQL: SHOW COLUMNS FROM `info_course` [ RunTime:0.0080s ]
SQL: SELECT COUNT(*) AS tp_count FROM `info_course` LIMIT 1   [ RunTime:0.0080s ]
SQL: SELECT * FROM `info_course` ORDER BY course_id  [ RunTime:0.0010s ]
INFO: [ view_parse ] --START--
INFO: [ template_filter ] --START--
INFO: Run Behavior\ContentReplaceBehavior [ RunTime:0.000000s ]
INFO: [ template_filter ] --END-- [ RunTime:0.000000s ]
NOTIC: [8] Undefined index: time D:\xampp\htdocs\eduadmin\Application\Runtime\Cache\Home\2e2343a37a0a96ffec8cf628d376d3e2.php 第 59 行.
NOTIC: [8] Undefined index: time D:\xampp\htdocs\eduadmin\Application\Runtime\Cache\Home\2e2343a37a0a96ffec8cf628d376d3e2.php 第 59 行.
NOTIC: [8] Undefined variable: displaypage D:\xampp\htdocs\eduadmin\Application\Runtime\Cache\Home\2e2343a37a0a96ffec8cf628d376d3e2.php 第 64 行.
INFO: Run Behavior\ParseTemplateBehavior [ RunTime:0.039002s ]
INFO: [ view_parse ] --END-- [ RunTime:0.039002s ]
INFO: [ view_filter ] --START--
INFO: Run Behavior\WriteHtmlCacheBehavior [ RunTime:0.002000s ]
INFO: [ view_filter ] --END-- [ RunTime:0.002000s ]
INFO: [ app_end ] --START--
INFO: Run Behavior\ShowPageTraceBehavior [ RunTime:0.001001s ]
INFO: [ app_end ] --END-- [ RunTime:0.002001s ]

[ 2016-07-06T09:16:38+08:00 ] ::1 /eduadmin/index.php/Home/Index/selectedCourse
INFO: [ app_init ] --START--
INFO: Run Behavior\BuildLiteBehavior [ RunTime:0.000000s ]
INFO: [ app_init ] --END-- [ RunTime:0.004000s ]
INFO: [ app_begin ] --START--
INFO: Run Behavior\ReadHtmlCacheBehavior [ RunTime:0.001000s ]
INFO: [ app_begin ] --END-- [ RunTime:0.001000s ]
NOTIC: [8] A session had already been started - ignoring session_start() D:\xampp\htdocs\eduadmin\Application\Home\Controller\IndexController.class.php 第 51 行.
SQL: SHOW COLUMNS FROM `info_user` [ RunTime:0.0100s ]
SQL: SELECT * FROM `info_user` WHERE `user_id` = 0 LIMIT 1   [ RunTime:0.0010s ]
NOTIC: [8] A session had already been started - ignoring session_start() D:\xampp\htdocs\eduadmin\Application\Home\Controller\IndexController.class.php 第 182 行.
SQL: SHOW COLUMNS FROM `info_selected` [ RunTime:0.0910s ]
SQL: SELECT * FROM `info_selected` INNER JOIN info_Course on info_selected.course_id = info_course.course_id  WHERE ( user_id=0 )  [ RunTime:0.0080s ]
INFO: [ view_parse ] --START--
INFO: [ template_filter ] --START--
INFO: Run Behavior\ContentReplaceBehavior [ RunTime:0.001000s ]
INFO: [ template_filter ] --END-- [ RunTime:0.001000s ]
INFO: Run Behavior\ParseTemplateBehavior [ RunTime:0.037002s ]
INFO: [ view_parse ] --END-- [ RunTime:0.037002s ]
INFO: [ view_filter ] --START--
INFO: Run Behavior\WriteHtmlCacheBehavior [ RunTime:0.002000s ]
INFO: [ view_filter ] --END-- [ RunTime:0.002000s ]
INFO: [ app_end ] --START--
INFO: Run Behavior\ShowPageTraceBehavior [ RunTime:0.002000s ]
INFO: [ app_end ] --END-- [ RunTime:0.002000s ]

[ 2016-07-06T09:16:39+08:00 ] ::1 /eduadmin/index.php/Home/Index/listCourse
INFO: [ app_init ] --START--
INFO: Run Behavior\BuildLiteBehavior [ RunTime:0.000000s ]
INFO: [ app_init ] --END-- [ RunTime:0.001000s ]
INFO: [ app_begin ] --START--
INFO: Run Behavior\ReadHtmlCacheBehavior [ RunTime:0.002000s ]
INFO: [ app_begin ] --END-- [ RunTime:0.002000s ]
NOTIC: [8] A session had already been started - ignoring session_start() D:\xampp\htdocs\eduadmin\Application\Home\Controller\IndexController.class.php 第 51 行.
SQL: SHOW COLUMNS FROM `info_user` [ RunTime:0.0090s ]
SQL: SELECT * FROM `info_user` WHERE `user_id` = 0 LIMIT 1   [ RunTime:0.0000s ]
SQL: SHOW COLUMNS FROM `info_course` [ RunTime:0.0080s ]
SQL: SELECT COUNT(*) AS tp_count FROM `info_course` LIMIT 1   [ RunTime:0.0010s ]
SQL: SELECT * FROM `info_course` ORDER BY course_id  [ RunTime:0.0010s ]
INFO: [ view_parse ] --START--
INFO: [ template_filter ] --START--
INFO: Run Behavior\ContentReplaceBehavior [ RunTime:0.000000s ]
INFO: [ template_filter ] --END-- [ RunTime:0.000000s ]
NOTIC: [8] Undefined index: time D:\xampp\htdocs\eduadmin\Application\Runtime\Cache\Home\2e2343a37a0a96ffec8cf628d376d3e2.php 第 59 行.
NOTIC: [8] Undefined index: time D:\xampp\htdocs\eduadmin\Application\Runtime\Cache\Home\2e2343a37a0a96ffec8cf628d376d3e2.php 第 59 行.
NOTIC: [8] Undefined variable: displaypage D:\xampp\htdocs\eduadmin\Application\Runtime\Cache\Home\2e2343a37a0a96ffec8cf628d376d3e2.php 第 64 行.
INFO: Run Behavior\ParseTemplateBehavior [ RunTime:0.053003s ]
INFO: [ view_parse ] --END-- [ RunTime:0.053003s ]
INFO: [ view_filter ] --START--
INFO: Run Behavior\WriteHtmlCacheBehavior [ RunTime:0.002000s ]
INFO: [ view_filter ] --END-- [ RunTime:0.002000s ]
INFO: [ app_end ] --START--
INFO: Run Behavior\ShowPageTraceBehavior [ RunTime:0.002000s ]
INFO: [ app_end ] --END-- [ RunTime:0.002000s ]

