[ 2016-07-15T11:23:54+08:00 ] ::1 /eduadmin/
INFO: [ app_init ] --START--
INFO: Run Behavior\BuildLiteBehavior [ RunTime:0.000000s ]
INFO: [ app_init ] --END-- [ RunTime:0.105006s ]
INFO: [ app_begin ] --START--
INFO: Run Behavior\ReadHtmlCacheBehavior [ RunTime:0.027002s ]
INFO: [ app_begin ] --END-- [ RunTime:0.027002s ]
INFO: [ app_end ] --START--
INFO: Run Behavior\ShowPageTraceBehavior [ RunTime:0.011001s ]
INFO: [ app_end ] --END-- [ RunTime:0.012001s ]

[ 2016-07-15T11:23:55+08:00 ] ::1 /eduadmin/index.php/Home/Index/login.html
INFO: [ app_init ] --START--
INFO: Run Behavior\BuildLiteBehavior [ RunTime:0.000000s ]
INFO: [ app_init ] --END-- [ RunTime:0.002000s ]
INFO: [ app_begin ] --START--
INFO: Run Behavior\ReadHtmlCacheBehavior [ RunTime:0.002000s ]
INFO: [ app_begin ] --END-- [ RunTime:0.002000s ]
INFO: [ view_parse ] --START--
INFO: [ template_filter ] --START--
INFO: Run Behavior\ContentReplaceBehavior [ RunTime:0.053003s ]
INFO: [ template_filter ] --END-- [ RunTime:0.053003s ]
INFO: Run Behavior\ParseTemplateBehavior [ RunTime:0.199011s ]
INFO: [ view_parse ] --END-- [ RunTime:0.199011s ]
INFO: [ view_filter ] --START--
INFO: Run Behavior\WriteHtmlCacheBehavior [ RunTime:0.215012s ]
INFO: [ view_filter ] --END-- [ RunTime:0.215012s ]
INFO: [ app_end ] --START--
INFO: Run Behavior\ShowPageTraceBehavior [ RunTime:0.003000s ]
INFO: [ app_end ] --END-- [ RunTime:0.004000s ]

[ 2016-07-15T11:24:04+08:00 ] ::1 /eduadmin/index.php/Home/Index/check_login
INFO: [ app_init ] --START--
INFO: Run Behavior\BuildLiteBehavior [ RunTime:0.000000s ]
INFO: [ app_init ] --END-- [ RunTime:0.007000s ]
INFO: [ app_begin ] --START--
INFO: Run Behavior\ReadHtmlCacheBehavior [ RunTime:0.005000s ]
INFO: [ app_begin ] --END-- [ RunTime:0.006000s ]
NOTIC: [8] A session had already been started - ignoring session_start() D:\xampp\htdocs\eduadmin\Application\Home\Controller\IndexController.class.php 第 18 行.
SQL: SHOW COLUMNS FROM `info_user` [ RunTime:0.7470s ]
SQL: SELECT * FROM `info_user` WHERE `user_id` = 1 LIMIT 1   [ RunTime:0.0290s ]
INFO: [ view_parse ] --START--
INFO: [ template_filter ] --START--
INFO: Run Behavior\ContentReplaceBehavior [ RunTime:0.000000s ]
INFO: [ template_filter ] --END-- [ RunTime:0.001001s ]
INFO: Run Behavior\ParseTemplateBehavior [ RunTime:0.058003s ]
INFO: [ view_parse ] --END-- [ RunTime:0.058003s ]
INFO: [ view_filter ] --START--
INFO: Run Behavior\WriteHtmlCacheBehavior [ RunTime:0.004000s ]
INFO: [ view_filter ] --END-- [ RunTime:0.004000s ]
INFO: [ app_end ] --START--
INFO: Run Behavior\ShowPageTraceBehavior [ RunTime:0.003000s ]
INFO: [ app_end ] --END-- [ RunTime:0.003000s ]

[ 2016-07-15T11:24:05+08:00 ] ::1 /eduadmin/index.php/Home/Index/student.html
INFO: [ app_init ] --START--
INFO: Run Behavior\BuildLiteBehavior [ RunTime:0.001000s ]
INFO: [ app_init ] --END-- [ RunTime:0.007000s ]
INFO: [ app_begin ] --START--
INFO: Run Behavior\ReadHtmlCacheBehavior [ RunTime:0.002001s ]
INFO: [ app_begin ] --END-- [ RunTime:0.002001s ]
NOTIC: [8] A session had already been started - ignoring session_start() D:\xampp\htdocs\eduadmin\Application\Home\Controller\IndexController.class.php 第 51 行.
SQL: SHOW COLUMNS FROM `info_user` [ RunTime:0.0170s ]
SQL: SELECT * FROM `info_user` WHERE `user_id` = 1 LIMIT 1   [ RunTime:0.0100s ]
NOTIC: [8] A session had already been started - ignoring session_start() D:\xampp\htdocs\eduadmin\Application\Home\Controller\IndexController.class.php 第 72 行.
NOTIC: [8] Undefined variable: conditon D:\xampp\htdocs\eduadmin\Application\Home\Controller\IndexController.class.php 第 75 行.
SQL: SELECT * FROM `info_user` LIMIT 1   [ RunTime:0.0010s ]
NOTIC: [8] Undefined index: name D:\xampp\htdocs\eduadmin\Application\Home\Controller\IndexController.class.php 第 76 行.
INFO: [ view_parse ] --START--
INFO: [ template_filter ] --START--
INFO: Run Behavior\ContentReplaceBehavior [ RunTime:0.000000s ]
INFO: [ template_filter ] --END-- [ RunTime:0.000000s ]
NOTIC: [8] Undefined variable: date D:\xampp\htdocs\eduadmin\Application\Runtime\Cache\Home\81ff9fdd127e4f55be5a6c725b998cff.php 第 13 行.
INFO: Run Behavior\ParseTemplateBehavior [ RunTime:0.063004s ]
INFO: [ view_parse ] --END-- [ RunTime:0.063004s ]
INFO: [ view_filter ] --START--
INFO: Run Behavior\WriteHtmlCacheBehavior [ RunTime:0.003000s ]
INFO: [ view_filter ] --END-- [ RunTime:0.003000s ]
INFO: [ app_end ] --START--
INFO: Run Behavior\ShowPageTraceBehavior [ RunTime:0.002000s ]
INFO: [ app_end ] --END-- [ RunTime:0.003000s ]

[ 2016-07-15T11:24:06+08:00 ] ::1 /eduadmin/index.php/Home/Index/student_page
INFO: [ app_init ] --START--
INFO: Run Behavior\BuildLiteBehavior [ RunTime:0.000000s ]
INFO: [ app_init ] --END-- [ RunTime:0.001000s ]
INFO: [ app_begin ] --START--
INFO: Run Behavior\ReadHtmlCacheBehavior [ RunTime:0.004000s ]
INFO: [ app_begin ] --END-- [ RunTime:0.006000s ]
NOTIC: [8] A session had already been started - ignoring session_start() D:\xampp\htdocs\eduadmin\Application\Home\Controller\IndexController.class.php 第 51 行.
SQL: SHOW COLUMNS FROM `info_user` [ RunTime:0.0120s ]
SQL: SELECT * FROM `info_user` WHERE `user_id` = 1 LIMIT 1   [ RunTime:0.0080s ]
INFO: [ view_parse ] --START--
INFO: [ template_filter ] --START--
INFO: Run Behavior\ContentReplaceBehavior [ RunTime:0.000000s ]
INFO: [ template_filter ] --END-- [ RunTime:0.001000s ]
INFO: Run Behavior\ParseTemplateBehavior [ RunTime:0.037002s ]
INFO: [ view_parse ] --END-- [ RunTime:0.037002s ]
INFO: [ view_filter ] --START--
INFO: Run Behavior\WriteHtmlCacheBehavior [ RunTime:0.001000s ]
INFO: [ view_filter ] --END-- [ RunTime:0.001000s ]
INFO: [ app_end ] --START--
INFO: Run Behavior\ShowPageTraceBehavior [ RunTime:0.001001s ]
INFO: [ app_end ] --END-- [ RunTime:0.001001s ]

[ 2016-07-15T11:24:07+08:00 ] ::1 /eduadmin/index.php/Home/Index/manageCourse
INFO: [ app_init ] --START--
INFO: Run Behavior\BuildLiteBehavior [ RunTime:0.000000s ]
INFO: [ app_init ] --END-- [ RunTime:0.001001s ]
INFO: [ app_begin ] --START--
INFO: Run Behavior\ReadHtmlCacheBehavior [ RunTime:0.001000s ]
INFO: [ app_begin ] --END-- [ RunTime:0.002000s ]
NOTIC: [8] A session had already been started - ignoring session_start() D:\xampp\htdocs\eduadmin\Application\Home\Controller\IndexController.class.php 第 51 行.
SQL: SHOW COLUMNS FROM `info_user` [ RunTime:0.0110s ]
SQL: SELECT * FROM `info_user` WHERE `user_id` = 1 LIMIT 1   [ RunTime:0.0010s ]
NOTIC: [8] A session had already been started - ignoring session_start() D:\xampp\htdocs\eduadmin\Application\Home\Controller\IndexController.class.php 第 238 行.
SQL: SHOW COLUMNS FROM `info_course` [ RunTime:0.0620s ]
SQL: SELECT * FROM `info_course`  [ RunTime:0.0010s ]
INFO: [ view_parse ] --START--
INFO: [ template_filter ] --START--
INFO: Run Behavior\ContentReplaceBehavior [ RunTime:0.000000s ]
INFO: [ template_filter ] --END-- [ RunTime:0.000000s ]
NOTIC: [8] Undefined variable: pagestyle D:\xampp\htdocs\eduadmin\Application\Runtime\Cache\Home\e4473b82a3667de8f7e075ab6aa01e72.php 第 63 行.
NOTIC: [8] Undefined variable: page D:\xampp\htdocs\eduadmin\Application\Runtime\Cache\Home\e4473b82a3667de8f7e075ab6aa01e72.php 第 63 行.
INFO: Run Behavior\ParseTemplateBehavior [ RunTime:0.107006s ]
INFO: [ view_parse ] --END-- [ RunTime:0.108006s ]
INFO: [ view_filter ] --START--
INFO: Run Behavior\WriteHtmlCacheBehavior [ RunTime:0.002000s ]
INFO: [ view_filter ] --END-- [ RunTime:0.002000s ]
INFO: [ app_end ] --START--
INFO: Run Behavior\ShowPageTraceBehavior [ RunTime:0.002000s ]
INFO: [ app_end ] --END-- [ RunTime:0.002000s ]

[ 2016-07-15T11:24:10+08:00 ] ::1 /eduadmin/index.php/Home/Index/publishCourse
INFO: [ app_init ] --START--
INFO: Run Behavior\BuildLiteBehavior [ RunTime:0.000000s ]
INFO: [ app_init ] --END-- [ RunTime:0.003001s ]
INFO: [ app_begin ] --START--
INFO: Run Behavior\ReadHtmlCacheBehavior [ RunTime:0.002000s ]
INFO: [ app_begin ] --END-- [ RunTime:0.003000s ]
NOTIC: [8] A session had already been started - ignoring session_start() D:\xampp\htdocs\eduadmin\Application\Home\Controller\IndexController.class.php 第 51 行.
SQL: SHOW COLUMNS FROM `info_user` [ RunTime:0.0150s ]
SQL: SELECT * FROM `info_user` WHERE `user_id` = 1 LIMIT 1   [ RunTime:0.0010s ]
INFO: [ view_parse ] --START--
INFO: [ template_filter ] --START--
INFO: Run Behavior\ContentReplaceBehavior [ RunTime:0.000000s ]
INFO: [ template_filter ] --END-- [ RunTime:0.001000s ]
INFO: Run Behavior\ParseTemplateBehavior [ RunTime:0.038002s ]
INFO: [ view_parse ] --END-- [ RunTime:0.038002s ]
INFO: [ view_filter ] --START--
INFO: Run Behavior\WriteHtmlCacheBehavior [ RunTime:0.002000s ]
INFO: [ view_filter ] --END-- [ RunTime:0.002000s ]
INFO: [ app_end ] --START--
INFO: Run Behavior\ShowPageTraceBehavior [ RunTime:0.003001s ]
INFO: [ app_end ] --END-- [ RunTime:0.004001s ]

[ 2016-07-15T11:24:11+08:00 ] ::1 /eduadmin/index.php/Home/Index/listCourse
INFO: [ app_init ] --START--
INFO: Run Behavior\BuildLiteBehavior [ RunTime:0.000000s ]
INFO: [ app_init ] --END-- [ RunTime:0.002001s ]
INFO: [ app_begin ] --START--
INFO: Run Behavior\ReadHtmlCacheBehavior [ RunTime:0.003000s ]
INFO: [ app_begin ] --END-- [ RunTime:0.003000s ]
NOTIC: [8] A session had already been started - ignoring session_start() D:\xampp\htdocs\eduadmin\Application\Home\Controller\IndexController.class.php 第 51 行.
SQL: SHOW COLUMNS FROM `info_user` [ RunTime:0.0840s ]
SQL: SELECT * FROM `info_user` WHERE `user_id` = 1 LIMIT 1   [ RunTime:0.0010s ]
SQL: SHOW COLUMNS FROM `info_course` [ RunTime:0.0170s ]
SQL: SELECT COUNT(*) AS tp_count FROM `info_course` LIMIT 1   [ RunTime:0.0660s ]
SQL: SELECT * FROM `info_course` INNER JOIN info_User on info_course.teacher = info_user.user_id   [ RunTime:0.0380s ]
INFO: [ view_parse ] --START--
INFO: [ template_filter ] --START--
INFO: Run Behavior\ContentReplaceBehavior [ RunTime:0.000000s ]
INFO: [ template_filter ] --END-- [ RunTime:0.000000s ]
NOTIC: [8] Undefined variable: displaypage D:\xampp\htdocs\eduadmin\Application\Runtime\Cache\Home\2e2343a37a0a96ffec8cf628d376d3e2.php 第 64 行.
INFO: Run Behavior\ParseTemplateBehavior [ RunTime:0.047002s ]
INFO: [ view_parse ] --END-- [ RunTime:0.047002s ]
INFO: [ view_filter ] --START--
INFO: Run Behavior\WriteHtmlCacheBehavior [ RunTime:0.001000s ]
INFO: [ view_filter ] --END-- [ RunTime:0.001000s ]
INFO: [ app_end ] --START--
INFO: Run Behavior\ShowPageTraceBehavior [ RunTime:0.002000s ]
INFO: [ app_end ] --END-- [ RunTime:0.003000s ]

[ 2016-07-15T11:24:12+08:00 ] ::1 /eduadmin/index.php/Home/Index/selectedCourse
INFO: [ app_init ] --START--
INFO: Run Behavior\BuildLiteBehavior [ RunTime:0.000000s ]
INFO: [ app_init ] --END-- [ RunTime:0.002000s ]
INFO: [ app_begin ] --START--
INFO: Run Behavior\ReadHtmlCacheBehavior [ RunTime:0.003000s ]
INFO: [ app_begin ] --END-- [ RunTime:0.007001s ]
NOTIC: [8] A session had already been started - ignoring session_start() D:\xampp\htdocs\eduadmin\Application\Home\Controller\IndexController.class.php 第 51 行.
SQL: SHOW COLUMNS FROM `info_user` [ RunTime:0.0170s ]
SQL: SELECT * FROM `info_user` WHERE `user_id` = 1 LIMIT 1   [ RunTime:0.0010s ]
NOTIC: [8] A session had already been started - ignoring session_start() D:\xampp\htdocs\eduadmin\Application\Home\Controller\IndexController.class.php 第 181 行.
SQL: SHOW COLUMNS FROM `info_selected` [ RunTime:0.0590s ]
SQL: SELECT * FROM `info_selected` INNER JOIN info_Course on info_selected.course_id = info_course.course_id INNER JOIN info_User on info_course.teacher = info_user.user_id  WHERE ( info_user.user_id=1 )  [ RunTime:0.1220s ]
INFO: [ view_parse ] --START--
INFO: [ template_filter ] --START--
INFO: Run Behavior\ContentReplaceBehavior [ RunTime:0.000000s ]
INFO: [ template_filter ] --END-- [ RunTime:0.000000s ]
INFO: Run Behavior\ParseTemplateBehavior [ RunTime:0.046003s ]
INFO: [ view_parse ] --END-- [ RunTime:0.046003s ]
INFO: [ view_filter ] --START--
INFO: Run Behavior\WriteHtmlCacheBehavior [ RunTime:0.002000s ]
INFO: [ view_filter ] --END-- [ RunTime:0.002000s ]
INFO: [ app_end ] --START--
INFO: Run Behavior\ShowPageTraceBehavior [ RunTime:0.003000s ]
INFO: [ app_end ] --END-- [ RunTime:0.003000s ]

[ 2016-07-15T11:24:14+08:00 ] ::1 /eduadmin/index.php/Home/Index/stulistclasstime/id/11
INFO: [ app_init ] --START--
INFO: Run Behavior\BuildLiteBehavior [ RunTime:0.000000s ]
INFO: [ app_init ] --END-- [ RunTime:0.002000s ]
INFO: [ app_begin ] --START--
INFO: Run Behavior\ReadHtmlCacheBehavior [ RunTime:0.003000s ]
INFO: [ app_begin ] --END-- [ RunTime:0.003000s ]
NOTIC: [8] A session had already been started - ignoring session_start() D:\xampp\htdocs\eduadmin\Application\Home\Controller\IndexController.class.php 第 51 行.
SQL: SHOW COLUMNS FROM `info_user` [ RunTime:0.0200s ]
SQL: SELECT * FROM `info_user` WHERE `user_id` = 1 LIMIT 1   [ RunTime:0.0010s ]
NOTIC: [8] A session had already been started - ignoring session_start() D:\xampp\htdocs\eduadmin\Application\Home\Controller\IndexController.class.php 第 402 行.
SQL: SHOW COLUMNS FROM `info_classtime` [ RunTime:0.0450s ]
SQL: SELECT * FROM `info_classtime` WHERE `course_id` = 11  [ RunTime:0.0240s ]
NOTIC: [8] A non well formed numeric value encountered D:\xampp\htdocs\eduadmin\Application\Home\Controller\IndexController.class.php 第 408 行.
NOTIC: [8] A non well formed numeric value encountered D:\xampp\htdocs\eduadmin\Application\Home\Controller\IndexController.class.php 第 409 行.
NOTIC: [8] A non well formed numeric value encountered D:\xampp\htdocs\eduadmin\Application\Home\Controller\IndexController.class.php 第 410 行.
INFO: [ view_parse ] --START--
INFO: [ template_filter ] --START--
INFO: Run Behavior\ContentReplaceBehavior [ RunTime:0.001000s ]
INFO: [ template_filter ] --END-- [ RunTime:0.001000s ]
INFO: Run Behavior\ParseTemplateBehavior [ RunTime:0.039002s ]
INFO: [ view_parse ] --END-- [ RunTime:0.039002s ]
INFO: [ view_filter ] --START--
INFO: Run Behavior\WriteHtmlCacheBehavior [ RunTime:0.001000s ]
INFO: [ view_filter ] --END-- [ RunTime:0.002000s ]
INFO: [ app_end ] --START--
INFO: Run Behavior\ShowPageTraceBehavior [ RunTime:0.002000s ]
INFO: [ app_end ] --END-- [ RunTime:0.002000s ]

[ 2016-07-15T11:24:15+08:00 ] ::1 /eduadmin/index.php/Home/Index/listCourse
INFO: [ app_init ] --START--
INFO: Run Behavior\BuildLiteBehavior [ RunTime:0.000000s ]
INFO: [ app_init ] --END-- [ RunTime:0.001000s ]
INFO: [ app_begin ] --START--
INFO: Run Behavior\ReadHtmlCacheBehavior [ RunTime:0.002000s ]
INFO: [ app_begin ] --END-- [ RunTime:0.002000s ]
NOTIC: [8] A session had already been started - ignoring session_start() D:\xampp\htdocs\eduadmin\Application\Home\Controller\IndexController.class.php 第 51 行.
SQL: SHOW COLUMNS FROM `info_user` [ RunTime:0.0120s ]
SQL: SELECT * FROM `info_user` WHERE `user_id` = 1 LIMIT 1   [ RunTime:0.0010s ]
SQL: SHOW COLUMNS FROM `info_course` [ RunTime:0.0110s ]
SQL: SELECT COUNT(*) AS tp_count FROM `info_course` LIMIT 1   [ RunTime:0.0010s ]
SQL: SELECT * FROM `info_course` INNER JOIN info_User on info_course.teacher = info_user.user_id   [ RunTime:0.0010s ]
INFO: [ view_parse ] --START--
INFO: [ template_filter ] --START--
INFO: Run Behavior\ContentReplaceBehavior [ RunTime:0.000000s ]
INFO: [ template_filter ] --END-- [ RunTime:0.000000s ]
NOTIC: [8] Undefined variable: displaypage D:\xampp\htdocs\eduadmin\Application\Runtime\Cache\Home\2e2343a37a0a96ffec8cf628d376d3e2.php 第 64 行.
INFO: Run Behavior\ParseTemplateBehavior [ RunTime:0.022001s ]
INFO: [ view_parse ] --END-- [ RunTime:0.022001s ]
INFO: [ view_filter ] --START--
INFO: Run Behavior\WriteHtmlCacheBehavior [ RunTime:0.006001s ]
INFO: [ view_filter ] --END-- [ RunTime:0.006001s ]
INFO: [ app_end ] --START--
INFO: Run Behavior\ShowPageTraceBehavior [ RunTime:0.002000s ]
INFO: [ app_end ] --END-- [ RunTime:0.002000s ]

[ 2016-07-15T11:24:16+08:00 ] ::1 /eduadmin/index.php/Home/Index/stulistclasstime/id/11
INFO: [ app_init ] --START--
INFO: Run Behavior\BuildLiteBehavior [ RunTime:0.000000s ]
INFO: [ app_init ] --END-- [ RunTime:0.002000s ]
INFO: [ app_begin ] --START--
INFO: Run Behavior\ReadHtmlCacheBehavior [ RunTime:0.003000s ]
INFO: [ app_begin ] --END-- [ RunTime:0.003000s ]
NOTIC: [8] A session had already been started - ignoring session_start() D:\xampp\htdocs\eduadmin\Application\Home\Controller\IndexController.class.php 第 51 行.
SQL: SHOW COLUMNS FROM `info_user` [ RunTime:0.0180s ]
SQL: SELECT * FROM `info_user` WHERE `user_id` = 1 LIMIT 1   [ RunTime:0.0010s ]
NOTIC: [8] A session had already been started - ignoring session_start() D:\xampp\htdocs\eduadmin\Application\Home\Controller\IndexController.class.php 第 402 行.
SQL: SHOW COLUMNS FROM `info_classtime` [ RunTime:0.0160s ]
SQL: SELECT * FROM `info_classtime` WHERE `course_id` = 11  [ RunTime:0.0010s ]
NOTIC: [8] A non well formed numeric value encountered D:\xampp\htdocs\eduadmin\Application\Home\Controller\IndexController.class.php 第 408 行.
NOTIC: [8] A non well formed numeric value encountered D:\xampp\htdocs\eduadmin\Application\Home\Controller\IndexController.class.php 第 409 行.
NOTIC: [8] A non well formed numeric value encountered D:\xampp\htdocs\eduadmin\Application\Home\Controller\IndexController.class.php 第 410 行.
INFO: [ view_parse ] --START--
INFO: [ template_filter ] --START--
INFO: Run Behavior\ContentReplaceBehavior [ RunTime:0.000000s ]
INFO: [ template_filter ] --END-- [ RunTime:0.001001s ]
INFO: Run Behavior\ParseTemplateBehavior [ RunTime:0.031002s ]
INFO: [ view_parse ] --END-- [ RunTime:0.033002s ]
INFO: [ view_filter ] --START--
INFO: Run Behavior\WriteHtmlCacheBehavior [ RunTime:0.001000s ]
INFO: [ view_filter ] --END-- [ RunTime:0.001000s ]
INFO: [ app_end ] --START--
INFO: Run Behavior\ShowPageTraceBehavior [ RunTime:0.002000s ]
INFO: [ app_end ] --END-- [ RunTime:0.002000s ]

[ 2016-07-15T11:24:17+08:00 ] ::1 /eduadmin/index.php/Home/Index/selectedCourse
INFO: [ app_init ] --START--
INFO: Run Behavior\BuildLiteBehavior [ RunTime:0.000000s ]
INFO: [ app_init ] --END-- [ RunTime:0.002000s ]
INFO: [ app_begin ] --START--
INFO: Run Behavior\ReadHtmlCacheBehavior [ RunTime:0.004000s ]
INFO: [ app_begin ] --END-- [ RunTime:0.004000s ]
NOTIC: [8] A session had already been started - ignoring session_start() D:\xampp\htdocs\eduadmin\Application\Home\Controller\IndexController.class.php 第 51 行.
SQL: SHOW COLUMNS FROM `info_user` [ RunTime:0.0130s ]
SQL: SELECT * FROM `info_user` WHERE `user_id` = 1 LIMIT 1   [ RunTime:0.0000s ]
NOTIC: [8] A session had already been started - ignoring session_start() D:\xampp\htdocs\eduadmin\Application\Home\Controller\IndexController.class.php 第 181 行.
SQL: SHOW COLUMNS FROM `info_selected` [ RunTime:0.0110s ]
SQL: SELECT * FROM `info_selected` INNER JOIN info_Course on info_selected.course_id = info_course.course_id INNER JOIN info_User on info_course.teacher = info_user.user_id  WHERE ( info_user.user_id=1 )  [ RunTime:0.0010s ]
INFO: [ view_parse ] --START--
INFO: [ template_filter ] --START--
INFO: Run Behavior\ContentReplaceBehavior [ RunTime:0.000000s ]
INFO: [ template_filter ] --END-- [ RunTime:0.000000s ]
INFO: Run Behavior\ParseTemplateBehavior [ RunTime:0.020001s ]
INFO: [ view_parse ] --END-- [ RunTime:0.020001s ]
INFO: [ view_filter ] --START--
INFO: Run Behavior\WriteHtmlCacheBehavior [ RunTime:0.001000s ]
INFO: [ view_filter ] --END-- [ RunTime:0.001000s ]
INFO: [ app_end ] --START--
INFO: Run Behavior\ShowPageTraceBehavior [ RunTime:0.002000s ]
INFO: [ app_end ] --END-- [ RunTime:0.002000s ]

[ 2016-07-15T11:24:18+08:00 ] ::1 /eduadmin/index.php/Home/Index/listCourse
INFO: [ app_init ] --START--
INFO: Run Behavior\BuildLiteBehavior [ RunTime:0.000000s ]
INFO: [ app_init ] --END-- [ RunTime:0.002001s ]
INFO: [ app_begin ] --START--
INFO: Run Behavior\ReadHtmlCacheBehavior [ RunTime:0.002000s ]
INFO: [ app_begin ] --END-- [ RunTime:0.002000s ]
NOTIC: [8] A session had already been started - ignoring session_start() D:\xampp\htdocs\eduadmin\Application\Home\Controller\IndexController.class.php 第 51 行.
SQL: SHOW COLUMNS FROM `info_user` [ RunTime:0.0210s ]
SQL: SELECT * FROM `info_user` WHERE `user_id` = 1 LIMIT 1   [ RunTime:0.0010s ]
SQL: SHOW COLUMNS FROM `info_course` [ RunTime:0.0510s ]
SQL: SELECT COUNT(*) AS tp_count FROM `info_course` LIMIT 1   [ RunTime:0.0010s ]
SQL: SELECT * FROM `info_course` INNER JOIN info_User on info_course.teacher = info_user.user_id   [ RunTime:0.0030s ]
INFO: [ view_parse ] --START--
INFO: [ template_filter ] --START--
INFO: Run Behavior\ContentReplaceBehavior [ RunTime:0.001000s ]
INFO: [ template_filter ] --END-- [ RunTime:0.002000s ]
NOTIC: [8] Undefined variable: displaypage D:\xampp\htdocs\eduadmin\Application\Runtime\Cache\Home\2e2343a37a0a96ffec8cf628d376d3e2.php 第 64 行.
INFO: Run Behavior\ParseTemplateBehavior [ RunTime:0.034002s ]
INFO: [ view_parse ] --END-- [ RunTime:0.034002s ]
INFO: [ view_filter ] --START--
INFO: Run Behavior\WriteHtmlCacheBehavior [ RunTime:0.002000s ]
INFO: [ view_filter ] --END-- [ RunTime:0.002000s ]
INFO: [ app_end ] --START--
INFO: Run Behavior\ShowPageTraceBehavior [ RunTime:0.003000s ]
INFO: [ app_end ] --END-- [ RunTime:0.003000s ]

[ 2016-07-15T11:24:21+08:00 ] ::1 /eduadmin/index.php/Home/Index/publishCourse
INFO: [ app_init ] --START--
INFO: Run Behavior\BuildLiteBehavior [ RunTime:0.000000s ]
INFO: [ app_init ] --END-- [ RunTime:0.003000s ]
INFO: [ app_begin ] --START--
INFO: Run Behavior\ReadHtmlCacheBehavior [ RunTime:0.002000s ]
INFO: [ app_begin ] --END-- [ RunTime:0.002000s ]
NOTIC: [8] A session had already been started - ignoring session_start() D:\xampp\htdocs\eduadmin\Application\Home\Controller\IndexController.class.php 第 51 行.
SQL: SHOW COLUMNS FROM `info_user` [ RunTime:0.0100s ]
SQL: SELECT * FROM `info_user` WHERE `user_id` = 1 LIMIT 1   [ RunTime:0.0010s ]
INFO: [ view_parse ] --START--
INFO: [ template_filter ] --START--
INFO: Run Behavior\ContentReplaceBehavior [ RunTime:0.000000s ]
INFO: [ template_filter ] --END-- [ RunTime:0.000000s ]
INFO: Run Behavior\ParseTemplateBehavior [ RunTime:0.018001s ]
INFO: [ view_parse ] --END-- [ RunTime:0.019001s ]
INFO: [ view_filter ] --START--
INFO: Run Behavior\WriteHtmlCacheBehavior [ RunTime:0.002000s ]
INFO: [ view_filter ] --END-- [ RunTime:0.003000s ]
INFO: [ app_end ] --START--
INFO: Run Behavior\ShowPageTraceBehavior [ RunTime:0.003000s ]
INFO: [ app_end ] --END-- [ RunTime:0.003000s ]

[ 2016-07-15T11:24:23+08:00 ] ::1 /eduadmin/index.php/Home/Index/manageCourse
INFO: [ app_init ] --START--
INFO: Run Behavior\BuildLiteBehavior [ RunTime:0.000000s ]
INFO: [ app_init ] --END-- [ RunTime:0.001000s ]
INFO: [ app_begin ] --START--
INFO: Run Behavior\ReadHtmlCacheBehavior [ RunTime:0.002000s ]
INFO: [ app_begin ] --END-- [ RunTime:0.002000s ]
NOTIC: [8] A session had already been started - ignoring session_start() D:\xampp\htdocs\eduadmin\Application\Home\Controller\IndexController.class.php 第 51 行.
SQL: SHOW COLUMNS FROM `info_user` [ RunTime:0.0130s ]
SQL: SELECT * FROM `info_user` WHERE `user_id` = 1 LIMIT 1   [ RunTime:0.0010s ]
NOTIC: [8] A session had already been started - ignoring session_start() D:\xampp\htdocs\eduadmin\Application\Home\Controller\IndexController.class.php 第 238 行.
SQL: SHOW COLUMNS FROM `info_course` [ RunTime:0.0120s ]
SQL: SELECT * FROM `info_course`  [ RunTime:0.0010s ]
INFO: [ view_parse ] --START--
INFO: [ template_filter ] --START--
INFO: Run Behavior\ContentReplaceBehavior [ RunTime:0.000000s ]
INFO: [ template_filter ] --END-- [ RunTime:0.000000s ]
NOTIC: [8] Undefined variable: pagestyle D:\xampp\htdocs\eduadmin\Application\Runtime\Cache\Home\e4473b82a3667de8f7e075ab6aa01e72.php 第 63 行.
NOTIC: [8] Undefined variable: page D:\xampp\htdocs\eduadmin\Application\Runtime\Cache\Home\e4473b82a3667de8f7e075ab6aa01e72.php 第 63 行.
INFO: Run Behavior\ParseTemplateBehavior [ RunTime:0.021001s ]
INFO: [ view_parse ] --END-- [ RunTime:0.021001s ]
INFO: [ view_filter ] --START--
INFO: Run Behavior\WriteHtmlCacheBehavior [ RunTime:0.001000s ]
INFO: [ view_filter ] --END-- [ RunTime:0.001000s ]
INFO: [ app_end ] --START--
INFO: Run Behavior\ShowPageTraceBehavior [ RunTime:0.003000s ]
INFO: [ app_end ] --END-- [ RunTime:0.003000s ]

[ 2016-07-15T11:24:35+08:00 ] ::1 /eduadmin/index.php/Home/Index/selectedCourse
INFO: [ app_init ] --START--
INFO: Run Behavior\BuildLiteBehavior [ RunTime:0.000000s ]
INFO: [ app_init ] --END-- [ RunTime:0.001000s ]
INFO: [ app_begin ] --START--
INFO: Run Behavior\ReadHtmlCacheBehavior [ RunTime:0.002000s ]
INFO: [ app_begin ] --END-- [ RunTime:0.002000s ]
NOTIC: [8] A session had already been started - ignoring session_start() D:\xampp\htdocs\eduadmin\Application\Home\Controller\IndexController.class.php 第 51 行.
SQL: SHOW COLUMNS FROM `info_user` [ RunTime:0.0130s ]
SQL: SELECT * FROM `info_user` WHERE `user_id` = 1 LIMIT 1   [ RunTime:0.0010s ]
NOTIC: [8] A session had already been started - ignoring session_start() D:\xampp\htdocs\eduadmin\Application\Home\Controller\IndexController.class.php 第 181 行.
SQL: SHOW COLUMNS FROM `info_selected` [ RunTime:0.0100s ]
SQL: SELECT * FROM `info_selected` INNER JOIN info_Course on info_selected.course_id = info_course.course_id INNER JOIN info_User on info_course.teacher = info_user.user_id  WHERE ( info_user.user_id=1 )  [ RunTime:0.0010s ]
INFO: [ view_parse ] --START--
INFO: [ template_filter ] --START--
INFO: Run Behavior\ContentReplaceBehavior [ RunTime:0.000000s ]
INFO: [ template_filter ] --END-- [ RunTime:0.000000s ]
INFO: Run Behavior\ParseTemplateBehavior [ RunTime:0.026001s ]
INFO: [ view_parse ] --END-- [ RunTime:0.026001s ]
INFO: [ view_filter ] --START--
INFO: Run Behavior\WriteHtmlCacheBehavior [ RunTime:0.001000s ]
INFO: [ view_filter ] --END-- [ RunTime:0.001000s ]
INFO: [ app_end ] --START--
INFO: Run Behavior\ShowPageTraceBehavior [ RunTime:0.002001s ]
INFO: [ app_end ] --END-- [ RunTime:0.003001s ]

[ 2016-07-15T11:25:26+08:00 ] ::1 /eduadmin/index.php/Home/Index/student.html
INFO: [ app_init ] --START--
INFO: Run Behavior\BuildLiteBehavior [ RunTime:0.000000s ]
INFO: [ app_init ] --END-- [ RunTime:0.006001s ]
INFO: [ app_begin ] --START--
INFO: Run Behavior\ReadHtmlCacheBehavior [ RunTime:0.002000s ]
INFO: [ app_begin ] --END-- [ RunTime:0.002000s ]
NOTIC: [8] A session had already been started - ignoring session_start() D:\xampp\htdocs\eduadmin\Application\Home\Controller\IndexController.class.php 第 51 行.
SQL: SHOW COLUMNS FROM `info_user` [ RunTime:0.0210s ]
SQL: SELECT * FROM `info_user` WHERE `user_id` = 1 LIMIT 1   [ RunTime:0.0020s ]
NOTIC: [8] A session had already been started - ignoring session_start() D:\xampp\htdocs\eduadmin\Application\Home\Controller\IndexController.class.php 第 72 行.
NOTIC: [8] Undefined variable: conditon D:\xampp\htdocs\eduadmin\Application\Home\Controller\IndexController.class.php 第 75 行.
SQL: SELECT * FROM `info_user` LIMIT 1   [ RunTime:0.0010s ]
NOTIC: [8] Undefined index: name D:\xampp\htdocs\eduadmin\Application\Home\Controller\IndexController.class.php 第 76 行.
INFO: [ view_parse ] --START--
INFO: [ template_filter ] --START--
INFO: Run Behavior\ContentReplaceBehavior [ RunTime:0.000000s ]
INFO: [ template_filter ] --END-- [ RunTime:0.000000s ]
NOTIC: [8] Undefined variable: date D:\xampp\htdocs\eduadmin\Application\Runtime\Cache\Home\81ff9fdd127e4f55be5a6c725b998cff.php 第 13 行.
INFO: Run Behavior\ParseTemplateBehavior [ RunTime:0.025001s ]
INFO: [ view_parse ] --END-- [ RunTime:0.025001s ]
INFO: [ view_filter ] --START--
INFO: Run Behavior\WriteHtmlCacheBehavior [ RunTime:0.002000s ]
INFO: [ view_filter ] --END-- [ RunTime:0.002000s ]
INFO: [ app_end ] --START--
INFO: Run Behavior\ShowPageTraceBehavior [ RunTime:0.002000s ]
INFO: [ app_end ] --END-- [ RunTime:0.002000s ]

[ 2016-07-15T11:25:26+08:00 ] ::1 /eduadmin/index.php/Home/Index/student_page
INFO: [ app_init ] --START--
INFO: Run Behavior\BuildLiteBehavior [ RunTime:0.000000s ]
INFO: [ app_init ] --END-- [ RunTime:0.001000s ]
INFO: [ app_begin ] --START--
INFO: Run Behavior\ReadHtmlCacheBehavior [ RunTime:0.002000s ]
INFO: [ app_begin ] --END-- [ RunTime:0.004001s ]
NOTIC: [8] A session had already been started - ignoring session_start() D:\xampp\htdocs\eduadmin\Application\Home\Controller\IndexController.class.php 第 51 行.
SQL: SHOW COLUMNS FROM `info_user` [ RunTime:0.0110s ]
SQL: SELECT * FROM `info_user` WHERE `user_id` = 1 LIMIT 1   [ RunTime:0.0000s ]
INFO: [ view_parse ] --START--
INFO: [ template_filter ] --START--
INFO: Run Behavior\ContentReplaceBehavior [ RunTime:0.000000s ]
INFO: [ template_filter ] --END-- [ RunTime:0.000000s ]
INFO: Run Behavior\ParseTemplateBehavior [ RunTime:0.018001s ]
INFO: [ view_parse ] --END-- [ RunTime:0.018001s ]
INFO: [ view_filter ] --START--
INFO: Run Behavior\WriteHtmlCacheBehavior [ RunTime:0.001000s ]
INFO: [ view_filter ] --END-- [ RunTime:0.001000s ]
INFO: [ app_end ] --START--
INFO: Run Behavior\ShowPageTraceBehavior [ RunTime:0.001000s ]
INFO: [ app_end ] --END-- [ RunTime:0.002000s ]

[ 2016-07-15T11:26:22+08:00 ] ::1 /eduadmin/index.php/Home/Index/selectedCourse
INFO: [ app_init ] --START--
INFO: Run Behavior\BuildLiteBehavior [ RunTime:0.000000s ]
INFO: [ app_init ] --END-- [ RunTime:0.002000s ]
INFO: [ app_begin ] --START--
INFO: Run Behavior\ReadHtmlCacheBehavior [ RunTime:0.003000s ]
INFO: [ app_begin ] --END-- [ RunTime:0.003000s ]
NOTIC: [8] A session had already been started - ignoring session_start() D:\xampp\htdocs\eduadmin\Application\Home\Controller\IndexController.class.php 第 51 行.
SQL: SHOW COLUMNS FROM `info_user` [ RunTime:0.0170s ]
SQL: SELECT * FROM `info_user` WHERE `user_id` = 1 LIMIT 1   [ RunTime:0.0010s ]
NOTIC: [8] A session had already been started - ignoring session_start() D:\xampp\htdocs\eduadmin\Application\Home\Controller\IndexController.class.php 第 181 行.
SQL: SHOW COLUMNS FROM `info_selected` [ RunTime:0.0170s ]
SQL: SELECT * FROM `info_selected` INNER JOIN info_Course on info_selected.course_id = info_course.course_id INNER JOIN info_User on info_course.teacher = info_user.user_id  WHERE ( info_user.user_id=1 )  [ RunTime:0.0040s ]
INFO: [ view_parse ] --START--
INFO: [ template_filter ] --START--
INFO: Run Behavior\ContentReplaceBehavior [ RunTime:0.000000s ]
INFO: [ template_filter ] --END-- [ RunTime:0.000000s ]
INFO: Run Behavior\ParseTemplateBehavior [ RunTime:0.033002s ]
INFO: [ view_parse ] --END-- [ RunTime:0.033002s ]
INFO: [ view_filter ] --START--
INFO: Run Behavior\WriteHtmlCacheBehavior [ RunTime:0.003000s ]
INFO: [ view_filter ] --END-- [ RunTime:0.003000s ]
INFO: [ app_end ] --START--
INFO: Run Behavior\ShowPageTraceBehavior [ RunTime:0.003000s ]
INFO: [ app_end ] --END-- [ RunTime:0.003000s ]

[ 2016-07-15T11:26:44+08:00 ] ::1 /eduadmin/index.php/Home/Index/student_page
INFO: [ app_init ] --START--
INFO: Run Behavior\BuildLiteBehavior [ RunTime:0.000000s ]
INFO: [ app_init ] --END-- [ RunTime:0.001000s ]
INFO: [ app_begin ] --START--
INFO: Run Behavior\ReadHtmlCacheBehavior [ RunTime:0.002000s ]
INFO: [ app_begin ] --END-- [ RunTime:0.002000s ]
NOTIC: [8] A session had already been started - ignoring session_start() D:\xampp\htdocs\eduadmin\Application\Home\Controller\IndexController.class.php 第 51 行.
SQL: SHOW COLUMNS FROM `info_user` [ RunTime:0.0160s ]
SQL: SELECT * FROM `info_user` WHERE `user_id` = 1 LIMIT 1   [ RunTime:0.0050s ]
INFO: [ view_parse ] --START--
INFO: [ template_filter ] --START--
INFO: Run Behavior\ContentReplaceBehavior [ RunTime:0.000000s ]
INFO: [ template_filter ] --END-- [ RunTime:0.000000s ]
INFO: Run Behavior\ParseTemplateBehavior [ RunTime:0.024001s ]
INFO: [ view_parse ] --END-- [ RunTime:0.025001s ]
INFO: [ view_filter ] --START--
INFO: Run Behavior\WriteHtmlCacheBehavior [ RunTime:0.001000s ]
INFO: [ view_filter ] --END-- [ RunTime:0.001000s ]
INFO: [ app_end ] --START--
INFO: Run Behavior\ShowPageTraceBehavior [ RunTime:0.002000s ]
INFO: [ app_end ] --END-- [ RunTime:0.002000s ]

[ 2016-07-15T11:26:45+08:00 ] ::1 /eduadmin/index.php/Home/Index/manageCourse
INFO: [ app_init ] --START--
INFO: Run Behavior\BuildLiteBehavior [ RunTime:0.000000s ]
INFO: [ app_init ] --END-- [ RunTime:0.001000s ]
INFO: [ app_begin ] --START--
INFO: Run Behavior\ReadHtmlCacheBehavior [ RunTime:0.002000s ]
INFO: [ app_begin ] --END-- [ RunTime:0.002000s ]
NOTIC: [8] A session had already been started - ignoring session_start() D:\xampp\htdocs\eduadmin\Application\Home\Controller\IndexController.class.php 第 51 行.
SQL: SHOW COLUMNS FROM `info_user` [ RunTime:0.0080s ]
SQL: SELECT * FROM `info_user` WHERE `user_id` = 1 LIMIT 1   [ RunTime:0.0010s ]
NOTIC: [8] A session had already been started - ignoring session_start() D:\xampp\htdocs\eduadmin\Application\Home\Controller\IndexController.class.php 第 238 行.
SQL: SHOW COLUMNS FROM `info_course` [ RunTime:0.0100s ]
SQL: SELECT * FROM `info_course`  [ RunTime:0.0000s ]
INFO: [ view_parse ] --START--
INFO: [ template_filter ] --START--
INFO: Run Behavior\ContentReplaceBehavior [ RunTime:0.000000s ]
INFO: [ template_filter ] --END-- [ RunTime:0.001000s ]
NOTIC: [8] Undefined variable: pagestyle D:\xampp\htdocs\eduadmin\Application\Runtime\Cache\Home\e4473b82a3667de8f7e075ab6aa01e72.php 第 63 行.
NOTIC: [8] Undefined variable: page D:\xampp\htdocs\eduadmin\Application\Runtime\Cache\Home\e4473b82a3667de8f7e075ab6aa01e72.php 第 63 行.
INFO: Run Behavior\ParseTemplateBehavior [ RunTime:0.015001s ]
INFO: [ view_parse ] --END-- [ RunTime:0.015001s ]
INFO: [ view_filter ] --START--
INFO: Run Behavior\WriteHtmlCacheBehavior [ RunTime:0.000000s ]
INFO: [ view_filter ] --END-- [ RunTime:0.000000s ]
INFO: [ app_end ] --START--
INFO: Run Behavior\ShowPageTraceBehavior [ RunTime:0.001000s ]
INFO: [ app_end ] --END-- [ RunTime:0.001000s ]

[ 2016-07-15T11:26:45+08:00 ] ::1 /eduadmin/index.php/Home/Index/publishCourse
INFO: [ app_init ] --START--
INFO: Run Behavior\BuildLiteBehavior [ RunTime:0.000000s ]
INFO: [ app_init ] --END-- [ RunTime:0.002000s ]
INFO: [ app_begin ] --START--
INFO: Run Behavior\ReadHtmlCacheBehavior [ RunTime:0.004000s ]
INFO: [ app_begin ] --END-- [ RunTime:0.005000s ]
NOTIC: [8] A session had already been started - ignoring session_start() D:\xampp\htdocs\eduadmin\Application\Home\Controller\IndexController.class.php 第 51 行.
SQL: SHOW COLUMNS FROM `info_user` [ RunTime:0.0210s ]
SQL: SELECT * FROM `info_user` WHERE `user_id` = 1 LIMIT 1   [ RunTime:0.0020s ]
INFO: [ view_parse ] --START--
INFO: [ template_filter ] --START--
INFO: Run Behavior\ContentReplaceBehavior [ RunTime:0.000000s ]
INFO: [ template_filter ] --END-- [ RunTime:0.000000s ]
INFO: Run Behavior\ParseTemplateBehavior [ RunTime:0.028001s ]
INFO: [ view_parse ] --END-- [ RunTime:0.028001s ]
INFO: [ view_filter ] --START--
INFO: Run Behavior\WriteHtmlCacheBehavior [ RunTime:0.002000s ]
INFO: [ view_filter ] --END-- [ RunTime:0.002000s ]
INFO: [ app_end ] --START--
INFO: Run Behavior\ShowPageTraceBehavior [ RunTime:0.003000s ]
INFO: [ app_end ] --END-- [ RunTime:0.003000s ]

[ 2016-07-15T11:26:46+08:00 ] ::1 /eduadmin/index.php/Home/Index/listCourse
INFO: [ app_init ] --START--
INFO: Run Behavior\BuildLiteBehavior [ RunTime:0.000000s ]
INFO: [ app_init ] --END-- [ RunTime:0.002000s ]
INFO: [ app_begin ] --START--
INFO: Run Behavior\ReadHtmlCacheBehavior [ RunTime:0.004000s ]
INFO: [ app_begin ] --END-- [ RunTime:0.004000s ]
NOTIC: [8] A session had already been started - ignoring session_start() D:\xampp\htdocs\eduadmin\Application\Home\Controller\IndexController.class.php 第 51 行.
SQL: SHOW COLUMNS FROM `info_user` [ RunTime:0.0180s ]
SQL: SELECT * FROM `info_user` WHERE `user_id` = 1 LIMIT 1   [ RunTime:0.0020s ]
SQL: SHOW COLUMNS FROM `info_course` [ RunTime:0.0220s ]
SQL: SELECT COUNT(*) AS tp_count FROM `info_course` LIMIT 1   [ RunTime:0.0010s ]
SQL: SELECT * FROM `info_course` INNER JOIN info_User on info_course.teacher = info_user.user_id   [ RunTime:0.0010s ]
INFO: [ view_parse ] --START--
INFO: [ template_filter ] --START--
INFO: Run Behavior\ContentReplaceBehavior [ RunTime:0.001000s ]
INFO: [ template_filter ] --END-- [ RunTime:0.001000s ]
NOTIC: [8] Undefined variable: displaypage D:\xampp\htdocs\eduadmin\Application\Runtime\Cache\Home\2e2343a37a0a96ffec8cf628d376d3e2.php 第 64 行.
INFO: Run Behavior\ParseTemplateBehavior [ RunTime:0.036002s ]
INFO: [ view_parse ] --END-- [ RunTime:0.036002s ]
INFO: [ view_filter ] --START--
INFO: Run Behavior\WriteHtmlCacheBehavior [ RunTime:0.001000s ]
INFO: [ view_filter ] --END-- [ RunTime:0.001000s ]
INFO: [ app_end ] --START--
INFO: Run Behavior\ShowPageTraceBehavior [ RunTime:0.002000s ]
INFO: [ app_end ] --END-- [ RunTime:0.002000s ]

[ 2016-07-15T11:26:47+08:00 ] ::1 /eduadmin/index.php/Home/Index/selectedCourse
INFO: [ app_init ] --START--
INFO: Run Behavior\BuildLiteBehavior [ RunTime:0.000000s ]
INFO: [ app_init ] --END-- [ RunTime:0.001000s ]
INFO: [ app_begin ] --START--
INFO: Run Behavior\ReadHtmlCacheBehavior [ RunTime:0.001000s ]
INFO: [ app_begin ] --END-- [ RunTime:0.001000s ]
NOTIC: [8] A session had already been started - ignoring session_start() D:\xampp\htdocs\eduadmin\Application\Home\Controller\IndexController.class.php 第 51 行.
SQL: SHOW COLUMNS FROM `info_user` [ RunTime:0.0170s ]
SQL: SELECT * FROM `info_user` WHERE `user_id` = 1 LIMIT 1   [ RunTime:0.0010s ]
NOTIC: [8] A session had already been started - ignoring session_start() D:\xampp\htdocs\eduadmin\Application\Home\Controller\IndexController.class.php 第 181 行.
SQL: SHOW COLUMNS FROM `info_selected` [ RunTime:0.0110s ]
SQL: SELECT * FROM `info_selected` INNER JOIN info_Course on info_selected.course_id = info_course.course_id INNER JOIN info_User on info_course.teacher = info_user.user_id  WHERE ( info_user.user_id=1 )  [ RunTime:0.0010s ]
INFO: [ view_parse ] --START--
INFO: [ template_filter ] --START--
INFO: Run Behavior\ContentReplaceBehavior [ RunTime:0.000000s ]
INFO: [ template_filter ] --END-- [ RunTime:0.000000s ]
INFO: Run Behavior\ParseTemplateBehavior [ RunTime:0.019001s ]
INFO: [ view_parse ] --END-- [ RunTime:0.019001s ]
INFO: [ view_filter ] --START--
INFO: Run Behavior\WriteHtmlCacheBehavior [ RunTime:0.001001s ]
INFO: [ view_filter ] --END-- [ RunTime:0.001001s ]
INFO: [ app_end ] --START--
INFO: Run Behavior\ShowPageTraceBehavior [ RunTime:0.001000s ]
INFO: [ app_end ] --END-- [ RunTime:0.001000s ]

