[ 2016-09-01T15:19:31+08:00 ] ::1 /eduadmin/
INFO: [ app_init ] --START--
INFO: Run Behavior\BuildLiteBehavior [ RunTime:0.000860s ]
INFO: [ app_init ] --END-- [ RunTime:0.032762s ]
INFO: [ app_begin ] --START--
INFO: Run Behavior\ReadHtmlCacheBehavior [ RunTime:0.016401s ]
INFO: [ app_begin ] --END-- [ RunTime:0.018832s ]
INFO: [ app_end ] --START--
INFO: Run Behavior\ShowPageTraceBehavior [ RunTime:0.028029s ]
INFO: [ app_end ] --END-- [ RunTime:0.031527s ]

[ 2016-09-01T15:19:31+08:00 ] ::1 /eduadmin/index.php/Home/Index/login.html
INFO: [ app_init ] --START--
INFO: Run Behavior\BuildLiteBehavior [ RunTime:0.000617s ]
INFO: [ app_init ] --END-- [ RunTime:0.005480s ]
INFO: [ app_begin ] --START--
INFO: Run Behavior\ReadHtmlCacheBehavior [ RunTime:0.003432s ]
INFO: [ app_begin ] --END-- [ RunTime:0.006342s ]
INFO: [ view_parse ] --START--
INFO: [ template_filter ] --START--
INFO: Run Behavior\ContentReplaceBehavior [ RunTime:0.007687s ]
INFO: [ template_filter ] --END-- [ RunTime:0.010251s ]
INFO: Run Behavior\ParseTemplateBehavior [ RunTime:0.125412s ]
INFO: [ view_parse ] --END-- [ RunTime:0.127970s ]
INFO: [ view_filter ] --START--
INFO: Run Behavior\WriteHtmlCacheBehavior [ RunTime:0.028343s ]
INFO: [ view_filter ] --END-- [ RunTime:0.030978s ]
INFO: [ app_end ] --START--
INFO: Run Behavior\ShowPageTraceBehavior [ RunTime:0.006511s ]
INFO: [ app_end ] --END-- [ RunTime:0.009243s ]

[ 2016-09-01T15:19:43+08:00 ] ::1 /eduadmin/index.php/Home/Index/check_login
INFO: [ app_init ] --START--
INFO: Run Behavior\BuildLiteBehavior [ RunTime:0.000877s ]
INFO: [ app_init ] --END-- [ RunTime:0.008079s ]
INFO: [ app_begin ] --START--
INFO: Run Behavior\ReadHtmlCacheBehavior [ RunTime:0.003859s ]
INFO: [ app_begin ] --END-- [ RunTime:0.007779s ]
NOTIC: [8] A session had already been started - ignoring session_start() C:\xampp\htdocs\eduadmin\Application\Home\Controller\IndexController.class.php 第 17 行.
SQL: SHOW COLUMNS FROM `info_user` [ RunTime:0.0833s ]
SQL: SELECT * FROM `info_user` WHERE `user_id` = 1 LIMIT 1   [ RunTime:0.0395s ]
INFO: [ view_parse ] --START--
INFO: [ template_filter ] --START--
INFO: Run Behavior\ContentReplaceBehavior [ RunTime:0.001198s ]
INFO: [ template_filter ] --END-- [ RunTime:0.003585s ]
INFO: Run Behavior\ParseTemplateBehavior [ RunTime:0.076805s ]
INFO: [ view_parse ] --END-- [ RunTime:0.080245s ]
INFO: [ view_filter ] --START--
INFO: Run Behavior\WriteHtmlCacheBehavior [ RunTime:0.004172s ]
INFO: [ view_filter ] --END-- [ RunTime:0.008040s ]
INFO: [ app_end ] --START--
INFO: Run Behavior\ShowPageTraceBehavior [ RunTime:0.004173s ]
INFO: [ app_end ] --END-- [ RunTime:0.007166s ]

[ 2016-09-01T15:19:44+08:00 ] ::1 /eduadmin/index.php/Home/Index/selectedCourse.html
INFO: [ app_init ] --START--
INFO: Run Behavior\BuildLiteBehavior [ RunTime:0.000474s ]
INFO: [ app_init ] --END-- [ RunTime:0.004514s ]
INFO: [ app_begin ] --START--
INFO: Run Behavior\ReadHtmlCacheBehavior [ RunTime:0.003450s ]
INFO: [ app_begin ] --END-- [ RunTime:0.005859s ]
NOTIC: [8] A session had already been started - ignoring session_start() C:\xampp\htdocs\eduadmin\Application\Home\Controller\IndexController.class.php 第 40 行.
SQL: SHOW COLUMNS FROM `info_user` [ RunTime:0.0126s ]
SQL: SELECT * FROM `info_user` WHERE `user_id` = 1 LIMIT 1   [ RunTime:0.0015s ]
NOTIC: [8] A session had already been started - ignoring session_start() C:\xampp\htdocs\eduadmin\Application\Home\Controller\IndexController.class.php 第 188 行.
SQL: SHOW COLUMNS FROM `info_selected` [ RunTime:0.0441s ]
SQL: SELECT * FROM `info_selected` INNER JOIN info_Course on info_selected.course_id = info_course.course_id INNER JOIN info_User on info_course.teacher = info_user.user_id  WHERE ( info_user.user_id=1 )  [ RunTime:0.0849s ]
INFO: [ view_parse ] --START--
INFO: [ template_filter ] --START--
INFO: Run Behavior\ContentReplaceBehavior [ RunTime:0.001124s ]
INFO: [ template_filter ] --END-- [ RunTime:0.003793s ]
NOTIC: [8] Undefined variable: username C:\xampp\htdocs\eduadmin\Application\Runtime\Cache\Home\9bd123ab2be3149877a49f9f63dc4ce5.php 第 25 行.
NOTIC: [8] Undefined variable: date C:\xampp\htdocs\eduadmin\Application\Runtime\Cache\Home\9bd123ab2be3149877a49f9f63dc4ce5.php 第 25 行.
INFO: Run Behavior\ParseTemplateBehavior [ RunTime:0.133383s ]
INFO: [ view_parse ] --END-- [ RunTime:0.135819s ]
INFO: [ view_filter ] --START--
INFO: Run Behavior\WriteHtmlCacheBehavior [ RunTime:0.002639s ]
INFO: [ view_filter ] --END-- [ RunTime:0.004959s ]
INFO: [ app_end ] --START--
INFO: Run Behavior\ShowPageTraceBehavior [ RunTime:0.003878s ]
INFO: [ app_end ] --END-- [ RunTime:0.006549s ]

[ 2016-09-01T15:19:53+08:00 ] ::1 /eduadmin/index.php/Home/Index/selectedCourse
INFO: [ app_init ] --START--
INFO: Run Behavior\BuildLiteBehavior [ RunTime:0.001155s ]
INFO: [ app_init ] --END-- [ RunTime:0.009324s ]
INFO: [ app_begin ] --START--
INFO: Run Behavior\ReadHtmlCacheBehavior [ RunTime:0.006496s ]
INFO: [ app_begin ] --END-- [ RunTime:0.009513s ]
NOTIC: [8] A session had already been started - ignoring session_start() C:\xampp\htdocs\eduadmin\Application\Home\Controller\IndexController.class.php 第 40 行.
SQL: SHOW COLUMNS FROM `info_user` [ RunTime:0.0138s ]
SQL: SELECT * FROM `info_user` WHERE `user_id` = 1 LIMIT 1   [ RunTime:0.0017s ]
NOTIC: [8] A session had already been started - ignoring session_start() C:\xampp\htdocs\eduadmin\Application\Home\Controller\IndexController.class.php 第 188 行.
SQL: SHOW COLUMNS FROM `info_selected` [ RunTime:0.0123s ]
SQL: SELECT * FROM `info_selected` INNER JOIN info_Course on info_selected.course_id = info_course.course_id INNER JOIN info_User on info_course.teacher = info_user.user_id  WHERE ( info_user.user_id=1 )  [ RunTime:0.0022s ]
INFO: [ view_parse ] --START--
INFO: [ template_filter ] --START--
INFO: Run Behavior\ContentReplaceBehavior [ RunTime:0.001103s ]
INFO: [ template_filter ] --END-- [ RunTime:0.003744s ]
NOTIC: [8] Undefined variable: username C:\xampp\htdocs\eduadmin\Application\Runtime\Cache\Home\9bd123ab2be3149877a49f9f63dc4ce5.php 第 25 行.
NOTIC: [8] Undefined variable: date C:\xampp\htdocs\eduadmin\Application\Runtime\Cache\Home\9bd123ab2be3149877a49f9f63dc4ce5.php 第 25 行.
INFO: Run Behavior\ParseTemplateBehavior [ RunTime:0.092733s ]
INFO: [ view_parse ] --END-- [ RunTime:0.095201s ]
INFO: [ view_filter ] --START--
INFO: Run Behavior\WriteHtmlCacheBehavior [ RunTime:0.003389s ]
INFO: [ view_filter ] --END-- [ RunTime:0.006637s ]
INFO: [ app_end ] --START--
INFO: Run Behavior\ShowPageTraceBehavior [ RunTime:0.004329s ]
INFO: [ app_end ] --END-- [ RunTime:0.007513s ]

[ 2016-09-01T15:19:58+08:00 ] ::1 /eduadmin/index.php/Home/Index/listCourse
INFO: [ app_init ] --START--
INFO: Run Behavior\BuildLiteBehavior [ RunTime:0.000601s ]
INFO: [ app_init ] --END-- [ RunTime:0.005209s ]
INFO: [ app_begin ] --START--
INFO: Run Behavior\ReadHtmlCacheBehavior [ RunTime:0.003361s ]
INFO: [ app_begin ] --END-- [ RunTime:0.005710s ]
NOTIC: [8] A session had already been started - ignoring session_start() C:\xampp\htdocs\eduadmin\Application\Home\Controller\IndexController.class.php 第 40 行.
SQL: SHOW COLUMNS FROM `info_user` [ RunTime:0.0122s ]
SQL: SELECT * FROM `info_user` WHERE `user_id` = 1 LIMIT 1   [ RunTime:0.0013s ]
SQL: SHOW COLUMNS FROM `info_course` [ RunTime:0.0122s ]
SQL: SELECT COUNT(*) AS tp_count FROM `info_course` LIMIT 1   [ RunTime:0.0321s ]
SQL: SELECT * FROM `info_course` INNER JOIN info_User on info_course.teacher = info_user.user_id   [ RunTime:0.0020s ]
INFO: [ view_parse ] --START--
INFO: [ template_filter ] --START--
INFO: Run Behavior\ContentReplaceBehavior [ RunTime:0.001130s ]
INFO: [ template_filter ] --END-- [ RunTime:0.003494s ]
NOTIC: [8] Undefined variable: username C:\xampp\htdocs\eduadmin\Application\Runtime\Cache\Home\2e2343a37a0a96ffec8cf628d376d3e2.php 第 25 行.
NOTIC: [8] Undefined variable: date C:\xampp\htdocs\eduadmin\Application\Runtime\Cache\Home\2e2343a37a0a96ffec8cf628d376d3e2.php 第 25 行.
INFO: Run Behavior\ParseTemplateBehavior [ RunTime:0.133562s ]
INFO: [ view_parse ] --END-- [ RunTime:0.136954s ]
INFO: [ view_filter ] --START--
INFO: Run Behavior\WriteHtmlCacheBehavior [ RunTime:0.002865s ]
INFO: [ view_filter ] --END-- [ RunTime:0.005187s ]
INFO: [ app_end ] --START--
INFO: Run Behavior\ShowPageTraceBehavior [ RunTime:0.004011s ]
INFO: [ app_end ] --END-- [ RunTime:0.007163s ]

[ 2016-09-01T15:19:59+08:00 ] ::1 /eduadmin/index.php/Home/Index/publishCourse
INFO: [ app_init ] --START--
INFO: Run Behavior\BuildLiteBehavior [ RunTime:0.000583s ]
INFO: [ app_init ] --END-- [ RunTime:0.004779s ]
INFO: [ app_begin ] --START--
INFO: Run Behavior\ReadHtmlCacheBehavior [ RunTime:0.005194s ]
INFO: [ app_begin ] --END-- [ RunTime:0.009215s ]
NOTIC: [8] A session had already been started - ignoring session_start() C:\xampp\htdocs\eduadmin\Application\Home\Controller\IndexController.class.php 第 40 行.
SQL: SHOW COLUMNS FROM `info_user` [ RunTime:0.0361s ]
SQL: SELECT * FROM `info_user` WHERE `user_id` = 1 LIMIT 1   [ RunTime:0.0013s ]
SQL: SELECT * FROM `info_user` WHERE `user_id` = 1 LIMIT 1   [ RunTime:0.0015s ]
INFO: [ view_parse ] --START--
INFO: [ template_filter ] --START--
INFO: Run Behavior\ContentReplaceBehavior [ RunTime:0.001502s ]
INFO: [ template_filter ] --END-- [ RunTime:0.004183s ]
NOTIC: [8] Undefined variable: username C:\xampp\htdocs\eduadmin\Application\Runtime\Cache\Home\4db8e3e19f1d3d8256d13904c7252267.php 第 61 行.
NOTIC: [8] Undefined variable: date C:\xampp\htdocs\eduadmin\Application\Runtime\Cache\Home\4db8e3e19f1d3d8256d13904c7252267.php 第 61 行.
INFO: Run Behavior\ParseTemplateBehavior [ RunTime:0.075891s ]
INFO: [ view_parse ] --END-- [ RunTime:0.078391s ]
INFO: [ view_filter ] --START--
INFO: Run Behavior\WriteHtmlCacheBehavior [ RunTime:0.003247s ]
INFO: [ view_filter ] --END-- [ RunTime:0.005606s ]
INFO: [ app_end ] --START--
INFO: Run Behavior\ShowPageTraceBehavior [ RunTime:0.004027s ]
INFO: [ app_end ] --END-- [ RunTime:0.007368s ]

[ 2016-09-01T15:20:00+08:00 ] ::1 /eduadmin/index.php/Home/Index/manageCourse
INFO: [ app_init ] --START--
INFO: Run Behavior\BuildLiteBehavior [ RunTime:0.000915s ]
INFO: [ app_init ] --END-- [ RunTime:0.011465s ]
INFO: [ app_begin ] --START--
INFO: Run Behavior\ReadHtmlCacheBehavior [ RunTime:0.005934s ]
INFO: [ app_begin ] --END-- [ RunTime:0.009302s ]
NOTIC: [8] A session had already been started - ignoring session_start() C:\xampp\htdocs\eduadmin\Application\Home\Controller\IndexController.class.php 第 40 行.
SQL: SHOW COLUMNS FROM `info_user` [ RunTime:0.0480s ]
SQL: SELECT * FROM `info_user` WHERE `user_id` = 1 LIMIT 1   [ RunTime:0.0033s ]
NOTIC: [8] A session had already been started - ignoring session_start() C:\xampp\htdocs\eduadmin\Application\Home\Controller\IndexController.class.php 第 259 行.
SQL: SELECT * FROM `info_user` WHERE `user_id` = 1 LIMIT 1   [ RunTime:0.0016s ]
SQL: SHOW COLUMNS FROM `info_course` [ RunTime:0.0322s ]
SQL: SELECT * FROM `info_course`  [ RunTime:0.0017s ]
INFO: [ view_parse ] --START--
INFO: [ template_filter ] --START--
INFO: Run Behavior\ContentReplaceBehavior [ RunTime:0.001858s ]
INFO: [ template_filter ] --END-- [ RunTime:0.005758s ]
NOTIC: [8] Undefined variable: username C:\xampp\htdocs\eduadmin\Application\Runtime\Cache\Home\e4473b82a3667de8f7e075ab6aa01e72.php 第 25 行.
NOTIC: [8] Undefined variable: date C:\xampp\htdocs\eduadmin\Application\Runtime\Cache\Home\e4473b82a3667de8f7e075ab6aa01e72.php 第 25 行.
INFO: Run Behavior\ParseTemplateBehavior [ RunTime:0.162503s ]
INFO: [ view_parse ] --END-- [ RunTime:0.165177s ]
INFO: [ view_filter ] --START--
INFO: Run Behavior\WriteHtmlCacheBehavior [ RunTime:0.002977s ]
INFO: [ view_filter ] --END-- [ RunTime:0.005711s ]
INFO: [ app_end ] --START--
INFO: Run Behavior\ShowPageTraceBehavior [ RunTime:0.006648s ]
INFO: [ app_end ] --END-- [ RunTime:0.010236s ]

[ 2016-09-01T15:20:02+08:00 ] ::1 /eduadmin/index.php/Home/Index/selectedCourse
INFO: [ app_init ] --START--
INFO: Run Behavior\BuildLiteBehavior [ RunTime:0.000463s ]
INFO: [ app_init ] --END-- [ RunTime:0.005042s ]
INFO: [ app_begin ] --START--
INFO: Run Behavior\ReadHtmlCacheBehavior [ RunTime:0.003283s ]
INFO: [ app_begin ] --END-- [ RunTime:0.005738s ]
NOTIC: [8] A session had already been started - ignoring session_start() C:\xampp\htdocs\eduadmin\Application\Home\Controller\IndexController.class.php 第 40 行.
SQL: SHOW COLUMNS FROM `info_user` [ RunTime:0.0116s ]
SQL: SELECT * FROM `info_user` WHERE `user_id` = 1 LIMIT 1   [ RunTime:0.0013s ]
NOTIC: [8] A session had already been started - ignoring session_start() C:\xampp\htdocs\eduadmin\Application\Home\Controller\IndexController.class.php 第 188 行.
SQL: SHOW COLUMNS FROM `info_selected` [ RunTime:0.0115s ]
SQL: SELECT * FROM `info_selected` INNER JOIN info_Course on info_selected.course_id = info_course.course_id INNER JOIN info_User on info_course.teacher = info_user.user_id  WHERE ( info_user.user_id=1 )  [ RunTime:0.0025s ]
INFO: [ view_parse ] --START--
INFO: [ template_filter ] --START--
INFO: Run Behavior\ContentReplaceBehavior [ RunTime:0.001210s ]
INFO: [ template_filter ] --END-- [ RunTime:0.004629s ]
NOTIC: [8] Undefined variable: username C:\xampp\htdocs\eduadmin\Application\Runtime\Cache\Home\9bd123ab2be3149877a49f9f63dc4ce5.php 第 25 行.
NOTIC: [8] Undefined variable: date C:\xampp\htdocs\eduadmin\Application\Runtime\Cache\Home\9bd123ab2be3149877a49f9f63dc4ce5.php 第 25 行.
INFO: Run Behavior\ParseTemplateBehavior [ RunTime:0.085882s ]
INFO: [ view_parse ] --END-- [ RunTime:0.088778s ]
INFO: [ view_filter ] --START--
INFO: Run Behavior\WriteHtmlCacheBehavior [ RunTime:0.004871s ]
INFO: [ view_filter ] --END-- [ RunTime:0.007228s ]
INFO: [ app_end ] --START--
INFO: Run Behavior\ShowPageTraceBehavior [ RunTime:0.003335s ]
INFO: [ app_end ] --END-- [ RunTime:0.005715s ]

[ 2016-09-01T15:20:09+08:00 ] ::1 /eduadmin/index.php/Home/Index/selectedCourse
INFO: [ app_init ] --START--
INFO: Run Behavior\BuildLiteBehavior [ RunTime:0.001011s ]
INFO: [ app_init ] --END-- [ RunTime:0.005465s ]
INFO: [ app_begin ] --START--
INFO: Run Behavior\ReadHtmlCacheBehavior [ RunTime:0.003734s ]
INFO: [ app_begin ] --END-- [ RunTime:0.006608s ]
NOTIC: [8] A session had already been started - ignoring session_start() C:\xampp\htdocs\eduadmin\Application\Home\Controller\IndexController.class.php 第 40 行.
SQL: SHOW COLUMNS FROM `info_user` [ RunTime:0.0131s ]
SQL: SELECT * FROM `info_user` WHERE `user_id` = 1 LIMIT 1   [ RunTime:0.0014s ]
NOTIC: [8] A session had already been started - ignoring session_start() C:\xampp\htdocs\eduadmin\Application\Home\Controller\IndexController.class.php 第 188 行.
SQL: SHOW COLUMNS FROM `info_selected` [ RunTime:0.0132s ]
SQL: SELECT * FROM `info_selected` INNER JOIN info_Course on info_selected.course_id = info_course.course_id INNER JOIN info_User on info_course.teacher = info_user.user_id  WHERE ( info_user.user_id=1 )  [ RunTime:0.0017s ]
INFO: [ view_parse ] --START--
INFO: [ template_filter ] --START--
INFO: Run Behavior\ContentReplaceBehavior [ RunTime:0.001148s ]
INFO: [ template_filter ] --END-- [ RunTime:0.004083s ]
NOTIC: [8] Undefined variable: username C:\xampp\htdocs\eduadmin\Application\Runtime\Cache\Home\9bd123ab2be3149877a49f9f63dc4ce5.php 第 25 行.
NOTIC: [8] Undefined variable: date C:\xampp\htdocs\eduadmin\Application\Runtime\Cache\Home\9bd123ab2be3149877a49f9f63dc4ce5.php 第 25 行.
INFO: Run Behavior\ParseTemplateBehavior [ RunTime:0.104418s ]
INFO: [ view_parse ] --END-- [ RunTime:0.107742s ]
INFO: [ view_filter ] --START--
INFO: Run Behavior\WriteHtmlCacheBehavior [ RunTime:0.005214s ]
INFO: [ view_filter ] --END-- [ RunTime:0.010410s ]
INFO: [ app_end ] --START--
INFO: Run Behavior\ShowPageTraceBehavior [ RunTime:0.003335s ]
INFO: [ app_end ] --END-- [ RunTime:0.005774s ]

[ 2016-09-01T15:23:25+08:00 ] ::1 /eduadmin/index.php/Home/Index/selectedCourse
INFO: [ app_init ] --START--
INFO: Run Behavior\BuildLiteBehavior [ RunTime:0.000506s ]
INFO: [ app_init ] --END-- [ RunTime:0.004987s ]
INFO: [ app_begin ] --START--
INFO: Run Behavior\ReadHtmlCacheBehavior [ RunTime:0.006559s ]
INFO: [ app_begin ] --END-- [ RunTime:0.011193s ]
NOTIC: [8] A session had already been started - ignoring session_start() C:\xampp\htdocs\eduadmin\Application\Home\Controller\IndexController.class.php 第 40 行.
SQL: SHOW COLUMNS FROM `info_user` [ RunTime:0.0142s ]
SQL: SELECT * FROM `info_user` WHERE `user_id` = 1 LIMIT 1   [ RunTime:0.0014s ]
NOTIC: [8] A session had already been started - ignoring session_start() C:\xampp\htdocs\eduadmin\Application\Home\Controller\IndexController.class.php 第 188 行.
SQL: SHOW COLUMNS FROM `info_selected` [ RunTime:0.0122s ]
SQL: SELECT * FROM `info_selected` INNER JOIN info_Course on info_selected.course_id = info_course.course_id INNER JOIN info_User on info_course.teacher = info_user.user_id  WHERE ( info_user.user_id=1 )  [ RunTime:0.0018s ]
INFO: [ view_parse ] --START--
INFO: [ template_filter ] --START--
INFO: Run Behavior\ContentReplaceBehavior [ RunTime:0.001373s ]
INFO: [ template_filter ] --END-- [ RunTime:0.004816s ]
NOTIC: [8] Undefined variable: username C:\xampp\htdocs\eduadmin\Application\Runtime\Cache\Home\9bd123ab2be3149877a49f9f63dc4ce5.php 第 25 行.
NOTIC: [8] Undefined variable: date C:\xampp\htdocs\eduadmin\Application\Runtime\Cache\Home\9bd123ab2be3149877a49f9f63dc4ce5.php 第 25 行.
INFO: Run Behavior\ParseTemplateBehavior [ RunTime:0.097296s ]
INFO: [ view_parse ] --END-- [ RunTime:0.100512s ]
INFO: [ view_filter ] --START--
INFO: Run Behavior\WriteHtmlCacheBehavior [ RunTime:0.003305s ]
INFO: [ view_filter ] --END-- [ RunTime:0.005902s ]
INFO: [ app_end ] --START--
INFO: Run Behavior\ShowPageTraceBehavior [ RunTime:0.003926s ]
INFO: [ app_end ] --END-- [ RunTime:0.006295s ]

[ 2016-09-01T15:23:33+08:00 ] ::1 /eduadmin/index.php/
INFO: [ app_init ] --START--
INFO: Run Behavior\BuildLiteBehavior [ RunTime:0.001084s ]
INFO: [ app_init ] --END-- [ RunTime:0.007665s ]
INFO: [ app_begin ] --START--
INFO: Run Behavior\ReadHtmlCacheBehavior [ RunTime:0.004493s ]
INFO: [ app_begin ] --END-- [ RunTime:0.007641s ]
INFO: [ app_end ] --START--
INFO: Run Behavior\ShowPageTraceBehavior [ RunTime:0.003638s ]
INFO: [ app_end ] --END-- [ RunTime:0.006041s ]

[ 2016-09-01T15:23:34+08:00 ] ::1 /eduadmin/index.php/Home/Index/login.html
INFO: [ app_init ] --START--
INFO: Run Behavior\BuildLiteBehavior [ RunTime:0.000468s ]
INFO: [ app_init ] --END-- [ RunTime:0.004256s ]
INFO: [ app_begin ] --START--
INFO: Run Behavior\ReadHtmlCacheBehavior [ RunTime:0.005069s ]
INFO: [ app_begin ] --END-- [ RunTime:0.007721s ]
INFO: [ view_parse ] --START--
INFO: [ template_filter ] --START--
INFO: Run Behavior\ContentReplaceBehavior [ RunTime:0.001081s ]
INFO: [ template_filter ] --END-- [ RunTime:0.003631s ]
INFO: Run Behavior\ParseTemplateBehavior [ RunTime:0.044855s ]
INFO: [ view_parse ] --END-- [ RunTime:0.047274s ]
INFO: [ view_filter ] --START--
INFO: Run Behavior\WriteHtmlCacheBehavior [ RunTime:0.002788s ]
INFO: [ view_filter ] --END-- [ RunTime:0.005708s ]
INFO: [ app_end ] --START--
INFO: Run Behavior\ShowPageTraceBehavior [ RunTime:0.003361s ]
INFO: [ app_end ] --END-- [ RunTime:0.005743s ]

[ 2016-09-01T15:23:40+08:00 ] ::1 /eduadmin/index.php/Home/Index/check_login
INFO: [ app_init ] --START--
INFO: Run Behavior\BuildLiteBehavior [ RunTime:0.001330s ]
INFO: [ app_init ] --END-- [ RunTime:0.016071s ]
INFO: [ app_begin ] --START--
INFO: Run Behavior\ReadHtmlCacheBehavior [ RunTime:0.003582s ]
INFO: [ app_begin ] --END-- [ RunTime:0.007788s ]
NOTIC: [8] A session had already been started - ignoring session_start() C:\xampp\htdocs\eduadmin\Application\Home\Controller\IndexController.class.php 第 17 行.
SQL: SHOW COLUMNS FROM `info_user` [ RunTime:0.0489s ]
SQL: SELECT * FROM `info_user` WHERE `user_id` = 1 LIMIT 1   [ RunTime:0.0013s ]
INFO: [ view_parse ] --START--
INFO: [ template_filter ] --START--
INFO: Run Behavior\ContentReplaceBehavior [ RunTime:0.001184s ]
INFO: [ template_filter ] --END-- [ RunTime:0.003841s ]
INFO: Run Behavior\ParseTemplateBehavior [ RunTime:0.049871s ]
INFO: [ view_parse ] --END-- [ RunTime:0.052306s ]
INFO: [ view_filter ] --START--
INFO: Run Behavior\WriteHtmlCacheBehavior [ RunTime:0.003011s ]
INFO: [ view_filter ] --END-- [ RunTime:0.005356s ]
INFO: [ app_end ] --START--
INFO: Run Behavior\ShowPageTraceBehavior [ RunTime:0.005058s ]
INFO: [ app_end ] --END-- [ RunTime:0.007399s ]

[ 2016-09-01T15:23:41+08:00 ] ::1 /eduadmin/index.php/Home/Index/selectedCourse.html
INFO: [ app_init ] --START--
INFO: Run Behavior\BuildLiteBehavior [ RunTime:0.000685s ]
INFO: [ app_init ] --END-- [ RunTime:0.005051s ]
INFO: [ app_begin ] --START--
INFO: Run Behavior\ReadHtmlCacheBehavior [ RunTime:0.003301s ]
INFO: [ app_begin ] --END-- [ RunTime:0.005732s ]
NOTIC: [8] A session had already been started - ignoring session_start() C:\xampp\htdocs\eduadmin\Application\Home\Controller\IndexController.class.php 第 40 行.
SQL: SHOW COLUMNS FROM `info_user` [ RunTime:0.0122s ]
SQL: SELECT * FROM `info_user` WHERE `user_id` = 1 LIMIT 1   [ RunTime:0.0013s ]
NOTIC: [8] A session had already been started - ignoring session_start() C:\xampp\htdocs\eduadmin\Application\Home\Controller\IndexController.class.php 第 188 行.
SQL: SHOW COLUMNS FROM `info_selected` [ RunTime:0.0118s ]
SQL: SELECT * FROM `info_selected` INNER JOIN info_Course on info_selected.course_id = info_course.course_id INNER JOIN info_User on info_course.teacher = info_user.user_id  WHERE ( info_user.user_id=1 )  [ RunTime:0.0025s ]
INFO: [ view_parse ] --START--
INFO: [ template_filter ] --START--
INFO: Run Behavior\ContentReplaceBehavior [ RunTime:0.001218s ]
INFO: [ template_filter ] --END-- [ RunTime:0.004136s ]
NOTIC: [8] Undefined variable: username C:\xampp\htdocs\eduadmin\Application\Runtime\Cache\Home\9bd123ab2be3149877a49f9f63dc4ce5.php 第 25 行.
NOTIC: [8] Undefined variable: date C:\xampp\htdocs\eduadmin\Application\Runtime\Cache\Home\9bd123ab2be3149877a49f9f63dc4ce5.php 第 25 行.
INFO: Run Behavior\ParseTemplateBehavior [ RunTime:0.086389s ]
INFO: [ view_parse ] --END-- [ RunTime:0.088845s ]
INFO: [ view_filter ] --START--
INFO: Run Behavior\WriteHtmlCacheBehavior [ RunTime:0.002645s ]
INFO: [ view_filter ] --END-- [ RunTime:0.005019s ]
INFO: [ app_end ] --START--
INFO: Run Behavior\ShowPageTraceBehavior [ RunTime:0.003244s ]
INFO: [ app_end ] --END-- [ RunTime:0.005598s ]

[ 2016-09-01T15:23:43+08:00 ] ::1 /eduadmin/index.php/Home/Index/selectedCourse
INFO: [ app_init ] --START--
INFO: Run Behavior\BuildLiteBehavior [ RunTime:0.000488s ]
INFO: [ app_init ] --END-- [ RunTime:0.004775s ]
INFO: [ app_begin ] --START--
INFO: Run Behavior\ReadHtmlCacheBehavior [ RunTime:0.003243s ]
INFO: [ app_begin ] --END-- [ RunTime:0.005644s ]
NOTIC: [8] A session had already been started - ignoring session_start() C:\xampp\htdocs\eduadmin\Application\Home\Controller\IndexController.class.php 第 40 行.
SQL: SHOW COLUMNS FROM `info_user` [ RunTime:0.0116s ]
SQL: SELECT * FROM `info_user` WHERE `user_id` = 1 LIMIT 1   [ RunTime:0.0013s ]
NOTIC: [8] A session had already been started - ignoring session_start() C:\xampp\htdocs\eduadmin\Application\Home\Controller\IndexController.class.php 第 188 行.
SQL: SHOW COLUMNS FROM `info_selected` [ RunTime:0.0144s ]
SQL: SELECT * FROM `info_selected` INNER JOIN info_Course on info_selected.course_id = info_course.course_id INNER JOIN info_User on info_course.teacher = info_user.user_id  WHERE ( info_user.user_id=1 )  [ RunTime:0.0017s ]
INFO: [ view_parse ] --START--
INFO: [ template_filter ] --START--
INFO: Run Behavior\ContentReplaceBehavior [ RunTime:0.001115s ]
INFO: [ template_filter ] --END-- [ RunTime:0.003687s ]
NOTIC: [8] Undefined variable: username C:\xampp\htdocs\eduadmin\Application\Runtime\Cache\Home\9bd123ab2be3149877a49f9f63dc4ce5.php 第 25 行.
NOTIC: [8] Undefined variable: date C:\xampp\htdocs\eduadmin\Application\Runtime\Cache\Home\9bd123ab2be3149877a49f9f63dc4ce5.php 第 25 行.
INFO: Run Behavior\ParseTemplateBehavior [ RunTime:0.084654s ]
INFO: [ view_parse ] --END-- [ RunTime:0.087065s ]
INFO: [ view_filter ] --START--
INFO: Run Behavior\WriteHtmlCacheBehavior [ RunTime:0.002964s ]
INFO: [ view_filter ] --END-- [ RunTime:0.005438s ]
INFO: [ app_end ] --START--
INFO: Run Behavior\ShowPageTraceBehavior [ RunTime:0.003172s ]
INFO: [ app_end ] --END-- [ RunTime:0.005549s ]

[ 2016-09-01T15:23:45+08:00 ] ::1 /eduadmin/index.php/Home/Index/listCourse
INFO: [ app_init ] --START--
INFO: Run Behavior\BuildLiteBehavior [ RunTime:0.000627s ]
INFO: [ app_init ] --END-- [ RunTime:0.004819s ]
INFO: [ app_begin ] --START--
INFO: Run Behavior\ReadHtmlCacheBehavior [ RunTime:0.003441s ]
INFO: [ app_begin ] --END-- [ RunTime:0.005965s ]
NOTIC: [8] A session had already been started - ignoring session_start() C:\xampp\htdocs\eduadmin\Application\Home\Controller\IndexController.class.php 第 40 行.
SQL: SHOW COLUMNS FROM `info_user` [ RunTime:0.0446s ]
SQL: SELECT * FROM `info_user` WHERE `user_id` = 1 LIMIT 1   [ RunTime:0.0024s ]
SQL: SHOW COLUMNS FROM `info_course` [ RunTime:0.0176s ]
SQL: SELECT COUNT(*) AS tp_count FROM `info_course` LIMIT 1   [ RunTime:0.0024s ]
SQL: SELECT * FROM `info_course` INNER JOIN info_User on info_course.teacher = info_user.user_id   [ RunTime:0.0023s ]
INFO: [ view_parse ] --START--
INFO: [ template_filter ] --START--
INFO: Run Behavior\ContentReplaceBehavior [ RunTime:0.001197s ]
INFO: [ template_filter ] --END-- [ RunTime:0.003551s ]
NOTIC: [8] Undefined variable: username C:\xampp\htdocs\eduadmin\Application\Runtime\Cache\Home\2e2343a37a0a96ffec8cf628d376d3e2.php 第 25 行.
NOTIC: [8] Undefined variable: date C:\xampp\htdocs\eduadmin\Application\Runtime\Cache\Home\2e2343a37a0a96ffec8cf628d376d3e2.php 第 25 行.
INFO: Run Behavior\ParseTemplateBehavior [ RunTime:0.083614s ]
INFO: [ view_parse ] --END-- [ RunTime:0.086917s ]
INFO: [ view_filter ] --START--
INFO: Run Behavior\WriteHtmlCacheBehavior [ RunTime:0.003333s ]
INFO: [ view_filter ] --END-- [ RunTime:0.005653s ]
INFO: [ app_end ] --START--
INFO: Run Behavior\ShowPageTraceBehavior [ RunTime:0.003188s ]
INFO: [ app_end ] --END-- [ RunTime:0.005605s ]

[ 2016-09-01T15:23:46+08:00 ] ::1 /eduadmin/index.php/Home/Index/publishCourse
INFO: [ app_init ] --START--
INFO: Run Behavior\BuildLiteBehavior [ RunTime:0.000576s ]
INFO: [ app_init ] --END-- [ RunTime:0.004900s ]
INFO: [ app_begin ] --START--
INFO: Run Behavior\ReadHtmlCacheBehavior [ RunTime:0.003209s ]
INFO: [ app_begin ] --END-- [ RunTime:0.005586s ]
NOTIC: [8] A session had already been started - ignoring session_start() C:\xampp\htdocs\eduadmin\Application\Home\Controller\IndexController.class.php 第 40 行.
SQL: SHOW COLUMNS FROM `info_user` [ RunTime:0.0120s ]
SQL: SELECT * FROM `info_user` WHERE `user_id` = 1 LIMIT 1   [ RunTime:0.0013s ]
SQL: SELECT * FROM `info_user` WHERE `user_id` = 1 LIMIT 1   [ RunTime:0.0013s ]
INFO: [ view_parse ] --START--
INFO: [ template_filter ] --START--
INFO: Run Behavior\ContentReplaceBehavior [ RunTime:0.001248s ]
INFO: [ template_filter ] --END-- [ RunTime:0.004266s ]
NOTIC: [8] Undefined variable: username C:\xampp\htdocs\eduadmin\Application\Runtime\Cache\Home\4db8e3e19f1d3d8256d13904c7252267.php 第 61 行.
NOTIC: [8] Undefined variable: date C:\xampp\htdocs\eduadmin\Application\Runtime\Cache\Home\4db8e3e19f1d3d8256d13904c7252267.php 第 61 行.
INFO: Run Behavior\ParseTemplateBehavior [ RunTime:0.051203s ]
INFO: [ view_parse ] --END-- [ RunTime:0.053611s ]
INFO: [ view_filter ] --START--
INFO: Run Behavior\WriteHtmlCacheBehavior [ RunTime:0.003247s ]
INFO: [ view_filter ] --END-- [ RunTime:0.005629s ]
INFO: [ app_end ] --START--
INFO: Run Behavior\ShowPageTraceBehavior [ RunTime:0.003267s ]
INFO: [ app_end ] --END-- [ RunTime:0.005787s ]

[ 2016-09-01T15:23:48+08:00 ] ::1 /eduadmin/index.php/Home/Index/manageCourse
INFO: [ app_init ] --START--
INFO: Run Behavior\BuildLiteBehavior [ RunTime:0.000804s ]
INFO: [ app_init ] --END-- [ RunTime:0.004998s ]
INFO: [ app_begin ] --START--
INFO: Run Behavior\ReadHtmlCacheBehavior [ RunTime:0.003242s ]
INFO: [ app_begin ] --END-- [ RunTime:0.005643s ]
NOTIC: [8] A session had already been started - ignoring session_start() C:\xampp\htdocs\eduadmin\Application\Home\Controller\IndexController.class.php 第 40 行.
SQL: SHOW COLUMNS FROM `info_user` [ RunTime:0.0108s ]
SQL: SELECT * FROM `info_user` WHERE `user_id` = 1 LIMIT 1   [ RunTime:0.0013s ]
NOTIC: [8] A session had already been started - ignoring session_start() C:\xampp\htdocs\eduadmin\Application\Home\Controller\IndexController.class.php 第 259 行.
SQL: SELECT * FROM `info_user` WHERE `user_id` = 1 LIMIT 1   [ RunTime:0.0013s ]
SQL: SHOW COLUMNS FROM `info_course` [ RunTime:0.0110s ]
SQL: SELECT * FROM `info_course`  [ RunTime:0.0013s ]
INFO: [ view_parse ] --START--
INFO: [ template_filter ] --START--
INFO: Run Behavior\ContentReplaceBehavior [ RunTime:0.001126s ]
INFO: [ template_filter ] --END-- [ RunTime:0.004217s ]
NOTIC: [8] Undefined variable: username C:\xampp\htdocs\eduadmin\Application\Runtime\Cache\Home\e4473b82a3667de8f7e075ab6aa01e72.php 第 25 行.
NOTIC: [8] Undefined variable: date C:\xampp\htdocs\eduadmin\Application\Runtime\Cache\Home\e4473b82a3667de8f7e075ab6aa01e72.php 第 25 行.
INFO: Run Behavior\ParseTemplateBehavior [ RunTime:0.084507s ]
INFO: [ view_parse ] --END-- [ RunTime:0.086943s ]
INFO: [ view_filter ] --START--
INFO: Run Behavior\WriteHtmlCacheBehavior [ RunTime:0.003278s ]
INFO: [ view_filter ] --END-- [ RunTime:0.007145s ]
INFO: [ app_end ] --START--
INFO: Run Behavior\ShowPageTraceBehavior [ RunTime:0.003248s ]
INFO: [ app_end ] --END-- [ RunTime:0.006067s ]

[ 2016-09-01T15:25:46+08:00 ] ::1 /eduadmin/index.php/Home/Index/selectedCourse
INFO: [ app_init ] --START--
INFO: Run Behavior\BuildLiteBehavior [ RunTime:0.000704s ]
INFO: [ app_init ] --END-- [ RunTime:0.005457s ]
INFO: [ app_begin ] --START--
INFO: Run Behavior\ReadHtmlCacheBehavior [ RunTime:0.004141s ]
INFO: [ app_begin ] --END-- [ RunTime:0.006771s ]
NOTIC: [8] A session had already been started - ignoring session_start() C:\xampp\htdocs\eduadmin\Application\Home\Controller\IndexController.class.php 第 40 行.
SQL: SHOW COLUMNS FROM `info_user` [ RunTime:0.0124s ]
SQL: SELECT * FROM `info_user` WHERE `user_id` = 1 LIMIT 1   [ RunTime:0.0014s ]
NOTIC: [8] A session had already been started - ignoring session_start() C:\xampp\htdocs\eduadmin\Application\Home\Controller\IndexController.class.php 第 188 行.
SQL: SHOW COLUMNS FROM `info_selected` [ RunTime:0.0127s ]
SQL: SELECT * FROM `info_selected` INNER JOIN info_Course on info_selected.course_id = info_course.course_id INNER JOIN info_User on info_course.teacher = info_user.user_id  WHERE ( info_user.user_id=1 )  [ RunTime:0.0020s ]
INFO: [ view_parse ] --START--
INFO: [ template_filter ] --START--
INFO: Run Behavior\ContentReplaceBehavior [ RunTime:0.002049s ]
INFO: [ template_filter ] --END-- [ RunTime:0.007334s ]
NOTIC: [8] Undefined variable: username C:\xampp\htdocs\eduadmin\Application\Runtime\Cache\Home\9bd123ab2be3149877a49f9f63dc4ce5.php 第 25 行.
NOTIC: [8] Undefined variable: date C:\xampp\htdocs\eduadmin\Application\Runtime\Cache\Home\9bd123ab2be3149877a49f9f63dc4ce5.php 第 25 行.
INFO: Run Behavior\ParseTemplateBehavior [ RunTime:0.118169s ]
INFO: [ view_parse ] --END-- [ RunTime:0.120588s ]
INFO: [ view_filter ] --START--
INFO: Run Behavior\WriteHtmlCacheBehavior [ RunTime:0.003315s ]
INFO: [ view_filter ] --END-- [ RunTime:0.006309s ]
INFO: [ app_end ] --START--
INFO: Run Behavior\ShowPageTraceBehavior [ RunTime:0.003906s ]
INFO: [ app_end ] --END-- [ RunTime:0.006439s ]

[ 2016-09-01T15:25:48+08:00 ] ::1 /eduadmin/index.php/Home/Index/publishCourse
INFO: [ app_init ] --START--
INFO: Run Behavior\BuildLiteBehavior [ RunTime:0.000991s ]
INFO: [ app_init ] --END-- [ RunTime:0.006467s ]
INFO: [ app_begin ] --START--
INFO: Run Behavior\ReadHtmlCacheBehavior [ RunTime:0.004902s ]
INFO: [ app_begin ] --END-- [ RunTime:0.009846s ]
NOTIC: [8] A session had already been started - ignoring session_start() C:\xampp\htdocs\eduadmin\Application\Home\Controller\IndexController.class.php 第 40 行.
SQL: SHOW COLUMNS FROM `info_user` [ RunTime:0.0342s ]
SQL: SELECT * FROM `info_user` WHERE `user_id` = 1 LIMIT 1   [ RunTime:0.0013s ]
SQL: SELECT * FROM `info_user` WHERE `user_id` = 1 LIMIT 1   [ RunTime:0.0018s ]
INFO: [ view_parse ] --START--
INFO: [ template_filter ] --START--
INFO: Run Behavior\ContentReplaceBehavior [ RunTime:0.001136s ]
INFO: [ template_filter ] --END-- [ RunTime:0.003486s ]
NOTIC: [8] Undefined variable: username C:\xampp\htdocs\eduadmin\Application\Runtime\Cache\Home\4db8e3e19f1d3d8256d13904c7252267.php 第 61 行.
NOTIC: [8] Undefined variable: date C:\xampp\htdocs\eduadmin\Application\Runtime\Cache\Home\4db8e3e19f1d3d8256d13904c7252267.php 第 61 行.
INFO: Run Behavior\ParseTemplateBehavior [ RunTime:0.054069s ]
INFO: [ view_parse ] --END-- [ RunTime:0.057433s ]
INFO: [ view_filter ] --START--
INFO: Run Behavior\WriteHtmlCacheBehavior [ RunTime:0.002600s ]
INFO: [ view_filter ] --END-- [ RunTime:0.005014s ]
INFO: [ app_end ] --START--
INFO: Run Behavior\ShowPageTraceBehavior [ RunTime:0.003333s ]
INFO: [ app_end ] --END-- [ RunTime:0.005669s ]

[ 2016-09-01T15:30:39+08:00 ] ::1 /eduadmin/index.php/Home/Index/manageCourse
INFO: [ app_init ] --START--
INFO: Run Behavior\BuildLiteBehavior [ RunTime:0.000874s ]
INFO: [ app_init ] --END-- [ RunTime:0.005618s ]
INFO: [ app_begin ] --START--
INFO: Run Behavior\ReadHtmlCacheBehavior [ RunTime:0.003828s ]
INFO: [ app_begin ] --END-- [ RunTime:0.006324s ]
NOTIC: [8] A session had already been started - ignoring session_start() C:\xampp\htdocs\eduadmin\Application\Home\Controller\IndexController.class.php 第 40 行.
SQL: SHOW COLUMNS FROM `info_user` [ RunTime:0.0125s ]
SQL: SELECT * FROM `info_user` WHERE `user_id` = 1 LIMIT 1   [ RunTime:0.0015s ]
NOTIC: [8] A session had already been started - ignoring session_start() C:\xampp\htdocs\eduadmin\Application\Home\Controller\IndexController.class.php 第 259 行.
SQL: SELECT * FROM `info_user` WHERE `user_id` = 1 LIMIT 1   [ RunTime:0.0013s ]
SQL: SHOW COLUMNS FROM `info_course` [ RunTime:0.0139s ]
SQL: SELECT * FROM `info_course`  [ RunTime:0.0013s ]
INFO: [ view_parse ] --START--
INFO: [ template_filter ] --START--
INFO: Run Behavior\ContentReplaceBehavior [ RunTime:0.001304s ]
INFO: [ template_filter ] --END-- [ RunTime:0.003803s ]
NOTIC: [8] Undefined variable: username C:\xampp\htdocs\eduadmin\Application\Runtime\Cache\Home\e4473b82a3667de8f7e075ab6aa01e72.php 第 25 行.
NOTIC: [8] Undefined variable: date C:\xampp\htdocs\eduadmin\Application\Runtime\Cache\Home\e4473b82a3667de8f7e075ab6aa01e72.php 第 25 行.
INFO: Run Behavior\ParseTemplateBehavior [ RunTime:0.092856s ]
INFO: [ view_parse ] --END-- [ RunTime:0.096184s ]
INFO: [ view_filter ] --START--
INFO: Run Behavior\WriteHtmlCacheBehavior [ RunTime:0.003064s ]
INFO: [ view_filter ] --END-- [ RunTime:0.005480s ]
INFO: [ app_end ] --START--
INFO: Run Behavior\ShowPageTraceBehavior [ RunTime:0.003705s ]
INFO: [ app_end ] --END-- [ RunTime:0.006140s ]

[ 2016-09-01T15:30:42+08:00 ] ::1 /eduadmin/index.php/Home/Index/listclasstime/id/11
INFO: [ app_init ] --START--
INFO: Run Behavior\BuildLiteBehavior [ RunTime:0.000691s ]
INFO: [ app_init ] --END-- [ RunTime:0.004815s ]
INFO: [ app_begin ] --START--
INFO: Run Behavior\ReadHtmlCacheBehavior [ RunTime:0.003439s ]
INFO: [ app_begin ] --END-- [ RunTime:0.005942s ]
NOTIC: [8] A session had already been started - ignoring session_start() C:\xampp\htdocs\eduadmin\Application\Home\Controller\IndexController.class.php 第 40 行.
SQL: SHOW COLUMNS FROM `info_user` [ RunTime:0.0115s ]
SQL: SELECT * FROM `info_user` WHERE `user_id` = 1 LIMIT 1   [ RunTime:0.0013s ]
NOTIC: [8] A session had already been started - ignoring session_start() C:\xampp\htdocs\eduadmin\Application\Home\Controller\IndexController.class.php 第 335 行.
SQL: SHOW COLUMNS FROM `info_classtime` [ RunTime:0.0278s ]
SQL: SELECT * FROM `info_classtime` WHERE `course_id` = 11  [ RunTime:0.0137s ]
INFO: [ view_parse ] --START--
INFO: [ template_filter ] --START--
INFO: Run Behavior\ContentReplaceBehavior [ RunTime:0.001409s ]
INFO: [ template_filter ] --END-- [ RunTime:0.003971s ]
NOTIC: [8] Undefined variable: username C:\xampp\htdocs\eduadmin\Application\Runtime\Cache\Home\59e9d23d34120f85e43337c2e5172745.php 第 25 行.
NOTIC: [8] Undefined variable: date C:\xampp\htdocs\eduadmin\Application\Runtime\Cache\Home\59e9d23d34120f85e43337c2e5172745.php 第 25 行.
INFO: Run Behavior\ParseTemplateBehavior [ RunTime:0.096801s ]
INFO: [ view_parse ] --END-- [ RunTime:0.099854s ]
INFO: [ view_filter ] --START--
INFO: Run Behavior\WriteHtmlCacheBehavior [ RunTime:0.002879s ]
INFO: [ view_filter ] --END-- [ RunTime:0.005317s ]
INFO: [ app_end ] --START--
INFO: Run Behavior\ShowPageTraceBehavior [ RunTime:0.003800s ]
INFO: [ app_end ] --END-- [ RunTime:0.006248s ]

[ 2016-09-01T15:31:11+08:00 ] ::1 /eduadmin/index.php/Home/Index/listCourse
INFO: [ app_init ] --START--
INFO: Run Behavior\BuildLiteBehavior [ RunTime:0.000495s ]
INFO: [ app_init ] --END-- [ RunTime:0.004608s ]
INFO: [ app_begin ] --START--
INFO: Run Behavior\ReadHtmlCacheBehavior [ RunTime:0.004704s ]
INFO: [ app_begin ] --END-- [ RunTime:0.007265s ]
NOTIC: [8] A session had already been started - ignoring session_start() C:\xampp\htdocs\eduadmin\Application\Home\Controller\IndexController.class.php 第 40 行.
SQL: SHOW COLUMNS FROM `info_user` [ RunTime:0.0117s ]
SQL: SELECT * FROM `info_user` WHERE `user_id` = 1 LIMIT 1   [ RunTime:0.0013s ]
SQL: SHOW COLUMNS FROM `info_course` [ RunTime:0.0121s ]
SQL: SELECT COUNT(*) AS tp_count FROM `info_course` LIMIT 1   [ RunTime:0.0016s ]
SQL: SELECT * FROM `info_course` INNER JOIN info_User on info_course.teacher = info_user.user_id   [ RunTime:0.0016s ]
INFO: [ view_parse ] --START--
INFO: [ template_filter ] --START--
INFO: Run Behavior\ContentReplaceBehavior [ RunTime:0.001173s ]
INFO: [ template_filter ] --END-- [ RunTime:0.003628s ]
NOTIC: [8] Undefined variable: username C:\xampp\htdocs\eduadmin\Application\Runtime\Cache\Home\2e2343a37a0a96ffec8cf628d376d3e2.php 第 25 行.
NOTIC: [8] Undefined variable: date C:\xampp\htdocs\eduadmin\Application\Runtime\Cache\Home\2e2343a37a0a96ffec8cf628d376d3e2.php 第 25 行.
INFO: Run Behavior\ParseTemplateBehavior [ RunTime:0.089053s ]
INFO: [ view_parse ] --END-- [ RunTime:0.091567s ]
INFO: [ view_filter ] --START--
INFO: Run Behavior\WriteHtmlCacheBehavior [ RunTime:0.003291s ]
INFO: [ view_filter ] --END-- [ RunTime:0.005818s ]
INFO: [ app_end ] --START--
INFO: Run Behavior\ShowPageTraceBehavior [ RunTime:0.003922s ]
INFO: [ app_end ] --END-- [ RunTime:0.006401s ]

[ 2016-09-01T15:31:14+08:00 ] ::1 /eduadmin/index.php/Home/Index/selectCourse/id/11
INFO: [ app_init ] --START--
INFO: Run Behavior\BuildLiteBehavior [ RunTime:0.000598s ]
INFO: [ app_init ] --END-- [ RunTime:0.005507s ]
INFO: [ app_begin ] --START--
INFO: Run Behavior\ReadHtmlCacheBehavior [ RunTime:0.003295s ]
INFO: [ app_begin ] --END-- [ RunTime:0.005993s ]
NOTIC: [8] A session had already been started - ignoring session_start() C:\xampp\htdocs\eduadmin\Application\Home\Controller\IndexController.class.php 第 40 行.
SQL: SHOW COLUMNS FROM `info_user` [ RunTime:0.0574s ]
SQL: SELECT * FROM `info_user` WHERE `user_id` = 1 LIMIT 1   [ RunTime:0.0014s ]
NOTIC: [8] A session had already been started - ignoring session_start() C:\xampp\htdocs\eduadmin\Application\Home\Controller\IndexController.class.php 第 115 行.
SQL: SHOW COLUMNS FROM `info_selected` [ RunTime:0.0111s ]
SQL: SELECT * FROM `info_selected` WHERE `user_id` = 1 AND `course_id` = 11 LIMIT 1   [ RunTime:0.0013s ]
INFO: [ view_parse ] --START--
INFO: [ template_filter ] --START--
INFO: Run Behavior\ContentReplaceBehavior [ RunTime:0.001168s ]
INFO: [ template_filter ] --END-- [ RunTime:0.003585s ]
INFO: Run Behavior\ParseTemplateBehavior [ RunTime:0.049749s ]
INFO: [ view_parse ] --END-- [ RunTime:0.052652s ]
INFO: [ view_filter ] --START--
INFO: Run Behavior\WriteHtmlCacheBehavior [ RunTime:0.002720s ]
INFO: [ view_filter ] --END-- [ RunTime:0.005110s ]

[ 2016-09-01T15:31:21+08:00 ] ::1 /eduadmin/index.php/Home/Index/stulistclasstime/id/12
INFO: [ app_init ] --START--
INFO: Run Behavior\BuildLiteBehavior [ RunTime:0.000492s ]
INFO: [ app_init ] --END-- [ RunTime:0.004636s ]
INFO: [ app_begin ] --START--
INFO: Run Behavior\ReadHtmlCacheBehavior [ RunTime:0.004059s ]
INFO: [ app_begin ] --END-- [ RunTime:0.006610s ]
NOTIC: [8] A session had already been started - ignoring session_start() C:\xampp\htdocs\eduadmin\Application\Home\Controller\IndexController.class.php 第 40 行.
SQL: SHOW COLUMNS FROM `info_user` [ RunTime:0.0344s ]
SQL: SELECT * FROM `info_user` WHERE `user_id` = 1 LIMIT 1   [ RunTime:0.0016s ]
NOTIC: [8] A session had already been started - ignoring session_start() C:\xampp\htdocs\eduadmin\Application\Home\Controller\IndexController.class.php 第 442 行.
SQL: SHOW COLUMNS FROM `info_classtime` [ RunTime:0.0119s ]
SQL: SELECT * FROM `info_classtime` WHERE `course_id` = 12  [ RunTime:0.0013s ]
INFO: [ view_parse ] --START--
INFO: [ template_filter ] --START--
INFO: Run Behavior\ContentReplaceBehavior [ RunTime:0.001159s ]
INFO: [ template_filter ] --END-- [ RunTime:0.004113s ]
NOTIC: [8] Undefined variable: username C:\xampp\htdocs\eduadmin\Application\Runtime\Cache\Home\1858c75a4d97dc7a64efdb4b6bb180d4.php 第 25 行.
NOTIC: [8] Undefined variable: date C:\xampp\htdocs\eduadmin\Application\Runtime\Cache\Home\1858c75a4d97dc7a64efdb4b6bb180d4.php 第 25 行.
INFO: Run Behavior\ParseTemplateBehavior [ RunTime:0.105749s ]
INFO: [ view_parse ] --END-- [ RunTime:0.108668s ]
INFO: [ view_filter ] --START--
INFO: Run Behavior\WriteHtmlCacheBehavior [ RunTime:0.002927s ]
INFO: [ view_filter ] --END-- [ RunTime:0.005397s ]
INFO: [ app_end ] --START--
INFO: Run Behavior\ShowPageTraceBehavior [ RunTime:0.003602s ]
INFO: [ app_end ] --END-- [ RunTime:0.006100s ]

[ 2016-09-01T15:31:26+08:00 ] ::1 /eduadmin/index.php/Home/Index/stulistclasstime/id/11
INFO: [ app_init ] --START--
INFO: Run Behavior\BuildLiteBehavior [ RunTime:0.000486s ]
INFO: [ app_init ] --END-- [ RunTime:0.005283s ]
INFO: [ app_begin ] --START--
INFO: Run Behavior\ReadHtmlCacheBehavior [ RunTime:0.003425s ]
INFO: [ app_begin ] --END-- [ RunTime:0.005862s ]
NOTIC: [8] A session had already been started - ignoring session_start() C:\xampp\htdocs\eduadmin\Application\Home\Controller\IndexController.class.php 第 40 行.
SQL: SHOW COLUMNS FROM `info_user` [ RunTime:0.0137s ]
SQL: SELECT * FROM `info_user` WHERE `user_id` = 1 LIMIT 1   [ RunTime:0.0013s ]
NOTIC: [8] A session had already been started - ignoring session_start() C:\xampp\htdocs\eduadmin\Application\Home\Controller\IndexController.class.php 第 442 行.
SQL: SHOW COLUMNS FROM `info_classtime` [ RunTime:0.0115s ]
SQL: SELECT * FROM `info_classtime` WHERE `course_id` = 11  [ RunTime:0.0017s ]
INFO: [ view_parse ] --START--
INFO: [ template_filter ] --START--
INFO: Run Behavior\ContentReplaceBehavior [ RunTime:0.001110s ]
INFO: [ template_filter ] --END-- [ RunTime:0.003533s ]
NOTIC: [8] Undefined variable: username C:\xampp\htdocs\eduadmin\Application\Runtime\Cache\Home\1858c75a4d97dc7a64efdb4b6bb180d4.php 第 25 行.
NOTIC: [8] Undefined variable: date C:\xampp\htdocs\eduadmin\Application\Runtime\Cache\Home\1858c75a4d97dc7a64efdb4b6bb180d4.php 第 25 行.
INFO: Run Behavior\ParseTemplateBehavior [ RunTime:0.079840s ]
INFO: [ view_parse ] --END-- [ RunTime:0.083274s ]
INFO: [ view_filter ] --START--
INFO: Run Behavior\WriteHtmlCacheBehavior [ RunTime:0.003144s ]
INFO: [ view_filter ] --END-- [ RunTime:0.006058s ]
INFO: [ app_end ] --START--
INFO: Run Behavior\ShowPageTraceBehavior [ RunTime:0.003325s ]
INFO: [ app_end ] --END-- [ RunTime:0.005706s ]

[ 2016-09-01T15:31:28+08:00 ] ::1 /eduadmin/index.php/Home/Index/stulistclasstime/id/11
INFO: [ app_init ] --START--
INFO: Run Behavior\BuildLiteBehavior [ RunTime:0.000481s ]
INFO: [ app_init ] --END-- [ RunTime:0.004954s ]
INFO: [ app_begin ] --START--
INFO: Run Behavior\ReadHtmlCacheBehavior [ RunTime:0.004554s ]
INFO: [ app_begin ] --END-- [ RunTime:0.006990s ]
NOTIC: [8] A session had already been started - ignoring session_start() C:\xampp\htdocs\eduadmin\Application\Home\Controller\IndexController.class.php 第 40 行.
SQL: SHOW COLUMNS FROM `info_user` [ RunTime:0.0121s ]
SQL: SELECT * FROM `info_user` WHERE `user_id` = 1 LIMIT 1   [ RunTime:0.0013s ]
NOTIC: [8] A session had already been started - ignoring session_start() C:\xampp\htdocs\eduadmin\Application\Home\Controller\IndexController.class.php 第 442 行.
SQL: SHOW COLUMNS FROM `info_classtime` [ RunTime:0.0122s ]
SQL: SELECT * FROM `info_classtime` WHERE `course_id` = 11  [ RunTime:0.0013s ]
INFO: [ view_parse ] --START--
INFO: [ template_filter ] --START--
INFO: Run Behavior\ContentReplaceBehavior [ RunTime:0.001203s ]
INFO: [ template_filter ] --END-- [ RunTime:0.003598s ]
NOTIC: [8] Undefined variable: username C:\xampp\htdocs\eduadmin\Application\Runtime\Cache\Home\1858c75a4d97dc7a64efdb4b6bb180d4.php 第 25 行.
NOTIC: [8] Undefined variable: date C:\xampp\htdocs\eduadmin\Application\Runtime\Cache\Home\1858c75a4d97dc7a64efdb4b6bb180d4.php 第 25 行.
INFO: Run Behavior\ParseTemplateBehavior [ RunTime:0.075258s ]
INFO: [ view_parse ] --END-- [ RunTime:0.077732s ]
INFO: [ view_filter ] --START--
INFO: Run Behavior\WriteHtmlCacheBehavior [ RunTime:0.003479s ]
INFO: [ view_filter ] --END-- [ RunTime:0.006589s ]
INFO: [ app_end ] --START--
INFO: Run Behavior\ShowPageTraceBehavior [ RunTime:0.003332s ]
INFO: [ app_end ] --END-- [ RunTime:0.006495s ]

[ 2016-09-01T15:31:31+08:00 ] ::1 /eduadmin/index.php/Home/Index/selectCourse/id/12
INFO: [ app_init ] --START--
INFO: Run Behavior\BuildLiteBehavior [ RunTime:0.000601s ]
INFO: [ app_init ] --END-- [ RunTime:0.004649s ]
INFO: [ app_begin ] --START--
INFO: Run Behavior\ReadHtmlCacheBehavior [ RunTime:0.003563s ]
INFO: [ app_begin ] --END-- [ RunTime:0.006034s ]
NOTIC: [8] A session had already been started - ignoring session_start() C:\xampp\htdocs\eduadmin\Application\Home\Controller\IndexController.class.php 第 40 行.
SQL: SHOW COLUMNS FROM `info_user` [ RunTime:0.0415s ]
SQL: SELECT * FROM `info_user` WHERE `user_id` = 1 LIMIT 1   [ RunTime:0.0013s ]
NOTIC: [8] A session had already been started - ignoring session_start() C:\xampp\htdocs\eduadmin\Application\Home\Controller\IndexController.class.php 第 115 行.
SQL: SHOW COLUMNS FROM `info_selected` [ RunTime:0.0117s ]
SQL: SELECT * FROM `info_selected` WHERE `user_id` = 1 AND `course_id` = 12 LIMIT 1   [ RunTime:0.0017s ]
SQL: SHOW COLUMNS FROM `info_course` [ RunTime:0.0145s ]
SQL: SELECT * FROM `info_course` WHERE `course_id` = 12 LIMIT 1   [ RunTime:0.0020s ]
SQL: SHOW COLUMNS FROM `info_classtime` [ RunTime:0.0148s ]
SQL: SELECT * FROM `info_classtime` WHERE ( course_id=12 )  [ RunTime:0.0018s ]
SQL: SELECT * FROM `info_selected` WHERE `user_id` = 1  [ RunTime:0.0016s ]
SQL: SELECT * FROM `info_classtime` WHERE ( course_id=11 )  [ RunTime:0.0022s ]
INFO: [ view_parse ] --START--
INFO: [ template_filter ] --START--
INFO: Run Behavior\ContentReplaceBehavior [ RunTime:0.002316s ]
INFO: [ template_filter ] --END-- [ RunTime:0.006665s ]
INFO: Run Behavior\ParseTemplateBehavior [ RunTime:0.094552s ]
INFO: [ view_parse ] --END-- [ RunTime:0.099219s ]
INFO: [ view_filter ] --START--
INFO: Run Behavior\WriteHtmlCacheBehavior [ RunTime:0.003512s ]
INFO: [ view_filter ] --END-- [ RunTime:0.006794s ]

[ 2016-09-01T15:31:39+08:00 ] ::1 /eduadmin/index.php/Home/Index/stulistclasstime/id/13
INFO: [ app_init ] --START--
INFO: Run Behavior\BuildLiteBehavior [ RunTime:0.000608s ]
INFO: [ app_init ] --END-- [ RunTime:0.004637s ]
INFO: [ app_begin ] --START--
INFO: Run Behavior\ReadHtmlCacheBehavior [ RunTime:0.003537s ]
INFO: [ app_begin ] --END-- [ RunTime:0.006202s ]
NOTIC: [8] A session had already been started - ignoring session_start() C:\xampp\htdocs\eduadmin\Application\Home\Controller\IndexController.class.php 第 40 行.
SQL: SHOW COLUMNS FROM `info_user` [ RunTime:0.0124s ]
SQL: SELECT * FROM `info_user` WHERE `user_id` = 1 LIMIT 1   [ RunTime:0.0014s ]
NOTIC: [8] A session had already been started - ignoring session_start() C:\xampp\htdocs\eduadmin\Application\Home\Controller\IndexController.class.php 第 442 行.
SQL: SHOW COLUMNS FROM `info_classtime` [ RunTime:0.0114s ]
SQL: SELECT * FROM `info_classtime` WHERE `course_id` = 13  [ RunTime:0.0019s ]
INFO: [ view_parse ] --START--
INFO: [ template_filter ] --START--
INFO: Run Behavior\ContentReplaceBehavior [ RunTime:0.001134s ]
INFO: [ template_filter ] --END-- [ RunTime:0.003556s ]
NOTIC: [8] Undefined variable: username C:\xampp\htdocs\eduadmin\Application\Runtime\Cache\Home\1858c75a4d97dc7a64efdb4b6bb180d4.php 第 25 行.
NOTIC: [8] Undefined variable: date C:\xampp\htdocs\eduadmin\Application\Runtime\Cache\Home\1858c75a4d97dc7a64efdb4b6bb180d4.php 第 25 行.
INFO: Run Behavior\ParseTemplateBehavior [ RunTime:0.076093s ]
INFO: [ view_parse ] --END-- [ RunTime:0.078671s ]
INFO: [ view_filter ] --START--
INFO: Run Behavior\WriteHtmlCacheBehavior [ RunTime:0.003336s ]
INFO: [ view_filter ] --END-- [ RunTime:0.006052s ]
INFO: [ app_end ] --START--
INFO: Run Behavior\ShowPageTraceBehavior [ RunTime:0.003429s ]
INFO: [ app_end ] --END-- [ RunTime:0.005925s ]

[ 2016-09-01T15:31:43+08:00 ] ::1 /eduadmin/index.php/Home/Index/selectCourse/id/13
INFO: [ app_init ] --START--
INFO: Run Behavior\BuildLiteBehavior [ RunTime:0.000501s ]
INFO: [ app_init ] --END-- [ RunTime:0.004598s ]
INFO: [ app_begin ] --START--
INFO: Run Behavior\ReadHtmlCacheBehavior [ RunTime:0.003601s ]
INFO: [ app_begin ] --END-- [ RunTime:0.007238s ]
NOTIC: [8] A session had already been started - ignoring session_start() C:\xampp\htdocs\eduadmin\Application\Home\Controller\IndexController.class.php 第 40 行.
SQL: SHOW COLUMNS FROM `info_user` [ RunTime:0.0113s ]
SQL: SELECT * FROM `info_user` WHERE `user_id` = 1 LIMIT 1   [ RunTime:0.0013s ]
NOTIC: [8] A session had already been started - ignoring session_start() C:\xampp\htdocs\eduadmin\Application\Home\Controller\IndexController.class.php 第 115 行.
SQL: SHOW COLUMNS FROM `info_selected` [ RunTime:0.0133s ]
SQL: SELECT * FROM `info_selected` WHERE `user_id` = 1 AND `course_id` = 13 LIMIT 1   [ RunTime:0.0013s ]
SQL: SHOW COLUMNS FROM `info_course` [ RunTime:0.0112s ]
SQL: SELECT * FROM `info_course` WHERE `course_id` = 13 LIMIT 1   [ RunTime:0.0014s ]
SQL: SHOW COLUMNS FROM `info_classtime` [ RunTime:0.0116s ]
SQL: SELECT * FROM `info_classtime` WHERE ( course_id=13 )  [ RunTime:0.0014s ]
SQL: SELECT * FROM `info_selected` WHERE `user_id` = 1  [ RunTime:0.0014s ]
SQL: SELECT * FROM `info_classtime` WHERE ( course_id=11 )  [ RunTime:0.0013s ]
NOTIC: [8] Undefined index: selectedMan C:\xampp\htdocs\eduadmin\Application\Home\Controller\IndexController.class.php 第 173 行.
SQL: INSERT INTO `info_selected` (`course_id`,`user_id`) VALUES ('13','1') [ RunTime:0.1300s ]
SQL: UPDATE `info_course` SET `selectedMan`=selectedMan+1 WHERE ( course_id=13 ) [ RunTime:0.0885s ]
INFO: [ view_parse ] --START--
INFO: [ template_filter ] --START--
INFO: Run Behavior\ContentReplaceBehavior [ RunTime:0.001117s ]
INFO: [ template_filter ] --END-- [ RunTime:0.004317s ]
INFO: Run Behavior\ParseTemplateBehavior [ RunTime:0.054832s ]
INFO: [ view_parse ] --END-- [ RunTime:0.057834s ]
INFO: [ view_filter ] --START--
INFO: Run Behavior\WriteHtmlCacheBehavior [ RunTime:0.002841s ]
INFO: [ view_filter ] --END-- [ RunTime:0.005365s ]
INFO: [ app_end ] --START--
INFO: Run Behavior\ShowPageTraceBehavior [ RunTime:0.003975s ]
INFO: [ app_end ] --END-- [ RunTime:0.006716s ]

[ 2016-09-01T15:31:44+08:00 ] ::1 /eduadmin/index.php/Home/Index/listCourse
INFO: [ app_init ] --START--
INFO: Run Behavior\BuildLiteBehavior [ RunTime:0.001109s ]
INFO: [ app_init ] --END-- [ RunTime:0.005667s ]
INFO: [ app_begin ] --START--
INFO: Run Behavior\ReadHtmlCacheBehavior [ RunTime:0.003717s ]
INFO: [ app_begin ] --END-- [ RunTime:0.006370s ]
NOTIC: [8] A session had already been started - ignoring session_start() C:\xampp\htdocs\eduadmin\Application\Home\Controller\IndexController.class.php 第 40 行.
SQL: SHOW COLUMNS FROM `info_user` [ RunTime:0.1039s ]
SQL: SELECT * FROM `info_user` WHERE `user_id` = 1 LIMIT 1   [ RunTime:0.0015s ]
SQL: SHOW COLUMNS FROM `info_course` [ RunTime:0.0132s ]
SQL: SELECT COUNT(*) AS tp_count FROM `info_course` LIMIT 1   [ RunTime:0.0012s ]
SQL: SELECT * FROM `info_course` INNER JOIN info_User on info_course.teacher = info_user.user_id   [ RunTime:0.0016s ]
INFO: [ view_parse ] --START--
INFO: [ template_filter ] --START--
INFO: Run Behavior\ContentReplaceBehavior [ RunTime:0.001160s ]
INFO: [ template_filter ] --END-- [ RunTime:0.003566s ]
NOTIC: [8] Undefined variable: username C:\xampp\htdocs\eduadmin\Application\Runtime\Cache\Home\2e2343a37a0a96ffec8cf628d376d3e2.php 第 25 行.
NOTIC: [8] Undefined variable: date C:\xampp\htdocs\eduadmin\Application\Runtime\Cache\Home\2e2343a37a0a96ffec8cf628d376d3e2.php 第 25 行.
INFO: Run Behavior\ParseTemplateBehavior [ RunTime:0.085828s ]
INFO: [ view_parse ] --END-- [ RunTime:0.088743s ]
INFO: [ view_filter ] --START--
INFO: Run Behavior\WriteHtmlCacheBehavior [ RunTime:0.002890s ]
INFO: [ view_filter ] --END-- [ RunTime:0.005552s ]
INFO: [ app_end ] --START--
INFO: Run Behavior\ShowPageTraceBehavior [ RunTime:0.004109s ]
INFO: [ app_end ] --END-- [ RunTime:0.006965s ]

[ 2016-09-01T15:34:47+08:00 ] ::1 /eduadmin/index.php/Home/Index/listCourse
INFO: [ app_init ] --START--
INFO: Run Behavior\BuildLiteBehavior [ RunTime:0.000487s ]
INFO: [ app_init ] --END-- [ RunTime:0.005205s ]
INFO: [ app_begin ] --START--
INFO: Run Behavior\ReadHtmlCacheBehavior [ RunTime:0.004257s ]
INFO: [ app_begin ] --END-- [ RunTime:0.007021s ]
NOTIC: [8] A session had already been started - ignoring session_start() C:\xampp\htdocs\eduadmin\Application\Home\Controller\IndexController.class.php 第 40 行.
SQL: SHOW COLUMNS FROM `info_user` [ RunTime:0.0254s ]
SQL: SELECT * FROM `info_user` WHERE `user_id` = 1 LIMIT 1   [ RunTime:0.0014s ]
SQL: SHOW COLUMNS FROM `info_course` [ RunTime:0.0192s ]
SQL: SELECT COUNT(*) AS tp_count FROM `info_course` LIMIT 1   [ RunTime:0.0014s ]
SQL: SELECT * FROM `info_course` INNER JOIN info_User on info_course.teacher = info_user.user_id   [ RunTime:0.0018s ]
INFO: [ view_parse ] --START--
INFO: [ template_filter ] --START--
INFO: Run Behavior\ContentReplaceBehavior [ RunTime:0.001166s ]
INFO: [ template_filter ] --END-- [ RunTime:0.003622s ]
NOTIC: [8] Undefined variable: username C:\xampp\htdocs\eduadmin\Application\Runtime\Cache\Home\2e2343a37a0a96ffec8cf628d376d3e2.php 第 25 行.
NOTIC: [8] Undefined variable: date C:\xampp\htdocs\eduadmin\Application\Runtime\Cache\Home\2e2343a37a0a96ffec8cf628d376d3e2.php 第 25 行.
INFO: Run Behavior\ParseTemplateBehavior [ RunTime:0.093059s ]
INFO: [ view_parse ] --END-- [ RunTime:0.096353s ]
INFO: [ view_filter ] --START--
INFO: Run Behavior\WriteHtmlCacheBehavior [ RunTime:0.003453s ]
INFO: [ view_filter ] --END-- [ RunTime:0.005841s ]
INFO: [ app_end ] --START--
INFO: Run Behavior\ShowPageTraceBehavior [ RunTime:0.003956s ]
INFO: [ app_end ] --END-- [ RunTime:0.006919s ]

